2020-01-20T09:38:20+00:00 CRITICAL Uncaught Error: Call to undefined function get_template_directory_rri() in /Applications/MAMP/htdocs/kerako/wp-content/themes/themeKerako/footer.php:50
Stack trace:
#0 /Applications/MAMP/htdocs/kerako/wp-includes/template.php(722): require_once()
#1 /Applications/MAMP/htdocs/kerako/wp-includes/template.php(671): load_template('/Applications/M...', true)
#2 /Applications/MAMP/htdocs/kerako/wp-includes/general-template.php(76): locate_template(Array, true)
#3 /Applications/MAMP/htdocs/kerako/wp-content/themes/themeKerako/index.php(152): get_footer()
#4 /Applications/MAMP/htdocs/kerako/wp-includes/template-loader.php(98): include('/Applications/M...')
#5 /Applications/MAMP/htdocs/kerako/wp-blog-header.php(19): require_once('/Applications/M...')
#6 /Applications/MAMP/htdocs/kerako/index.php(17): require('/Applications/M...')
#7 {main}
  thrown dans /Applications/MAMP/htdocs/kerako/wp-content/themes/themeKerako/footer.php à la ligne 50

2020-01-20T09:38:21+00:00 CRITICAL Uncaught Error: Call to undefined function get_template_directory_rri() in /Applications/MAMP/htdocs/kerako/wp-content/themes/themeKerako/footer.php:50
Stack trace:
#0 /Applications/MAMP/htdocs/kerako/wp-includes/template.php(722): require_once()
#1 /Applications/MAMP/htdocs/kerako/wp-includes/template.php(671): load_template('/Applications/M...', true)
#2 /Applications/MAMP/htdocs/kerako/wp-includes/general-template.php(76): locate_template(Array, true)
#3 /Applications/MAMP/htdocs/kerako/wp-content/themes/themeKerako/index.php(152): get_footer()
#4 /Applications/MAMP/htdocs/kerako/wp-includes/template-loader.php(98): include('/Applications/M...')
#5 /Applications/MAMP/htdocs/kerako/wp-blog-header.php(19): require_once('/Applications/M...')
#6 /Applications/MAMP/htdocs/kerako/index.php(17): require('/Applications/M...')
#7 {main}
  thrown dans /Applications/MAMP/htdocs/kerako/wp-content/themes/themeKerako/footer.php à la ligne 50

2020-01-20T09:38:41+00:00 CRITICAL Uncaught Error: Call to undefined function get_template_directory_rri() in /Applications/MAMP/htdocs/kerako/wp-content/themes/themeKerako/footer.php:50
Stack trace:
#0 /Applications/MAMP/htdocs/kerako/wp-includes/template.php(722): require_once()
#1 /Applications/MAMP/htdocs/kerako/wp-includes/template.php(671): load_template('/Applications/M...', true)
#2 /Applications/MAMP/htdocs/kerako/wp-includes/general-template.php(76): locate_template(Array, true)
#3 /Applications/MAMP/htdocs/kerako/wp-content/themes/themeKerako/page.php(31): get_footer()
#4 /Applications/MAMP/htdocs/kerako/wp-includes/template-loader.php(98): include('/Applications/M...')
#5 /Applications/MAMP/htdocs/kerako/wp-blog-header.php(19): require_once('/Applications/M...')
#6 /Applications/MAMP/htdocs/kerako/index.php(17): require('/Applications/M...')
#7 {main}
  thrown dans /Applications/MAMP/htdocs/kerako/wp-content/themes/themeKerako/footer.php à la ligne 50

2020-01-20T09:38:45+00:00 CRITICAL Uncaught Error: Call to undefined function get_template_directory_rri() in /Applications/MAMP/htdocs/kerako/wp-content/themes/themeKerako/footer.php:50
Stack trace:
#0 /Applications/MAMP/htdocs/kerako/wp-includes/template.php(722): require_once()
#1 /Applications/MAMP/htdocs/kerako/wp-includes/template.php(671): load_template('/Applications/M...', true)
#2 /Applications/MAMP/htdocs/kerako/wp-includes/general-template.php(76): locate_template(Array, true)
#3 /Applications/MAMP/htdocs/kerako/wp-content/themes/themeKerako/page.php(31): get_footer()
#4 /Applications/MAMP/htdocs/kerako/wp-includes/template-loader.php(98): include('/Applications/M...')
#5 /Applications/MAMP/htdocs/kerako/wp-blog-header.php(19): require_once('/Applications/M...')
#6 /Applications/MAMP/htdocs/kerako/index.php(17): require('/Applications/M...')
#7 {main}
  thrown dans /Applications/MAMP/htdocs/kerako/wp-content/themes/themeKerako/footer.php à la ligne 50

2020-01-20T09:38:50+00:00 CRITICAL Uncaught Error: Call to undefined function get_template_directory_rri() in /Applications/MAMP/htdocs/kerako/wp-content/themes/themeKerako/footer.php:50
Stack trace:
#0 /Applications/MAMP/htdocs/kerako/wp-includes/template.php(722): require_once()
#1 /Applications/MAMP/htdocs/kerako/wp-includes/template.php(671): load_template('/Applications/M...', true)
#2 /Applications/MAMP/htdocs/kerako/wp-includes/general-template.php(76): locate_template(Array, true)
#3 /Applications/MAMP/htdocs/kerako/wp-content/themes/themeKerako/page.php(31): get_footer()
#4 /Applications/MAMP/htdocs/kerako/wp-includes/template-loader.php(98): include('/Applications/M...')
#5 /Applications/MAMP/htdocs/kerako/wp-blog-header.php(19): require_once('/Applications/M...')
#6 /Applications/MAMP/htdocs/kerako/index.php(17): require('/Applications/M...')
#7 {main}
  thrown dans /Applications/MAMP/htdocs/kerako/wp-content/themes/themeKerako/footer.php à la ligne 50

2020-01-20T09:39:07+00:00 CRITICAL Uncaught Error: Call to undefined function get_template_directory_rri() in /Applications/MAMP/htdocs/kerako/wp-content/themes/themeKerako/footer.php:50
Stack trace:
#0 /Applications/MAMP/htdocs/kerako/wp-includes/template.php(722): require_once()
#1 /Applications/MAMP/htdocs/kerako/wp-includes/template.php(671): load_template('/Applications/M...', true)
#2 /Applications/MAMP/htdocs/kerako/wp-includes/general-template.php(76): locate_template(Array, true)
#3 /Applications/MAMP/htdocs/kerako/wp-content/themes/themeKerako/page.php(31): get_footer()
#4 /Applications/MAMP/htdocs/kerako/wp-includes/template-loader.php(98): include('/Applications/M...')
#5 /Applications/MAMP/htdocs/kerako/wp-blog-header.php(19): require_once('/Applications/M...')
#6 /Applications/MAMP/htdocs/kerako/index.php(17): require('/Applications/M...')
#7 {main}
  thrown dans /Applications/MAMP/htdocs/kerako/wp-content/themes/themeKerako/footer.php à la ligne 50

2020-01-20T09:40:39+00:00 CRITICAL Uncaught Error: Call to undefined function get_template_directory_rri() in /Applications/MAMP/htdocs/kerako/wp-content/themes/themeKerako/footer.php:50
Stack trace:
#0 /Applications/MAMP/htdocs/kerako/wp-includes/template.php(722): require_once()
#1 /Applications/MAMP/htdocs/kerako/wp-includes/template.php(671): load_template('/Applications/M...', true)
#2 /Applications/MAMP/htdocs/kerako/wp-includes/general-template.php(76): locate_template(Array, true)
#3 /Applications/MAMP/htdocs/kerako/wp-content/themes/themeKerako/page.php(31): get_footer()
#4 /Applications/MAMP/htdocs/kerako/wp-includes/template-loader.php(98): include('/Applications/M...')
#5 /Applications/MAMP/htdocs/kerako/wp-blog-header.php(19): require_once('/Applications/M...')
#6 /Applications/MAMP/htdocs/kerako/index.php(17): require('/Applications/M...')
#7 {main}
  thrown dans /Applications/MAMP/htdocs/kerako/wp-content/themes/themeKerako/footer.php à la ligne 50

2020-01-20T09:40:42+00:00 CRITICAL Uncaught Error: Call to undefined function get_template_directory_rri() in /Applications/MAMP/htdocs/kerako/wp-content/themes/themeKerako/footer.php:50
Stack trace:
#0 /Applications/MAMP/htdocs/kerako/wp-includes/template.php(722): require_once()
#1 /Applications/MAMP/htdocs/kerako/wp-includes/template.php(671): load_template('/Applications/M...', true)
#2 /Applications/MAMP/htdocs/kerako/wp-includes/general-template.php(76): locate_template(Array, true)
#3 /Applications/MAMP/htdocs/kerako/wp-content/themes/themeKerako/page.php(31): get_footer()
#4 /Applications/MAMP/htdocs/kerako/wp-includes/template-loader.php(98): include('/Applications/M...')
#5 /Applications/MAMP/htdocs/kerako/wp-blog-header.php(19): require_once('/Applications/M...')
#6 /Applications/MAMP/htdocs/kerako/index.php(17): require('/Applications/M...')
#7 {main}
  thrown dans /Applications/MAMP/htdocs/kerako/wp-content/themes/themeKerako/footer.php à la ligne 50

2020-01-20T09:40:54+00:00 CRITICAL Uncaught Error: Call to undefined function get_template_directory_rri() in /Applications/MAMP/htdocs/kerako/wp-content/themes/themeKerako/footer.php:50
Stack trace:
#0 /Applications/MAMP/htdocs/kerako/wp-includes/template.php(722): require_once()
#1 /Applications/MAMP/htdocs/kerako/wp-includes/template.php(671): load_template('/Applications/M...', true)
#2 /Applications/MAMP/htdocs/kerako/wp-includes/general-template.php(76): locate_template(Array, true)
#3 /Applications/MAMP/htdocs/kerako/wp-content/themes/themeKerako/page.php(31): get_footer()
#4 /Applications/MAMP/htdocs/kerako/wp-includes/template-loader.php(98): include('/Applications/M...')
#5 /Applications/MAMP/htdocs/kerako/wp-blog-header.php(19): require_once('/Applications/M...')
#6 /Applications/MAMP/htdocs/kerako/index.php(17): require('/Applications/M...')
#7 {main}
  thrown dans /Applications/MAMP/htdocs/kerako/wp-content/themes/themeKerako/footer.php à la ligne 50

2020-01-20T09:41:05+00:00 CRITICAL Uncaught Error: Call to undefined function get_template_directory_rri() in /Applications/MAMP/htdocs/kerako/wp-content/themes/themeKerako/footer.php:50
Stack trace:
#0 /Applications/MAMP/htdocs/kerako/wp-includes/template.php(722): require_once()
#1 /Applications/MAMP/htdocs/kerako/wp-includes/template.php(671): load_template('/Applications/M...', true)
#2 /Applications/MAMP/htdocs/kerako/wp-includes/general-template.php(76): locate_template(Array, true)
#3 /Applications/MAMP/htdocs/kerako/wp-content/themes/themeKerako/page.php(31): get_footer()
#4 /Applications/MAMP/htdocs/kerako/wp-includes/template-loader.php(98): include('/Applications/M...')
#5 /Applications/MAMP/htdocs/kerako/wp-blog-header.php(19): require_once('/Applications/M...')
#6 /Applications/MAMP/htdocs/kerako/index.php(17): require('/Applications/M...')
#7 {main}
  thrown dans /Applications/MAMP/htdocs/kerako/wp-content/themes/themeKerako/footer.php à la ligne 50

2020-01-20T09:41:08+00:00 CRITICAL Uncaught Error: Call to undefined function get_template_directory_rri() in /Applications/MAMP/htdocs/kerako/wp-content/themes/themeKerako/footer.php:50
Stack trace:
#0 /Applications/MAMP/htdocs/kerako/wp-includes/template.php(722): require_once()
#1 /Applications/MAMP/htdocs/kerako/wp-includes/template.php(671): load_template('/Applications/M...', true)
#2 /Applications/MAMP/htdocs/kerako/wp-includes/general-template.php(76): locate_template(Array, true)
#3 /Applications/MAMP/htdocs/kerako/wp-content/themes/themeKerako/page.php(31): get_footer()
#4 /Applications/MAMP/htdocs/kerako/wp-includes/template-loader.php(98): include('/Applications/M...')
#5 /Applications/MAMP/htdocs/kerako/wp-blog-header.php(19): require_once('/Applications/M...')
#6 /Applications/MAMP/htdocs/kerako/index.php(17): require('/Applications/M...')
#7 {main}
  thrown dans /Applications/MAMP/htdocs/kerako/wp-content/themes/themeKerako/footer.php à la ligne 50

2020-01-20T09:41:11+00:00 CRITICAL Uncaught Error: Call to undefined function get_template_directory_rri() in /Applications/MAMP/htdocs/kerako/wp-content/themes/themeKerako/footer.php:50
Stack trace:
#0 /Applications/MAMP/htdocs/kerako/wp-includes/template.php(722): require_once()
#1 /Applications/MAMP/htdocs/kerako/wp-includes/template.php(671): load_template('/Applications/M...', true)
#2 /Applications/MAMP/htdocs/kerako/wp-includes/general-template.php(76): locate_template(Array, true)
#3 /Applications/MAMP/htdocs/kerako/wp-content/themes/themeKerako/page.php(31): get_footer()
#4 /Applications/MAMP/htdocs/kerako/wp-includes/template-loader.php(98): include('/Applications/M...')
#5 /Applications/MAMP/htdocs/kerako/wp-blog-header.php(19): require_once('/Applications/M...')
#6 /Applications/MAMP/htdocs/kerako/index.php(17): require('/Applications/M...')
#7 {main}
  thrown dans /Applications/MAMP/htdocs/kerako/wp-content/themes/themeKerako/footer.php à la ligne 50

2020-01-20T09:43:49+00:00 CRITICAL Uncaught Error: Call to undefined function get_template_directory_rri() in /Applications/MAMP/htdocs/kerako/wp-content/themes/themeKerako/footer.php:50
Stack trace:
#0 /Applications/MAMP/htdocs/kerako/wp-includes/template.php(722): require_once()
#1 /Applications/MAMP/htdocs/kerako/wp-includes/template.php(671): load_template('/Applications/M...', true)
#2 /Applications/MAMP/htdocs/kerako/wp-includes/general-template.php(76): locate_template(Array, true)
#3 /Applications/MAMP/htdocs/kerako/wp-content/themes/themeKerako/page.php(31): get_footer()
#4 /Applications/MAMP/htdocs/kerako/wp-includes/template-loader.php(98): include('/Applications/M...')
#5 /Applications/MAMP/htdocs/kerako/wp-blog-header.php(19): require_once('/Applications/M...')
#6 /Applications/MAMP/htdocs/kerako/index.php(17): require('/Applications/M...')
#7 {main}
  thrown dans /Applications/MAMP/htdocs/kerako/wp-content/themes/themeKerako/footer.php à la ligne 50

2020-01-20T09:43:52+00:00 CRITICAL Uncaught Error: Call to undefined function get_template_directory_rri() in /Applications/MAMP/htdocs/kerako/wp-content/themes/themeKerako/footer.php:50
Stack trace:
#0 /Applications/MAMP/htdocs/kerako/wp-includes/template.php(722): require_once()
#1 /Applications/MAMP/htdocs/kerako/wp-includes/template.php(671): load_template('/Applications/M...', true)
#2 /Applications/MAMP/htdocs/kerako/wp-includes/general-template.php(76): locate_template(Array, true)
#3 /Applications/MAMP/htdocs/kerako/wp-content/themes/themeKerako/woocommerce.php(11): get_footer()
#4 /Applications/MAMP/htdocs/kerako/wp-includes/template-loader.php(98): include('/Applications/M...')
#5 /Applications/MAMP/htdocs/kerako/wp-blog-header.php(19): require_once('/Applications/M...')
#6 /Applications/MAMP/htdocs/kerako/index.php(17): require('/Applications/M...')
#7 {main}
  thrown dans /Applications/MAMP/htdocs/kerako/wp-content/themes/themeKerako/footer.php à la ligne 50

2020-01-20T09:43:55+00:00 CRITICAL Uncaught Error: Call to undefined function get_template_directory_rri() in /Applications/MAMP/htdocs/kerako/wp-content/themes/themeKerako/footer.php:50
Stack trace:
#0 /Applications/MAMP/htdocs/kerako/wp-includes/template.php(722): require_once()
#1 /Applications/MAMP/htdocs/kerako/wp-includes/template.php(671): load_template('/Applications/M...', true)
#2 /Applications/MAMP/htdocs/kerako/wp-includes/general-template.php(76): locate_template(Array, true)
#3 /Applications/MAMP/htdocs/kerako/wp-content/themes/themeKerako/woocommerce.php(11): get_footer()
#4 /Applications/MAMP/htdocs/kerako/wp-includes/template-loader.php(98): include('/Applications/M...')
#5 /Applications/MAMP/htdocs/kerako/wp-blog-header.php(19): require_once('/Applications/M...')
#6 /Applications/MAMP/htdocs/kerako/index.php(17): require('/Applications/M...')
#7 {main}
  thrown dans /Applications/MAMP/htdocs/kerako/wp-content/themes/themeKerako/footer.php à la ligne 50

2020-01-20T09:44:11+00:00 CRITICAL Uncaught Error: Call to undefined function get_template_directory_rri() in /Applications/MAMP/htdocs/kerako/wp-content/themes/themeKerako/footer.php:50
Stack trace:
#0 /Applications/MAMP/htdocs/kerako/wp-includes/template.php(722): require_once()
#1 /Applications/MAMP/htdocs/kerako/wp-includes/template.php(671): load_template('/Applications/M...', true)
#2 /Applications/MAMP/htdocs/kerako/wp-includes/general-template.php(76): locate_template(Array, true)
#3 /Applications/MAMP/htdocs/kerako/wp-content/themes/themeKerako/woocommerce.php(11): get_footer()
#4 /Applications/MAMP/htdocs/kerako/wp-includes/template-loader.php(98): include('/Applications/M...')
#5 /Applications/MAMP/htdocs/kerako/wp-blog-header.php(19): require_once('/Applications/M...')
#6 /Applications/MAMP/htdocs/kerako/index.php(17): require('/Applications/M...')
#7 {main}
  thrown dans /Applications/MAMP/htdocs/kerako/wp-content/themes/themeKerako/footer.php à la ligne 50

2020-01-20T09:44:17+00:00 CRITICAL Uncaught Error: Call to undefined function get_template_directory_rri() in /Applications/MAMP/htdocs/kerako/wp-content/themes/themeKerako/footer.php:50
Stack trace:
#0 /Applications/MAMP/htdocs/kerako/wp-includes/template.php(722): require_once()
#1 /Applications/MAMP/htdocs/kerako/wp-includes/template.php(671): load_template('/Applications/M...', true)
#2 /Applications/MAMP/htdocs/kerako/wp-includes/general-template.php(76): locate_template(Array, true)
#3 /Applications/MAMP/htdocs/kerako/wp-content/themes/themeKerako/page.php(31): get_footer()
#4 /Applications/MAMP/htdocs/kerako/wp-includes/template-loader.php(98): include('/Applications/M...')
#5 /Applications/MAMP/htdocs/kerako/wp-blog-header.php(19): require_once('/Applications/M...')
#6 /Applications/MAMP/htdocs/kerako/index.php(17): require('/Applications/M...')
#7 {main}
  thrown dans /Applications/MAMP/htdocs/kerako/wp-content/themes/themeKerako/footer.php à la ligne 50

2020-01-20T09:44:19+00:00 CRITICAL Uncaught Error: Call to undefined function get_template_directory_rri() in /Applications/MAMP/htdocs/kerako/wp-content/themes/themeKerako/footer.php:50
Stack trace:
#0 /Applications/MAMP/htdocs/kerako/wp-includes/template.php(722): require_once()
#1 /Applications/MAMP/htdocs/kerako/wp-includes/template.php(671): load_template('/Applications/M...', true)
#2 /Applications/MAMP/htdocs/kerako/wp-includes/general-template.php(76): locate_template(Array, true)
#3 /Applications/MAMP/htdocs/kerako/wp-content/themes/themeKerako/page.php(31): get_footer()
#4 /Applications/MAMP/htdocs/kerako/wp-includes/template-loader.php(98): include('/Applications/M...')
#5 /Applications/MAMP/htdocs/kerako/wp-blog-header.php(19): require_once('/Applications/M...')
#6 /Applications/MAMP/htdocs/kerako/index.php(17): require('/Applications/M...')
#7 {main}
  thrown dans /Applications/MAMP/htdocs/kerako/wp-content/themes/themeKerako/footer.php à la ligne 50

2020-01-20T09:44:30+00:00 CRITICAL Uncaught Error: Call to undefined function get_template_directory_rri() in /Applications/MAMP/htdocs/kerako/wp-content/themes/themeKerako/footer.php:50
Stack trace:
#0 /Applications/MAMP/htdocs/kerako/wp-includes/template.php(722): require_once()
#1 /Applications/MAMP/htdocs/kerako/wp-includes/template.php(671): load_template('/Applications/M...', true)
#2 /Applications/MAMP/htdocs/kerako/wp-includes/general-template.php(76): locate_template(Array, true)
#3 /Applications/MAMP/htdocs/kerako/wp-content/themes/themeKerako/page.php(31): get_footer()
#4 /Applications/MAMP/htdocs/kerako/wp-includes/template-loader.php(98): include('/Applications/M...')
#5 /Applications/MAMP/htdocs/kerako/wp-blog-header.php(19): require_once('/Applications/M...')
#6 /Applications/MAMP/htdocs/kerako/index.php(17): require('/Applications/M...')
#7 {main}
  thrown dans /Applications/MAMP/htdocs/kerako/wp-content/themes/themeKerako/footer.php à la ligne 50

2020-01-20T09:44:40+00:00 CRITICAL Uncaught Error: Call to undefined function get_template_directory_rri() in /Applications/MAMP/htdocs/kerako/wp-content/themes/themeKerako/footer.php:50
Stack trace:
#0 /Applications/MAMP/htdocs/kerako/wp-includes/template.php(722): require_once()
#1 /Applications/MAMP/htdocs/kerako/wp-includes/template.php(671): load_template('/Applications/M...', true)
#2 /Applications/MAMP/htdocs/kerako/wp-includes/general-template.php(76): locate_template(Array, true)
#3 /Applications/MAMP/htdocs/kerako/wp-content/themes/themeKerako/page.php(31): get_footer()
#4 /Applications/MAMP/htdocs/kerako/wp-includes/template-loader.php(98): include('/Applications/M...')
#5 /Applications/MAMP/htdocs/kerako/wp-blog-header.php(19): require_once('/Applications/M...')
#6 /Applications/MAMP/htdocs/kerako/index.php(17): require('/Applications/M...')
#7 {main}
  thrown dans /Applications/MAMP/htdocs/kerako/wp-content/themes/themeKerako/footer.php à la ligne 50

2020-01-20T09:44:45+00:00 CRITICAL Uncaught Error: Call to undefined function get_template_directory_rri() in /Applications/MAMP/htdocs/kerako/wp-content/themes/themeKerako/footer.php:50
Stack trace:
#0 /Applications/MAMP/htdocs/kerako/wp-includes/template.php(722): require_once()
#1 /Applications/MAMP/htdocs/kerako/wp-includes/template.php(671): load_template('/Applications/M...', true)
#2 /Applications/MAMP/htdocs/kerako/wp-includes/general-template.php(76): locate_template(Array, true)
#3 /Applications/MAMP/htdocs/kerako/wp-content/themes/themeKerako/woocommerce.php(11): get_footer()
#4 /Applications/MAMP/htdocs/kerako/wp-includes/template-loader.php(98): include('/Applications/M...')
#5 /Applications/MAMP/htdocs/kerako/wp-blog-header.php(19): require_once('/Applications/M...')
#6 /Applications/MAMP/htdocs/kerako/index.php(17): require('/Applications/M...')
#7 {main}
  thrown dans /Applications/MAMP/htdocs/kerako/wp-content/themes/themeKerako/footer.php à la ligne 50

2020-01-20T09:44:49+00:00 CRITICAL Uncaught Error: Call to undefined function get_template_directory_rri() in /Applications/MAMP/htdocs/kerako/wp-content/themes/themeKerako/footer.php:50
Stack trace:
#0 /Applications/MAMP/htdocs/kerako/wp-includes/template.php(722): require_once()
#1 /Applications/MAMP/htdocs/kerako/wp-includes/template.php(671): load_template('/Applications/M...', true)
#2 /Applications/MAMP/htdocs/kerako/wp-includes/general-template.php(76): locate_template(Array, true)
#3 /Applications/MAMP/htdocs/kerako/wp-content/themes/themeKerako/woocommerce.php(11): get_footer()
#4 /Applications/MAMP/htdocs/kerako/wp-includes/template-loader.php(98): include('/Applications/M...')
#5 /Applications/MAMP/htdocs/kerako/wp-blog-header.php(19): require_once('/Applications/M...')
#6 /Applications/MAMP/htdocs/kerako/index.php(17): require('/Applications/M...')
#7 {main}
  thrown dans /Applications/MAMP/htdocs/kerako/wp-content/themes/themeKerako/footer.php à la ligne 50

2020-01-20T09:45:25+00:00 CRITICAL Uncaught Error: Call to undefined function get_template_directory_rri() in /Applications/MAMP/htdocs/kerako/wp-content/themes/themeKerako/footer.php:50
Stack trace:
#0 /Applications/MAMP/htdocs/kerako/wp-includes/template.php(722): require_once()
#1 /Applications/MAMP/htdocs/kerako/wp-includes/template.php(671): load_template('/Applications/M...', true)
#2 /Applications/MAMP/htdocs/kerako/wp-includes/general-template.php(76): locate_template(Array, true)
#3 /Applications/MAMP/htdocs/kerako/wp-content/themes/themeKerako/page.php(31): get_footer()
#4 /Applications/MAMP/htdocs/kerako/wp-includes/template-loader.php(98): include('/Applications/M...')
#5 /Applications/MAMP/htdocs/kerako/wp-blog-header.php(19): require_once('/Applications/M...')
#6 /Applications/MAMP/htdocs/kerako/index.php(17): require('/Applications/M...')
#7 {main}
  thrown dans /Applications/MAMP/htdocs/kerako/wp-content/themes/themeKerako/footer.php à la ligne 50

2020-01-20T09:46:05+00:00 CRITICAL Uncaught Error: Call to undefined function get_template_directory_rri() in /Applications/MAMP/htdocs/kerako/wp-content/themes/themeKerako/footer.php:50
Stack trace:
#0 /Applications/MAMP/htdocs/kerako/wp-includes/template.php(722): require_once()
#1 /Applications/MAMP/htdocs/kerako/wp-includes/template.php(671): load_template('/Applications/M...', true)
#2 /Applications/MAMP/htdocs/kerako/wp-includes/general-template.php(76): locate_template(Array, true)
#3 /Applications/MAMP/htdocs/kerako/wp-content/themes/themeKerako/page.php(31): get_footer()
#4 /Applications/MAMP/htdocs/kerako/wp-includes/template-loader.php(98): include('/Applications/M...')
#5 /Applications/MAMP/htdocs/kerako/wp-blog-header.php(19): require_once('/Applications/M...')
#6 /Applications/MAMP/htdocs/kerako/index.php(17): require('/Applications/M...')
#7 {main}
  thrown dans /Applications/MAMP/htdocs/kerako/wp-content/themes/themeKerako/footer.php à la ligne 50

2020-01-20T09:46:47+00:00 CRITICAL Uncaught Error: Call to undefined function get_template_directory_rri() in /Applications/MAMP/htdocs/kerako/wp-content/themes/themeKerako/footer.php:50
Stack trace:
#0 /Applications/MAMP/htdocs/kerako/wp-includes/template.php(722): require_once()
#1 /Applications/MAMP/htdocs/kerako/wp-includes/template.php(671): load_template('/Applications/M...', true)
#2 /Applications/MAMP/htdocs/kerako/wp-includes/general-template.php(76): locate_template(Array, true)
#3 /Applications/MAMP/htdocs/kerako/wp-content/themes/themeKerako/page.php(31): get_footer()
#4 /Applications/MAMP/htdocs/kerako/wp-includes/template-loader.php(98): include('/Applications/M...')
#5 /Applications/MAMP/htdocs/kerako/wp-blog-header.php(19): require_once('/Applications/M...')
#6 /Applications/MAMP/htdocs/kerako/index.php(17): require('/Applications/M...')
#7 {main}
  thrown dans /Applications/MAMP/htdocs/kerako/wp-content/themes/themeKerako/footer.php à la ligne 50

2020-01-20T09:46:51+00:00 CRITICAL Uncaught Error: Call to undefined function get_template_directory_rri() in /Applications/MAMP/htdocs/kerako/wp-content/themes/themeKerako/footer.php:50
Stack trace:
#0 /Applications/MAMP/htdocs/kerako/wp-includes/template.php(722): require_once()
#1 /Applications/MAMP/htdocs/kerako/wp-includes/template.php(671): load_template('/Applications/M...', true)
#2 /Applications/MAMP/htdocs/kerako/wp-includes/general-template.php(76): locate_template(Array, true)
#3 /Applications/MAMP/htdocs/kerako/wp-content/themes/themeKerako/page.php(31): get_footer()
#4 /Applications/MAMP/htdocs/kerako/wp-includes/template-loader.php(98): include('/Applications/M...')
#5 /Applications/MAMP/htdocs/kerako/wp-blog-header.php(19): require_once('/Applications/M...')
#6 /Applications/MAMP/htdocs/kerako/index.php(17): require('/Applications/M...')
#7 {main}
  thrown dans /Applications/MAMP/htdocs/kerako/wp-content/themes/themeKerako/footer.php à la ligne 50

2020-01-20T09:47:07+00:00 CRITICAL Uncaught Error: Call to undefined function get_template_directory_rri() in /Applications/MAMP/htdocs/kerako/wp-content/themes/themeKerako/footer.php:50
Stack trace:
#0 /Applications/MAMP/htdocs/kerako/wp-includes/template.php(722): require_once()
#1 /Applications/MAMP/htdocs/kerako/wp-includes/template.php(671): load_template('/Applications/M...', true)
#2 /Applications/MAMP/htdocs/kerako/wp-includes/general-template.php(76): locate_template(Array, true)
#3 /Applications/MAMP/htdocs/kerako/wp-content/themes/themeKerako/page.php(31): get_footer()
#4 /Applications/MAMP/htdocs/kerako/wp-includes/template-loader.php(98): include('/Applications/M...')
#5 /Applications/MAMP/htdocs/kerako/wp-blog-header.php(19): require_once('/Applications/M...')
#6 /Applications/MAMP/htdocs/kerako/index.php(17): require('/Applications/M...')
#7 {main}
  thrown dans /Applications/MAMP/htdocs/kerako/wp-content/themes/themeKerako/footer.php à la ligne 50

2020-01-20T09:47:11+00:00 CRITICAL Uncaught Error: Call to undefined function get_template_directory_rri() in /Applications/MAMP/htdocs/kerako/wp-content/themes/themeKerako/footer.php:50
Stack trace:
#0 /Applications/MAMP/htdocs/kerako/wp-includes/template.php(722): require_once()
#1 /Applications/MAMP/htdocs/kerako/wp-includes/template.php(671): load_template('/Applications/M...', true)
#2 /Applications/MAMP/htdocs/kerako/wp-includes/general-template.php(76): locate_template(Array, true)
#3 /Applications/MAMP/htdocs/kerako/wp-content/themes/themeKerako/page.php(31): get_footer()
#4 /Applications/MAMP/htdocs/kerako/wp-includes/template-loader.php(98): include('/Applications/M...')
#5 /Applications/MAMP/htdocs/kerako/wp-blog-header.php(19): require_once('/Applications/M...')
#6 /Applications/MAMP/htdocs/kerako/index.php(17): require('/Applications/M...')
#7 {main}
  thrown dans /Applications/MAMP/htdocs/kerako/wp-content/themes/themeKerako/footer.php à la ligne 50

2020-01-20T09:47:38+00:00 CRITICAL Uncaught Error: Call to undefined function get_template_directory_rri() in /Applications/MAMP/htdocs/kerako/wp-content/themes/themeKerako/footer.php:50
Stack trace:
#0 /Applications/MAMP/htdocs/kerako/wp-includes/template.php(722): require_once()
#1 /Applications/MAMP/htdocs/kerako/wp-includes/template.php(671): load_template('/Applications/M...', true)
#2 /Applications/MAMP/htdocs/kerako/wp-includes/general-template.php(76): locate_template(Array, true)
#3 /Applications/MAMP/htdocs/kerako/wp-content/themes/themeKerako/page.php(31): get_footer()
#4 /Applications/MAMP/htdocs/kerako/wp-includes/template-loader.php(98): include('/Applications/M...')
#5 /Applications/MAMP/htdocs/kerako/wp-blog-header.php(19): require_once('/Applications/M...')
#6 /Applications/MAMP/htdocs/kerako/index.php(17): require('/Applications/M...')
#7 {main}
  thrown dans /Applications/MAMP/htdocs/kerako/wp-content/themes/themeKerako/footer.php à la ligne 50

2020-01-20T09:47:52+00:00 CRITICAL Uncaught Error: Call to undefined function get_template_directory_rri() in /Applications/MAMP/htdocs/kerako/wp-content/themes/themeKerako/footer.php:50
Stack trace:
#0 /Applications/MAMP/htdocs/kerako/wp-includes/template.php(722): require_once()
#1 /Applications/MAMP/htdocs/kerako/wp-includes/template.php(671): load_template('/Applications/M...', true)
#2 /Applications/MAMP/htdocs/kerako/wp-includes/general-template.php(76): locate_template(Array, true)
#3 /Applications/MAMP/htdocs/kerako/wp-content/themes/themeKerako/page.php(31): get_footer()
#4 /Applications/MAMP/htdocs/kerako/wp-includes/template-loader.php(98): include('/Applications/M...')
#5 /Applications/MAMP/htdocs/kerako/wp-blog-header.php(19): require_once('/Applications/M...')
#6 /Applications/MAMP/htdocs/kerako/index.php(17): require('/Applications/M...')
#7 {main}
  thrown dans /Applications/MAMP/htdocs/kerako/wp-content/themes/themeKerako/footer.php à la ligne 50

2020-01-20T09:47:58+00:00 CRITICAL Uncaught Error: Call to undefined function get_template_directory_rri() in /Applications/MAMP/htdocs/kerako/wp-content/themes/themeKerako/footer.php:50
Stack trace:
#0 /Applications/MAMP/htdocs/kerako/wp-includes/template.php(722): require_once()
#1 /Applications/MAMP/htdocs/kerako/wp-includes/template.php(671): load_template('/Applications/M...', true)
#2 /Applications/MAMP/htdocs/kerako/wp-includes/general-template.php(76): locate_template(Array, true)
#3 /Applications/MAMP/htdocs/kerako/wp-content/themes/themeKerako/page.php(31): get_footer()
#4 /Applications/MAMP/htdocs/kerako/wp-includes/template-loader.php(98): include('/Applications/M...')
#5 /Applications/MAMP/htdocs/kerako/wp-blog-header.php(19): require_once('/Applications/M...')
#6 /Applications/MAMP/htdocs/kerako/index.php(17): require('/Applications/M...')
#7 {main}
  thrown dans /Applications/MAMP/htdocs/kerako/wp-content/themes/themeKerako/footer.php à la ligne 50

2020-01-20T09:48:53+00:00 CRITICAL Uncaught Error: Call to undefined function get_template_directory_rri() in /Applications/MAMP/htdocs/kerako/wp-content/themes/themeKerako/footer.php:50
Stack trace:
#0 /Applications/MAMP/htdocs/kerako/wp-includes/template.php(722): require_once()
#1 /Applications/MAMP/htdocs/kerako/wp-includes/template.php(671): load_template('/Applications/M...', true)
#2 /Applications/MAMP/htdocs/kerako/wp-includes/general-template.php(76): locate_template(Array, true)
#3 /Applications/MAMP/htdocs/kerako/wp-content/themes/themeKerako/page.php(31): get_footer()
#4 /Applications/MAMP/htdocs/kerako/wp-includes/template-loader.php(98): include('/Applications/M...')
#5 /Applications/MAMP/htdocs/kerako/wp-blog-header.php(19): require_once('/Applications/M...')
#6 /Applications/MAMP/htdocs/kerako/index.php(17): require('/Applications/M...')
#7 {main}
  thrown dans /Applications/MAMP/htdocs/kerako/wp-content/themes/themeKerako/footer.php à la ligne 50

2020-01-20T09:49:31+00:00 CRITICAL Uncaught Error: Call to undefined function get_template_directory_rri() in /Applications/MAMP/htdocs/kerako/wp-content/themes/themeKerako/footer.php:50
Stack trace:
#0 /Applications/MAMP/htdocs/kerako/wp-includes/template.php(722): require_once()
#1 /Applications/MAMP/htdocs/kerako/wp-includes/template.php(671): load_template('/Applications/M...', true)
#2 /Applications/MAMP/htdocs/kerako/wp-includes/general-template.php(76): locate_template(Array, true)
#3 /Applications/MAMP/htdocs/kerako/wp-content/themes/themeKerako/page.php(31): get_footer()
#4 /Applications/MAMP/htdocs/kerako/wp-includes/template-loader.php(98): include('/Applications/M...')
#5 /Applications/MAMP/htdocs/kerako/wp-blog-header.php(19): require_once('/Applications/M...')
#6 /Applications/MAMP/htdocs/kerako/index.php(17): require('/Applications/M...')
#7 {main}
  thrown dans /Applications/MAMP/htdocs/kerako/wp-content/themes/themeKerako/footer.php à la ligne 50

2020-01-20T09:49:40+00:00 CRITICAL Uncaught Error: Call to undefined function get_template_directory_rri() in /Applications/MAMP/htdocs/kerako/wp-content/themes/themeKerako/footer.php:50
Stack trace:
#0 /Applications/MAMP/htdocs/kerako/wp-includes/template.php(722): require_once()
#1 /Applications/MAMP/htdocs/kerako/wp-includes/template.php(671): load_template('/Applications/M...', true)
#2 /Applications/MAMP/htdocs/kerako/wp-includes/general-template.php(76): locate_template(Array, true)
#3 /Applications/MAMP/htdocs/kerako/wp-content/themes/themeKerako/page-histoire.php(77): get_footer()
#4 /Applications/MAMP/htdocs/kerako/wp-includes/template-loader.php(98): include('/Applications/M...')
#5 /Applications/MAMP/htdocs/kerako/wp-blog-header.php(19): require_once('/Applications/M...')
#6 /Applications/MAMP/htdocs/kerako/index.php(17): require('/Applications/M...')
#7 {main}
  thrown dans /Applications/MAMP/htdocs/kerako/wp-content/themes/themeKerako/footer.php à la ligne 50

2020-01-20T09:49:44+00:00 CRITICAL Uncaught Error: Call to undefined function get_template_directory_rri() in /Applications/MAMP/htdocs/kerako/wp-content/themes/themeKerako/footer.php:50
Stack trace:
#0 /Applications/MAMP/htdocs/kerako/wp-includes/template.php(722): require_once()
#1 /Applications/MAMP/htdocs/kerako/wp-includes/template.php(671): load_template('/Applications/M...', true)
#2 /Applications/MAMP/htdocs/kerako/wp-includes/general-template.php(76): locate_template(Array, true)
#3 /Applications/MAMP/htdocs/kerako/wp-content/themes/themeKerako/page-contact.php(40): get_footer()
#4 /Applications/MAMP/htdocs/kerako/wp-includes/template-loader.php(98): include('/Applications/M...')
#5 /Applications/MAMP/htdocs/kerako/wp-blog-header.php(19): require_once('/Applications/M...')
#6 /Applications/MAMP/htdocs/kerako/index.php(17): require('/Applications/M...')
#7 {main}
  thrown dans /Applications/MAMP/htdocs/kerako/wp-content/themes/themeKerako/footer.php à la ligne 50

2020-01-20T11:04:55+00:00 CRITICAL Uncaught Error: Call to undefined function get_template_directory_rri() in /Applications/MAMP/htdocs/kerako/wp-content/themes/themeKerako/footer.php:50
Stack trace:
#0 /Applications/MAMP/htdocs/kerako/wp-includes/template.php(722): require_once()
#1 /Applications/MAMP/htdocs/kerako/wp-includes/template.php(671): load_template('/Applications/M...', true)
#2 /Applications/MAMP/htdocs/kerako/wp-includes/general-template.php(76): locate_template(Array, true)
#3 /Applications/MAMP/htdocs/kerako/wp-content/themes/themeKerako/index.php(152): get_footer()
#4 /Applications/MAMP/htdocs/kerako/wp-includes/template-loader.php(98): include('/Applications/M...')
#5 /Applications/MAMP/htdocs/kerako/wp-blog-header.php(19): require_once('/Applications/M...')
#6 /Applications/MAMP/htdocs/kerako/index.php(17): require('/Applications/M...')
#7 {main}
  thrown dans /Applications/MAMP/htdocs/kerako/wp-content/themes/themeKerako/footer.php à la ligne 50

2020-01-20T13:02:37+00:00 CRITICAL Uncaught Error: Call to undefined function get_template_directory_rri() in /Applications/MAMP/htdocs/kerako/wp-content/themes/themeKerako/footer.php:50
Stack trace:
#0 /Applications/MAMP/htdocs/kerako/wp-includes/template.php(722): require_once()
#1 /Applications/MAMP/htdocs/kerako/wp-includes/template.php(671): load_template('/Applications/M...', true)
#2 /Applications/MAMP/htdocs/kerako/wp-includes/general-template.php(76): locate_template(Array, true)
#3 /Applications/MAMP/htdocs/kerako/wp-content/themes/themeKerako/page-histoire.php(77): get_footer()
#4 /Applications/MAMP/htdocs/kerako/wp-includes/template-loader.php(98): include('/Applications/M...')
#5 /Applications/MAMP/htdocs/kerako/wp-blog-header.php(19): require_once('/Applications/M...')
#6 /Applications/MAMP/htdocs/kerako/index.php(17): require('/Applications/M...')
#7 {main}
  thrown dans /Applications/MAMP/htdocs/kerako/wp-content/themes/themeKerako/footer.php à la ligne 50

2020-01-20T13:02:51+00:00 CRITICAL Uncaught Error: Call to undefined function get_template_directory_rri() in /Applications/MAMP/htdocs/kerako/wp-content/themes/themeKerako/footer.php:50
Stack trace:
#0 /Applications/MAMP/htdocs/kerako/wp-includes/template.php(722): require_once()
#1 /Applications/MAMP/htdocs/kerako/wp-includes/template.php(671): load_template('/Applications/M...', true)
#2 /Applications/MAMP/htdocs/kerako/wp-includes/general-template.php(76): locate_template(Array, true)
#3 /Applications/MAMP/htdocs/kerako/wp-content/themes/themeKerako/page-contact.php(40): get_footer()
#4 /Applications/MAMP/htdocs/kerako/wp-includes/template-loader.php(98): include('/Applications/M...')
#5 /Applications/MAMP/htdocs/kerako/wp-blog-header.php(19): require_once('/Applications/M...')
#6 /Applications/MAMP/htdocs/kerako/index.php(17): require('/Applications/M...')
#7 {main}
  thrown dans /Applications/MAMP/htdocs/kerako/wp-content/themes/themeKerako/footer.php à la ligne 50

2020-01-20T13:03:05+00:00 CRITICAL Uncaught Error: Call to undefined function get_template_directory_rri() in /Applications/MAMP/htdocs/kerako/wp-content/themes/themeKerako/footer.php:50
Stack trace:
#0 /Applications/MAMP/htdocs/kerako/wp-includes/template.php(722): require_once()
#1 /Applications/MAMP/htdocs/kerako/wp-includes/template.php(671): load_template('/Applications/M...', true)
#2 /Applications/MAMP/htdocs/kerako/wp-includes/general-template.php(76): locate_template(Array, true)
#3 /Applications/MAMP/htdocs/kerako/wp-content/themes/themeKerako/index.php(152): get_footer()
#4 /Applications/MAMP/htdocs/kerako/wp-includes/template-loader.php(98): include('/Applications/M...')
#5 /Applications/MAMP/htdocs/kerako/wp-blog-header.php(19): require_once('/Applications/M...')
#6 /Applications/MAMP/htdocs/kerako/index.php(17): require('/Applications/M...')
#7 {main}
  thrown dans /Applications/MAMP/htdocs/kerako/wp-content/themes/themeKerako/footer.php à la ligne 50

2020-01-20T13:03:13+00:00 CRITICAL Uncaught Error: Call to undefined function get_template_directory_rri() in /Applications/MAMP/htdocs/kerako/wp-content/themes/themeKerako/footer.php:50
Stack trace:
#0 /Applications/MAMP/htdocs/kerako/wp-includes/template.php(722): require_once()
#1 /Applications/MAMP/htdocs/kerako/wp-includes/template.php(671): load_template('/Applications/M...', true)
#2 /Applications/MAMP/htdocs/kerako/wp-includes/general-template.php(76): locate_template(Array, true)
#3 /Applications/MAMP/htdocs/kerako/wp-content/themes/themeKerako/woocommerce.php(11): get_footer()
#4 /Applications/MAMP/htdocs/kerako/wp-includes/template-loader.php(98): include('/Applications/M...')
#5 /Applications/MAMP/htdocs/kerako/wp-blog-header.php(19): require_once('/Applications/M...')
#6 /Applications/MAMP/htdocs/kerako/index.php(17): require('/Applications/M...')
#7 {main}
  thrown dans /Applications/MAMP/htdocs/kerako/wp-content/themes/themeKerako/footer.php à la ligne 50

2020-01-20T13:03:20+00:00 CRITICAL Uncaught Error: Call to undefined function get_template_directory_rri() in /Applications/MAMP/htdocs/kerako/wp-content/themes/themeKerako/footer.php:50
Stack trace:
#0 /Applications/MAMP/htdocs/kerako/wp-includes/template.php(722): require_once()
#1 /Applications/MAMP/htdocs/kerako/wp-includes/template.php(671): load_template('/Applications/M...', true)
#2 /Applications/MAMP/htdocs/kerako/wp-includes/general-template.php(76): locate_template(Array, true)
#3 /Applications/MAMP/htdocs/kerako/wp-content/themes/themeKerako/index.php(152): get_footer()
#4 /Applications/MAMP/htdocs/kerako/wp-includes/template-loader.php(98): include('/Applications/M...')
#5 /Applications/MAMP/htdocs/kerako/wp-blog-header.php(19): require_once('/Applications/M...')
#6 /Applications/MAMP/htdocs/kerako/index.php(17): require('/Applications/M...')
#7 {main}
  thrown dans /Applications/MAMP/htdocs/kerako/wp-content/themes/themeKerako/footer.php à la ligne 50

2020-01-20T13:03:38+00:00 CRITICAL Uncaught Error: Call to undefined function get_template_directory_rri() in /Applications/MAMP/htdocs/kerako/wp-content/themes/themeKerako/footer.php:50
Stack trace:
#0 /Applications/MAMP/htdocs/kerako/wp-includes/template.php(722): require_once()
#1 /Applications/MAMP/htdocs/kerako/wp-includes/template.php(671): load_template('/Applications/M...', true)
#2 /Applications/MAMP/htdocs/kerako/wp-includes/general-template.php(76): locate_template(Array, true)
#3 /Applications/MAMP/htdocs/kerako/wp-content/themes/themeKerako/woocommerce.php(11): get_footer()
#4 /Applications/MAMP/htdocs/kerako/wp-includes/template-loader.php(98): include('/Applications/M...')
#5 /Applications/MAMP/htdocs/kerako/wp-blog-header.php(19): require_once('/Applications/M...')
#6 /Applications/MAMP/htdocs/kerako/index.php(17): require('/Applications/M...')
#7 {main}
  thrown dans /Applications/MAMP/htdocs/kerako/wp-content/themes/themeKerako/footer.php à la ligne 50

2020-01-20T13:03:51+00:00 CRITICAL Uncaught Error: Call to undefined function get_template_directory_rri() in /Applications/MAMP/htdocs/kerako/wp-content/themes/themeKerako/footer.php:50
Stack trace:
#0 /Applications/MAMP/htdocs/kerako/wp-includes/template.php(722): require_once()
#1 /Applications/MAMP/htdocs/kerako/wp-includes/template.php(671): load_template('/Applications/M...', true)
#2 /Applications/MAMP/htdocs/kerako/wp-includes/general-template.php(76): locate_template(Array, true)
#3 /Applications/MAMP/htdocs/kerako/wp-content/themes/themeKerako/woocommerce.php(11): get_footer()
#4 /Applications/MAMP/htdocs/kerako/wp-includes/template-loader.php(98): include('/Applications/M...')
#5 /Applications/MAMP/htdocs/kerako/wp-blog-header.php(19): require_once('/Applications/M...')
#6 /Applications/MAMP/htdocs/kerako/index.php(17): require('/Applications/M...')
#7 {main}
  thrown dans /Applications/MAMP/htdocs/kerako/wp-content/themes/themeKerako/footer.php à la ligne 50

2020-01-20T13:04:23+00:00 CRITICAL Uncaught Error: Call to undefined function get_template_directory_rri() in /Applications/MAMP/htdocs/kerako/wp-content/themes/themeKerako/footer.php:50
Stack trace:
#0 /Applications/MAMP/htdocs/kerako/wp-includes/template.php(722): require_once()
#1 /Applications/MAMP/htdocs/kerako/wp-includes/template.php(671): load_template('/Applications/M...', true)
#2 /Applications/MAMP/htdocs/kerako/wp-includes/general-template.php(76): locate_template(Array, true)
#3 /Applications/MAMP/htdocs/kerako/wp-content/themes/themeKerako/woocommerce.php(11): get_footer()
#4 /Applications/MAMP/htdocs/kerako/wp-includes/template-loader.php(98): include('/Applications/M...')
#5 /Applications/MAMP/htdocs/kerako/wp-blog-header.php(19): require_once('/Applications/M...')
#6 /Applications/MAMP/htdocs/kerako/index.php(17): require('/Applications/M...')
#7 {main}
  thrown dans /Applications/MAMP/htdocs/kerako/wp-content/themes/themeKerako/footer.php à la ligne 50

2020-01-20T13:04:27+00:00 CRITICAL Uncaught Error: Call to undefined function get_template_directory_rri() in /Applications/MAMP/htdocs/kerako/wp-content/themes/themeKerako/footer.php:50
Stack trace:
#0 /Applications/MAMP/htdocs/kerako/wp-includes/template.php(722): require_once()
#1 /Applications/MAMP/htdocs/kerako/wp-includes/template.php(671): load_template('/Applications/M...', true)
#2 /Applications/MAMP/htdocs/kerako/wp-includes/general-template.php(76): locate_template(Array, true)
#3 /Applications/MAMP/htdocs/kerako/wp-content/themes/themeKerako/page.php(31): get_footer()
#4 /Applications/MAMP/htdocs/kerako/wp-includes/template-loader.php(98): include('/Applications/M...')
#5 /Applications/MAMP/htdocs/kerako/wp-blog-header.php(19): require_once('/Applications/M...')
#6 /Applications/MAMP/htdocs/kerako/index.php(17): require('/Applications/M...')
#7 {main}
  thrown dans /Applications/MAMP/htdocs/kerako/wp-content/themes/themeKerako/footer.php à la ligne 50

2020-01-20T13:04:47+00:00 CRITICAL Uncaught Error: Call to undefined function get_template_directory_rri() in /Applications/MAMP/htdocs/kerako/wp-content/themes/themeKerako/footer.php:50
Stack trace:
#0 /Applications/MAMP/htdocs/kerako/wp-includes/template.php(722): require_once()
#1 /Applications/MAMP/htdocs/kerako/wp-includes/template.php(671): load_template('/Applications/M...', true)
#2 /Applications/MAMP/htdocs/kerako/wp-includes/general-template.php(76): locate_template(Array, true)
#3 /Applications/MAMP/htdocs/kerako/wp-content/themes/themeKerako/page.php(31): get_footer()
#4 /Applications/MAMP/htdocs/kerako/wp-includes/template-loader.php(98): include('/Applications/M...')
#5 /Applications/MAMP/htdocs/kerako/wp-blog-header.php(19): require_once('/Applications/M...')
#6 /Applications/MAMP/htdocs/kerako/index.php(17): require('/Applications/M...')
#7 {main}
  thrown dans /Applications/MAMP/htdocs/kerako/wp-content/themes/themeKerako/footer.php à la ligne 50

2020-01-20T13:05:14+00:00 CRITICAL Uncaught Error: Call to undefined function get_template_directory_rri() in /Applications/MAMP/htdocs/kerako/wp-content/themes/themeKerako/footer.php:50
Stack trace:
#0 /Applications/MAMP/htdocs/kerako/wp-includes/template.php(722): require_once()
#1 /Applications/MAMP/htdocs/kerako/wp-includes/template.php(671): load_template('/Applications/M...', true)
#2 /Applications/MAMP/htdocs/kerako/wp-includes/general-template.php(76): locate_template(Array, true)
#3 /Applications/MAMP/htdocs/kerako/wp-content/themes/themeKerako/page.php(31): get_footer()
#4 /Applications/MAMP/htdocs/kerako/wp-includes/template-loader.php(98): include('/Applications/M...')
#5 /Applications/MAMP/htdocs/kerako/wp-blog-header.php(19): require_once('/Applications/M...')
#6 /Applications/MAMP/htdocs/kerako/index.php(17): require('/Applications/M...')
#7 {main}
  thrown dans /Applications/MAMP/htdocs/kerako/wp-content/themes/themeKerako/footer.php à la ligne 50

2020-01-20T13:05:19+00:00 CRITICAL Uncaught Error: Call to undefined function get_template_directory_rri() in /Applications/MAMP/htdocs/kerako/wp-content/themes/themeKerako/footer.php:50
Stack trace:
#0 /Applications/MAMP/htdocs/kerako/wp-includes/template.php(722): require_once()
#1 /Applications/MAMP/htdocs/kerako/wp-includes/template.php(671): load_template('/Applications/M...', true)
#2 /Applications/MAMP/htdocs/kerako/wp-includes/general-template.php(76): locate_template(Array, true)
#3 /Applications/MAMP/htdocs/kerako/wp-content/themes/themeKerako/page.php(31): get_footer()
#4 /Applications/MAMP/htdocs/kerako/wp-includes/template-loader.php(98): include('/Applications/M...')
#5 /Applications/MAMP/htdocs/kerako/wp-blog-header.php(19): require_once('/Applications/M...')
#6 /Applications/MAMP/htdocs/kerako/index.php(17): require('/Applications/M...')
#7 {main}
  thrown dans /Applications/MAMP/htdocs/kerako/wp-content/themes/themeKerako/footer.php à la ligne 50

2020-01-20T13:05:22+00:00 CRITICAL Uncaught Error: Call to undefined function get_template_directory_rri() in /Applications/MAMP/htdocs/kerako/wp-content/themes/themeKerako/footer.php:50
Stack trace:
#0 /Applications/MAMP/htdocs/kerako/wp-includes/template.php(722): require_once()
#1 /Applications/MAMP/htdocs/kerako/wp-includes/template.php(671): load_template('/Applications/M...', true)
#2 /Applications/MAMP/htdocs/kerako/wp-includes/general-template.php(76): locate_template(Array, true)
#3 /Applications/MAMP/htdocs/kerako/wp-content/themes/themeKerako/page.php(31): get_footer()
#4 /Applications/MAMP/htdocs/kerako/wp-includes/template-loader.php(98): include('/Applications/M...')
#5 /Applications/MAMP/htdocs/kerako/wp-blog-header.php(19): require_once('/Applications/M...')
#6 /Applications/MAMP/htdocs/kerako/index.php(17): require('/Applications/M...')
#7 {main}
  thrown dans /Applications/MAMP/htdocs/kerako/wp-content/themes/themeKerako/footer.php à la ligne 50

2020-01-20T13:05:24+00:00 CRITICAL Uncaught Error: Call to undefined function get_template_directory_rri() in /Applications/MAMP/htdocs/kerako/wp-content/themes/themeKerako/footer.php:50
Stack trace:
#0 /Applications/MAMP/htdocs/kerako/wp-includes/template.php(722): require_once()
#1 /Applications/MAMP/htdocs/kerako/wp-includes/template.php(671): load_template('/Applications/M...', true)
#2 /Applications/MAMP/htdocs/kerako/wp-includes/general-template.php(76): locate_template(Array, true)
#3 /Applications/MAMP/htdocs/kerako/wp-content/themes/themeKerako/page.php(31): get_footer()
#4 /Applications/MAMP/htdocs/kerako/wp-includes/template-loader.php(98): include('/Applications/M...')
#5 /Applications/MAMP/htdocs/kerako/wp-blog-header.php(19): require_once('/Applications/M...')
#6 /Applications/MAMP/htdocs/kerako/index.php(17): require('/Applications/M...')
#7 {main}
  thrown dans /Applications/MAMP/htdocs/kerako/wp-content/themes/themeKerako/footer.php à la ligne 50

2020-01-20T13:06:08+00:00 CRITICAL Uncaught Error: Call to undefined function get_template_directory_rri() in /Applications/MAMP/htdocs/kerako/wp-content/themes/themeKerako/footer.php:50
Stack trace:
#0 /Applications/MAMP/htdocs/kerako/wp-includes/template.php(722): require_once()
#1 /Applications/MAMP/htdocs/kerako/wp-includes/template.php(671): load_template('/Applications/M...', true)
#2 /Applications/MAMP/htdocs/kerako/wp-includes/general-template.php(76): locate_template(Array, true)
#3 /Applications/MAMP/htdocs/kerako/wp-content/themes/themeKerako/page.php(31): get_footer()
#4 /Applications/MAMP/htdocs/kerako/wp-includes/template-loader.php(98): include('/Applications/M...')
#5 /Applications/MAMP/htdocs/kerako/wp-blog-header.php(19): require_once('/Applications/M...')
#6 /Applications/MAMP/htdocs/kerako/index.php(17): require('/Applications/M...')
#7 {main}
  thrown dans /Applications/MAMP/htdocs/kerako/wp-content/themes/themeKerako/footer.php à la ligne 50

2020-01-20T13:06:11+00:00 CRITICAL Uncaught Error: Call to undefined function get_template_directory_rri() in /Applications/MAMP/htdocs/kerako/wp-content/themes/themeKerako/footer.php:50
Stack trace:
#0 /Applications/MAMP/htdocs/kerako/wp-includes/template.php(722): require_once()
#1 /Applications/MAMP/htdocs/kerako/wp-includes/template.php(671): load_template('/Applications/M...', true)
#2 /Applications/MAMP/htdocs/kerako/wp-includes/general-template.php(76): locate_template(Array, true)
#3 /Applications/MAMP/htdocs/kerako/wp-content/themes/themeKerako/page.php(31): get_footer()
#4 /Applications/MAMP/htdocs/kerako/wp-includes/template-loader.php(98): include('/Applications/M...')
#5 /Applications/MAMP/htdocs/kerako/wp-blog-header.php(19): require_once('/Applications/M...')
#6 /Applications/MAMP/htdocs/kerako/index.php(17): require('/Applications/M...')
#7 {main}
  thrown dans /Applications/MAMP/htdocs/kerako/wp-content/themes/themeKerako/footer.php à la ligne 50

2020-01-20T13:06:15+00:00 CRITICAL Uncaught Error: Call to undefined function get_template_directory_rri() in /Applications/MAMP/htdocs/kerako/wp-content/themes/themeKerako/footer.php:50
Stack trace:
#0 /Applications/MAMP/htdocs/kerako/wp-includes/template.php(722): require_once()
#1 /Applications/MAMP/htdocs/kerako/wp-includes/template.php(671): load_template('/Applications/M...', true)
#2 /Applications/MAMP/htdocs/kerako/wp-includes/general-template.php(76): locate_template(Array, true)
#3 /Applications/MAMP/htdocs/kerako/wp-content/themes/themeKerako/page.php(31): get_footer()
#4 /Applications/MAMP/htdocs/kerako/wp-includes/template-loader.php(98): include('/Applications/M...')
#5 /Applications/MAMP/htdocs/kerako/wp-blog-header.php(19): require_once('/Applications/M...')
#6 /Applications/MAMP/htdocs/kerako/index.php(17): require('/Applications/M...')
#7 {main}
  thrown dans /Applications/MAMP/htdocs/kerako/wp-content/themes/themeKerako/footer.php à la ligne 50

2020-01-20T13:06:42+00:00 CRITICAL Uncaught Error: Call to undefined function get_template_directory_rri() in /Applications/MAMP/htdocs/kerako/wp-content/themes/themeKerako/footer.php:50
Stack trace:
#0 /Applications/MAMP/htdocs/kerako/wp-includes/template.php(722): require_once()
#1 /Applications/MAMP/htdocs/kerako/wp-includes/template.php(671): load_template('/Applications/M...', true)
#2 /Applications/MAMP/htdocs/kerako/wp-includes/general-template.php(76): locate_template(Array, true)
#3 /Applications/MAMP/htdocs/kerako/wp-content/themes/themeKerako/search.php(27): get_footer()
#4 /Applications/MAMP/htdocs/kerako/wp-includes/template-loader.php(98): include('/Applications/M...')
#5 /Applications/MAMP/htdocs/kerako/wp-blog-header.php(19): require_once('/Applications/M...')
#6 /Applications/MAMP/htdocs/kerako/index.php(17): require('/Applications/M...')
#7 {main}
  thrown dans /Applications/MAMP/htdocs/kerako/wp-content/themes/themeKerako/footer.php à la ligne 50

