2019-12-19T09:40:27+00:00 CRITICAL Uncaught Error: Call to undefined function get_template_directory_rri() in /Applications/MAMP/htdocs/kerako/wp-content/themes/themeKerako/footer.php:32
Stack trace:
#0 /Applications/MAMP/htdocs/kerako/wp-includes/template.php(722): require_once()
#1 /Applications/MAMP/htdocs/kerako/wp-includes/template.php(671): load_template('/Applications/M...', true)
#2 /Applications/MAMP/htdocs/kerako/wp-includes/general-template.php(76): locate_template(Array, true)
#3 /Applications/MAMP/htdocs/kerako/wp-content/themes/themeKerako/index.php(165): get_footer()
#4 /Applications/MAMP/htdocs/kerako/wp-includes/template-loader.php(98): include('/Applications/M...')
#5 /Applications/MAMP/htdocs/kerako/wp-blog-header.php(19): require_once('/Applications/M...')
#6 /Applications/MAMP/htdocs/kerako/index.php(17): require('/Applications/M...')
#7 {main}
  thrown in /Applications/MAMP/htdocs/kerako/wp-content/themes/themeKerako/footer.php on line 32

2019-12-19T09:40:29+00:00 CRITICAL Uncaught Error: Call to undefined function get_template_directory_rri() in /Applications/MAMP/htdocs/kerako/wp-content/themes/themeKerako/footer.php:32
Stack trace:
#0 /Applications/MAMP/htdocs/kerako/wp-includes/template.php(722): require_once()
#1 /Applications/MAMP/htdocs/kerako/wp-includes/template.php(671): load_template('/Applications/M...', true)
#2 /Applications/MAMP/htdocs/kerako/wp-includes/general-template.php(76): locate_template(Array, true)
#3 /Applications/MAMP/htdocs/kerako/wp-content/themes/themeKerako/index.php(165): get_footer()
#4 /Applications/MAMP/htdocs/kerako/wp-includes/template-loader.php(98): include('/Applications/M...')
#5 /Applications/MAMP/htdocs/kerako/wp-blog-header.php(19): require_once('/Applications/M...')
#6 /Applications/MAMP/htdocs/kerako/index.php(17): require('/Applications/M...')
#7 {main}
  thrown in /Applications/MAMP/htdocs/kerako/wp-content/themes/themeKerako/footer.php on line 32

2019-12-19T09:40:29+00:00 CRITICAL Uncaught Error: Call to undefined function get_template_directory_rri() in /Applications/MAMP/htdocs/kerako/wp-content/themes/themeKerako/footer.php:32
Stack trace:
#0 /Applications/MAMP/htdocs/kerako/wp-includes/template.php(722): require_once()
#1 /Applications/MAMP/htdocs/kerako/wp-includes/template.php(671): load_template('/Applications/M...', true)
#2 /Applications/MAMP/htdocs/kerako/wp-includes/general-template.php(76): locate_template(Array, true)
#3 /Applications/MAMP/htdocs/kerako/wp-content/themes/themeKerako/index.php(165): get_footer()
#4 /Applications/MAMP/htdocs/kerako/wp-includes/template-loader.php(98): include('/Applications/M...')
#5 /Applications/MAMP/htdocs/kerako/wp-blog-header.php(19): require_once('/Applications/M...')
#6 /Applications/MAMP/htdocs/kerako/index.php(17): require('/Applications/M...')
#7 {main}
  thrown in /Applications/MAMP/htdocs/kerako/wp-content/themes/themeKerako/footer.php on line 32

2019-12-19T09:40:33+00:00 CRITICAL Uncaught Error: Call to undefined function get_template_directory_rri() in /Applications/MAMP/htdocs/kerako/wp-content/themes/themeKerako/footer.php:32
Stack trace:
#0 /Applications/MAMP/htdocs/kerako/wp-includes/template.php(722): require_once()
#1 /Applications/MAMP/htdocs/kerako/wp-includes/template.php(671): load_template('/Applications/M...', true)
#2 /Applications/MAMP/htdocs/kerako/wp-includes/general-template.php(76): locate_template(Array, true)
#3 /Applications/MAMP/htdocs/kerako/wp-content/themes/themeKerako/index.php(165): get_footer()
#4 /Applications/MAMP/htdocs/kerako/wp-includes/template-loader.php(98): include('/Applications/M...')
#5 /Applications/MAMP/htdocs/kerako/wp-blog-header.php(19): require_once('/Applications/M...')
#6 /Applications/MAMP/htdocs/kerako/index.php(17): require('/Applications/M...')
#7 {main}
  thrown in /Applications/MAMP/htdocs/kerako/wp-content/themes/themeKerako/footer.php on line 32

2019-12-19T09:40:34+00:00 CRITICAL Uncaught Error: Call to undefined function get_template_directory_rri() in /Applications/MAMP/htdocs/kerako/wp-content/themes/themeKerako/footer.php:32
Stack trace:
#0 /Applications/MAMP/htdocs/kerako/wp-includes/template.php(722): require_once()
#1 /Applications/MAMP/htdocs/kerako/wp-includes/template.php(671): load_template('/Applications/M...', true)
#2 /Applications/MAMP/htdocs/kerako/wp-includes/general-template.php(76): locate_template(Array, true)
#3 /Applications/MAMP/htdocs/kerako/wp-content/themes/themeKerako/index.php(165): get_footer()
#4 /Applications/MAMP/htdocs/kerako/wp-includes/template-loader.php(98): include('/Applications/M...')
#5 /Applications/MAMP/htdocs/kerako/wp-blog-header.php(19): require_once('/Applications/M...')
#6 /Applications/MAMP/htdocs/kerako/index.php(17): require('/Applications/M...')
#7 {main}
  thrown in /Applications/MAMP/htdocs/kerako/wp-content/themes/themeKerako/footer.php on line 32

2019-12-19T09:40:34+00:00 CRITICAL Uncaught Error: Call to undefined function get_template_directory_rri() in /Applications/MAMP/htdocs/kerako/wp-content/themes/themeKerako/footer.php:32
Stack trace:
#0 /Applications/MAMP/htdocs/kerako/wp-includes/template.php(722): require_once()
#1 /Applications/MAMP/htdocs/kerako/wp-includes/template.php(671): load_template('/Applications/M...', true)
#2 /Applications/MAMP/htdocs/kerako/wp-includes/general-template.php(76): locate_template(Array, true)
#3 /Applications/MAMP/htdocs/kerako/wp-content/themes/themeKerako/index.php(165): get_footer()
#4 /Applications/MAMP/htdocs/kerako/wp-includes/template-loader.php(98): include('/Applications/M...')
#5 /Applications/MAMP/htdocs/kerako/wp-blog-header.php(19): require_once('/Applications/M...')
#6 /Applications/MAMP/htdocs/kerako/index.php(17): require('/Applications/M...')
#7 {main}
  thrown in /Applications/MAMP/htdocs/kerako/wp-content/themes/themeKerako/footer.php on line 32

2019-12-19T09:40:38+00:00 CRITICAL Uncaught Error: Call to undefined function get_template_directory_rri() in /Applications/MAMP/htdocs/kerako/wp-content/themes/themeKerako/footer.php:32
Stack trace:
#0 /Applications/MAMP/htdocs/kerako/wp-includes/template.php(722): require_once()
#1 /Applications/MAMP/htdocs/kerako/wp-includes/template.php(671): load_template('/Applications/M...', true)
#2 /Applications/MAMP/htdocs/kerako/wp-includes/general-template.php(76): locate_template(Array, true)
#3 /Applications/MAMP/htdocs/kerako/wp-content/themes/themeKerako/index.php(165): get_footer()
#4 /Applications/MAMP/htdocs/kerako/wp-includes/template-loader.php(98): include('/Applications/M...')
#5 /Applications/MAMP/htdocs/kerako/wp-blog-header.php(19): require_once('/Applications/M...')
#6 /Applications/MAMP/htdocs/kerako/index.php(17): require('/Applications/M...')
#7 {main}
  thrown in /Applications/MAMP/htdocs/kerako/wp-content/themes/themeKerako/footer.php on line 32

2019-12-19T09:40:39+00:00 CRITICAL Uncaught Error: Call to undefined function get_template_directory_rri() in /Applications/MAMP/htdocs/kerako/wp-content/themes/themeKerako/footer.php:32
Stack trace:
#0 /Applications/MAMP/htdocs/kerako/wp-includes/template.php(722): require_once()
#1 /Applications/MAMP/htdocs/kerako/wp-includes/template.php(671): load_template('/Applications/M...', true)
#2 /Applications/MAMP/htdocs/kerako/wp-includes/general-template.php(76): locate_template(Array, true)
#3 /Applications/MAMP/htdocs/kerako/wp-content/themes/themeKerako/index.php(165): get_footer()
#4 /Applications/MAMP/htdocs/kerako/wp-includes/template-loader.php(98): include('/Applications/M...')
#5 /Applications/MAMP/htdocs/kerako/wp-blog-header.php(19): require_once('/Applications/M...')
#6 /Applications/MAMP/htdocs/kerako/index.php(17): require('/Applications/M...')
#7 {main}
  thrown in /Applications/MAMP/htdocs/kerako/wp-content/themes/themeKerako/footer.php on line 32

2019-12-19T09:40:39+00:00 CRITICAL Uncaught Error: Call to undefined function get_template_directory_rri() in /Applications/MAMP/htdocs/kerako/wp-content/themes/themeKerako/footer.php:32
Stack trace:
#0 /Applications/MAMP/htdocs/kerako/wp-includes/template.php(722): require_once()
#1 /Applications/MAMP/htdocs/kerako/wp-includes/template.php(671): load_template('/Applications/M...', true)
#2 /Applications/MAMP/htdocs/kerako/wp-includes/general-template.php(76): locate_template(Array, true)
#3 /Applications/MAMP/htdocs/kerako/wp-content/themes/themeKerako/index.php(165): get_footer()
#4 /Applications/MAMP/htdocs/kerako/wp-includes/template-loader.php(98): include('/Applications/M...')
#5 /Applications/MAMP/htdocs/kerako/wp-blog-header.php(19): require_once('/Applications/M...')
#6 /Applications/MAMP/htdocs/kerako/index.php(17): require('/Applications/M...')
#7 {main}
  thrown in /Applications/MAMP/htdocs/kerako/wp-content/themes/themeKerako/footer.php on line 32

2019-12-19T09:40:44+00:00 CRITICAL Uncaught Error: Call to undefined function get_template_directory_rri() in /Applications/MAMP/htdocs/kerako/wp-content/themes/themeKerako/footer.php:32
Stack trace:
#0 /Applications/MAMP/htdocs/kerako/wp-includes/template.php(722): require_once()
#1 /Applications/MAMP/htdocs/kerako/wp-includes/template.php(671): load_template('/Applications/M...', true)
#2 /Applications/MAMP/htdocs/kerako/wp-includes/general-template.php(76): locate_template(Array, true)
#3 /Applications/MAMP/htdocs/kerako/wp-content/themes/themeKerako/index.php(165): get_footer()
#4 /Applications/MAMP/htdocs/kerako/wp-includes/template-loader.php(98): include('/Applications/M...')
#5 /Applications/MAMP/htdocs/kerako/wp-blog-header.php(19): require_once('/Applications/M...')
#6 /Applications/MAMP/htdocs/kerako/index.php(17): require('/Applications/M...')
#7 {main}
  thrown in /Applications/MAMP/htdocs/kerako/wp-content/themes/themeKerako/footer.php on line 32

2019-12-19T09:40:45+00:00 CRITICAL Uncaught Error: Call to undefined function get_template_directory_rri() in /Applications/MAMP/htdocs/kerako/wp-content/themes/themeKerako/footer.php:32
Stack trace:
#0 /Applications/MAMP/htdocs/kerako/wp-includes/template.php(722): require_once()
#1 /Applications/MAMP/htdocs/kerako/wp-includes/template.php(671): load_template('/Applications/M...', true)
#2 /Applications/MAMP/htdocs/kerako/wp-includes/general-template.php(76): locate_template(Array, true)
#3 /Applications/MAMP/htdocs/kerako/wp-content/themes/themeKerako/index.php(165): get_footer()
#4 /Applications/MAMP/htdocs/kerako/wp-includes/template-loader.php(98): include('/Applications/M...')
#5 /Applications/MAMP/htdocs/kerako/wp-blog-header.php(19): require_once('/Applications/M...')
#6 /Applications/MAMP/htdocs/kerako/index.php(17): require('/Applications/M...')
#7 {main}
  thrown in /Applications/MAMP/htdocs/kerako/wp-content/themes/themeKerako/footer.php on line 32

2019-12-19T09:40:45+00:00 CRITICAL Uncaught Error: Call to undefined function get_template_directory_rri() in /Applications/MAMP/htdocs/kerako/wp-content/themes/themeKerako/footer.php:32
Stack trace:
#0 /Applications/MAMP/htdocs/kerako/wp-includes/template.php(722): require_once()
#1 /Applications/MAMP/htdocs/kerako/wp-includes/template.php(671): load_template('/Applications/M...', true)
#2 /Applications/MAMP/htdocs/kerako/wp-includes/general-template.php(76): locate_template(Array, true)
#3 /Applications/MAMP/htdocs/kerako/wp-content/themes/themeKerako/index.php(165): get_footer()
#4 /Applications/MAMP/htdocs/kerako/wp-includes/template-loader.php(98): include('/Applications/M...')
#5 /Applications/MAMP/htdocs/kerako/wp-blog-header.php(19): require_once('/Applications/M...')
#6 /Applications/MAMP/htdocs/kerako/index.php(17): require('/Applications/M...')
#7 {main}
  thrown in /Applications/MAMP/htdocs/kerako/wp-content/themes/themeKerako/footer.php on line 32

2019-12-19T09:43:08+00:00 CRITICAL Uncaught Error: Call to undefined function get_template_directory_rri() in /Applications/MAMP/htdocs/kerako/wp-content/themes/themeKerako/footer.php:32
Stack trace:
#0 /Applications/MAMP/htdocs/kerako/wp-includes/template.php(722): require_once()
#1 /Applications/MAMP/htdocs/kerako/wp-includes/template.php(671): load_template('/Applications/M...', true)
#2 /Applications/MAMP/htdocs/kerako/wp-includes/general-template.php(76): locate_template(Array, true)
#3 /Applications/MAMP/htdocs/kerako/wp-content/themes/themeKerako/index.php(165): get_footer()
#4 /Applications/MAMP/htdocs/kerako/wp-includes/template-loader.php(98): include('/Applications/M...')
#5 /Applications/MAMP/htdocs/kerako/wp-blog-header.php(19): require_once('/Applications/M...')
#6 /Applications/MAMP/htdocs/kerako/index.php(17): require('/Applications/M...')
#7 {main}
  thrown in /Applications/MAMP/htdocs/kerako/wp-content/themes/themeKerako/footer.php on line 32

2019-12-19T09:43:09+00:00 CRITICAL Uncaught Error: Call to undefined function get_template_directory_rri() in /Applications/MAMP/htdocs/kerako/wp-content/themes/themeKerako/footer.php:32
Stack trace:
#0 /Applications/MAMP/htdocs/kerako/wp-includes/template.php(722): require_once()
#1 /Applications/MAMP/htdocs/kerako/wp-includes/template.php(671): load_template('/Applications/M...', true)
#2 /Applications/MAMP/htdocs/kerako/wp-includes/general-template.php(76): locate_template(Array, true)
#3 /Applications/MAMP/htdocs/kerako/wp-content/themes/themeKerako/index.php(165): get_footer()
#4 /Applications/MAMP/htdocs/kerako/wp-includes/template-loader.php(98): include('/Applications/M...')
#5 /Applications/MAMP/htdocs/kerako/wp-blog-header.php(19): require_once('/Applications/M...')
#6 /Applications/MAMP/htdocs/kerako/index.php(17): require('/Applications/M...')
#7 {main}
  thrown in /Applications/MAMP/htdocs/kerako/wp-content/themes/themeKerako/footer.php on line 32

2019-12-19T09:43:09+00:00 CRITICAL Uncaught Error: Call to undefined function get_template_directory_rri() in /Applications/MAMP/htdocs/kerako/wp-content/themes/themeKerako/footer.php:32
Stack trace:
#0 /Applications/MAMP/htdocs/kerako/wp-includes/template.php(722): require_once()
#1 /Applications/MAMP/htdocs/kerako/wp-includes/template.php(671): load_template('/Applications/M...', true)
#2 /Applications/MAMP/htdocs/kerako/wp-includes/general-template.php(76): locate_template(Array, true)
#3 /Applications/MAMP/htdocs/kerako/wp-content/themes/themeKerako/index.php(165): get_footer()
#4 /Applications/MAMP/htdocs/kerako/wp-includes/template-loader.php(98): include('/Applications/M...')
#5 /Applications/MAMP/htdocs/kerako/wp-blog-header.php(19): require_once('/Applications/M...')
#6 /Applications/MAMP/htdocs/kerako/index.php(17): require('/Applications/M...')
#7 {main}
  thrown in /Applications/MAMP/htdocs/kerako/wp-content/themes/themeKerako/footer.php on line 32

2019-12-19T09:43:25+00:00 CRITICAL Uncaught Error: Call to undefined function get_template_directory_rri() in /Applications/MAMP/htdocs/kerako/wp-content/themes/themeKerako/footer.php:32
Stack trace:
#0 /Applications/MAMP/htdocs/kerako/wp-includes/template.php(722): require_once()
#1 /Applications/MAMP/htdocs/kerako/wp-includes/template.php(671): load_template('/Applications/M...', true)
#2 /Applications/MAMP/htdocs/kerako/wp-includes/general-template.php(76): locate_template(Array, true)
#3 /Applications/MAMP/htdocs/kerako/wp-content/themes/themeKerako/index.php(165): get_footer()
#4 /Applications/MAMP/htdocs/kerako/wp-includes/template-loader.php(98): include('/Applications/M...')
#5 /Applications/MAMP/htdocs/kerako/wp-blog-header.php(19): require_once('/Applications/M...')
#6 /Applications/MAMP/htdocs/kerako/index.php(17): require('/Applications/M...')
#7 {main}
  thrown in /Applications/MAMP/htdocs/kerako/wp-content/themes/themeKerako/footer.php on line 32

2019-12-19T09:43:26+00:00 CRITICAL Uncaught Error: Call to undefined function get_template_directory_rri() in /Applications/MAMP/htdocs/kerako/wp-content/themes/themeKerako/footer.php:32
Stack trace:
#0 /Applications/MAMP/htdocs/kerako/wp-includes/template.php(722): require_once()
#1 /Applications/MAMP/htdocs/kerako/wp-includes/template.php(671): load_template('/Applications/M...', true)
#2 /Applications/MAMP/htdocs/kerako/wp-includes/general-template.php(76): locate_template(Array, true)
#3 /Applications/MAMP/htdocs/kerako/wp-content/themes/themeKerako/index.php(165): get_footer()
#4 /Applications/MAMP/htdocs/kerako/wp-includes/template-loader.php(98): include('/Applications/M...')
#5 /Applications/MAMP/htdocs/kerako/wp-blog-header.php(19): require_once('/Applications/M...')
#6 /Applications/MAMP/htdocs/kerako/index.php(17): require('/Applications/M...')
#7 {main}
  thrown in /Applications/MAMP/htdocs/kerako/wp-content/themes/themeKerako/footer.php on line 32

2019-12-19T09:43:26+00:00 CRITICAL Uncaught Error: Call to undefined function get_template_directory_rri() in /Applications/MAMP/htdocs/kerako/wp-content/themes/themeKerako/footer.php:32
Stack trace:
#0 /Applications/MAMP/htdocs/kerako/wp-includes/template.php(722): require_once()
#1 /Applications/MAMP/htdocs/kerako/wp-includes/template.php(671): load_template('/Applications/M...', true)
#2 /Applications/MAMP/htdocs/kerako/wp-includes/general-template.php(76): locate_template(Array, true)
#3 /Applications/MAMP/htdocs/kerako/wp-content/themes/themeKerako/index.php(165): get_footer()
#4 /Applications/MAMP/htdocs/kerako/wp-includes/template-loader.php(98): include('/Applications/M...')
#5 /Applications/MAMP/htdocs/kerako/wp-blog-header.php(19): require_once('/Applications/M...')
#6 /Applications/MAMP/htdocs/kerako/index.php(17): require('/Applications/M...')
#7 {main}
  thrown in /Applications/MAMP/htdocs/kerako/wp-content/themes/themeKerako/footer.php on line 32

2019-12-19T09:43:27+00:00 CRITICAL Uncaught Error: Call to undefined function get_template_directory_rri() in /Applications/MAMP/htdocs/kerako/wp-content/themes/themeKerako/footer.php:32
Stack trace:
#0 /Applications/MAMP/htdocs/kerako/wp-includes/template.php(722): require_once()
#1 /Applications/MAMP/htdocs/kerako/wp-includes/template.php(671): load_template('/Applications/M...', true)
#2 /Applications/MAMP/htdocs/kerako/wp-includes/general-template.php(76): locate_template(Array, true)
#3 /Applications/MAMP/htdocs/kerako/wp-content/themes/themeKerako/index.php(165): get_footer()
#4 /Applications/MAMP/htdocs/kerako/wp-includes/template-loader.php(98): include('/Applications/M...')
#5 /Applications/MAMP/htdocs/kerako/wp-blog-header.php(19): require_once('/Applications/M...')
#6 /Applications/MAMP/htdocs/kerako/index.php(17): require('/Applications/M...')
#7 {main}
  thrown in /Applications/MAMP/htdocs/kerako/wp-content/themes/themeKerako/footer.php on line 32

2019-12-19T09:43:40+00:00 CRITICAL Uncaught Error: Call to undefined function get_template_directory_rri() in /Applications/MAMP/htdocs/kerako/wp-content/themes/themeKerako/footer.php:32
Stack trace:
#0 /Applications/MAMP/htdocs/kerako/wp-includes/template.php(722): require_once()
#1 /Applications/MAMP/htdocs/kerako/wp-includes/template.php(671): load_template('/Applications/M...', true)
#2 /Applications/MAMP/htdocs/kerako/wp-includes/general-template.php(76): locate_template(Array, true)
#3 /Applications/MAMP/htdocs/kerako/wp-content/themes/themeKerako/index.php(165): get_footer()
#4 /Applications/MAMP/htdocs/kerako/wp-includes/template-loader.php(98): include('/Applications/M...')
#5 /Applications/MAMP/htdocs/kerako/wp-blog-header.php(19): require_once('/Applications/M...')
#6 /Applications/MAMP/htdocs/kerako/index.php(17): require('/Applications/M...')
#7 {main}
  thrown in /Applications/MAMP/htdocs/kerako/wp-content/themes/themeKerako/footer.php on line 32

2019-12-19T09:43:42+00:00 CRITICAL Uncaught Error: Call to undefined function get_template_directory_rri() in /Applications/MAMP/htdocs/kerako/wp-content/themes/themeKerako/footer.php:32
Stack trace:
#0 /Applications/MAMP/htdocs/kerako/wp-includes/template.php(722): require_once()
#1 /Applications/MAMP/htdocs/kerako/wp-includes/template.php(671): load_template('/Applications/M...', true)
#2 /Applications/MAMP/htdocs/kerako/wp-includes/general-template.php(76): locate_template(Array, true)
#3 /Applications/MAMP/htdocs/kerako/wp-content/themes/themeKerako/index.php(165): get_footer()
#4 /Applications/MAMP/htdocs/kerako/wp-includes/template-loader.php(98): include('/Applications/M...')
#5 /Applications/MAMP/htdocs/kerako/wp-blog-header.php(19): require_once('/Applications/M...')
#6 /Applications/MAMP/htdocs/kerako/index.php(17): require('/Applications/M...')
#7 {main}
  thrown in /Applications/MAMP/htdocs/kerako/wp-content/themes/themeKerako/footer.php on line 32

2019-12-19T09:43:42+00:00 CRITICAL Uncaught Error: Call to undefined function get_template_directory_rri() in /Applications/MAMP/htdocs/kerako/wp-content/themes/themeKerako/footer.php:32
Stack trace:
#0 /Applications/MAMP/htdocs/kerako/wp-includes/template.php(722): require_once()
#1 /Applications/MAMP/htdocs/kerako/wp-includes/template.php(671): load_template('/Applications/M...', true)
#2 /Applications/MAMP/htdocs/kerako/wp-includes/general-template.php(76): locate_template(Array, true)
#3 /Applications/MAMP/htdocs/kerako/wp-content/themes/themeKerako/index.php(165): get_footer()
#4 /Applications/MAMP/htdocs/kerako/wp-includes/template-loader.php(98): include('/Applications/M...')
#5 /Applications/MAMP/htdocs/kerako/wp-blog-header.php(19): require_once('/Applications/M...')
#6 /Applications/MAMP/htdocs/kerako/index.php(17): require('/Applications/M...')
#7 {main}
  thrown in /Applications/MAMP/htdocs/kerako/wp-content/themes/themeKerako/footer.php on line 32

2019-12-19T09:51:17+00:00 CRITICAL Uncaught Error: Call to undefined function get_template_directory_rri() in /Applications/MAMP/htdocs/kerako/wp-content/themes/themeKerako/footer.php:32
Stack trace:
#0 /Applications/MAMP/htdocs/kerako/wp-includes/template.php(722): require_once()
#1 /Applications/MAMP/htdocs/kerako/wp-includes/template.php(671): load_template('/Applications/M...', true)
#2 /Applications/MAMP/htdocs/kerako/wp-includes/general-template.php(76): locate_template(Array, true)
#3 /Applications/MAMP/htdocs/kerako/wp-content/themes/themeKerako/index.php(165): get_footer()
#4 /Applications/MAMP/htdocs/kerako/wp-includes/template-loader.php(98): include('/Applications/M...')
#5 /Applications/MAMP/htdocs/kerako/wp-blog-header.php(19): require_once('/Applications/M...')
#6 /Applications/MAMP/htdocs/kerako/index.php(17): require('/Applications/M...')
#7 {main}
  thrown in /Applications/MAMP/htdocs/kerako/wp-content/themes/themeKerako/footer.php on line 32

2019-12-19T09:51:18+00:00 CRITICAL Uncaught Error: Call to undefined function get_template_directory_rri() in /Applications/MAMP/htdocs/kerako/wp-content/themes/themeKerako/footer.php:32
Stack trace:
#0 /Applications/MAMP/htdocs/kerako/wp-includes/template.php(722): require_once()
#1 /Applications/MAMP/htdocs/kerako/wp-includes/template.php(671): load_template('/Applications/M...', true)
#2 /Applications/MAMP/htdocs/kerako/wp-includes/general-template.php(76): locate_template(Array, true)
#3 /Applications/MAMP/htdocs/kerako/wp-content/themes/themeKerako/index.php(165): get_footer()
#4 /Applications/MAMP/htdocs/kerako/wp-includes/template-loader.php(98): include('/Applications/M...')
#5 /Applications/MAMP/htdocs/kerako/wp-blog-header.php(19): require_once('/Applications/M...')
#6 /Applications/MAMP/htdocs/kerako/index.php(17): require('/Applications/M...')
#7 {main}
  thrown in /Applications/MAMP/htdocs/kerako/wp-content/themes/themeKerako/footer.php on line 32

2019-12-19T09:55:30+00:00 CRITICAL Uncaught Error: Call to undefined function get_template_directory_rri() in /Applications/MAMP/htdocs/kerako/wp-content/themes/themeKerako/footer.php:32
Stack trace:
#0 /Applications/MAMP/htdocs/kerako/wp-includes/template.php(722): require_once()
#1 /Applications/MAMP/htdocs/kerako/wp-includes/template.php(671): load_template('/Applications/M...', true)
#2 /Applications/MAMP/htdocs/kerako/wp-includes/general-template.php(76): locate_template(Array, true)
#3 /Applications/MAMP/htdocs/kerako/wp-content/themes/themeKerako/index.php(165): get_footer()
#4 /Applications/MAMP/htdocs/kerako/wp-includes/template-loader.php(98): include('/Applications/M...')
#5 /Applications/MAMP/htdocs/kerako/wp-blog-header.php(19): require_once('/Applications/M...')
#6 /Applications/MAMP/htdocs/kerako/index.php(17): require('/Applications/M...')
#7 {main}
  thrown in /Applications/MAMP/htdocs/kerako/wp-content/themes/themeKerako/footer.php on line 32

2019-12-19T09:55:32+00:00 CRITICAL Uncaught Error: Call to undefined function get_template_directory_rri() in /Applications/MAMP/htdocs/kerako/wp-content/themes/themeKerako/footer.php:32
Stack trace:
#0 /Applications/MAMP/htdocs/kerako/wp-includes/template.php(722): require_once()
#1 /Applications/MAMP/htdocs/kerako/wp-includes/template.php(671): load_template('/Applications/M...', true)
#2 /Applications/MAMP/htdocs/kerako/wp-includes/general-template.php(76): locate_template(Array, true)
#3 /Applications/MAMP/htdocs/kerako/wp-content/themes/themeKerako/index.php(165): get_footer()
#4 /Applications/MAMP/htdocs/kerako/wp-includes/template-loader.php(98): include('/Applications/M...')
#5 /Applications/MAMP/htdocs/kerako/wp-blog-header.php(19): require_once('/Applications/M...')
#6 /Applications/MAMP/htdocs/kerako/index.php(17): require('/Applications/M...')
#7 {main}
  thrown in /Applications/MAMP/htdocs/kerako/wp-content/themes/themeKerako/footer.php on line 32

2019-12-19T09:55:51+00:00 CRITICAL Uncaught Error: Call to undefined function get_template_directory_rri() in /Applications/MAMP/htdocs/kerako/wp-content/themes/themeKerako/footer.php:32
Stack trace:
#0 /Applications/MAMP/htdocs/kerako/wp-includes/template.php(722): require_once()
#1 /Applications/MAMP/htdocs/kerako/wp-includes/template.php(671): load_template('/Applications/M...', true)
#2 /Applications/MAMP/htdocs/kerako/wp-includes/general-template.php(76): locate_template(Array, true)
#3 /Applications/MAMP/htdocs/kerako/wp-content/themes/themeKerako/index.php(165): get_footer()
#4 /Applications/MAMP/htdocs/kerako/wp-includes/template-loader.php(98): include('/Applications/M...')
#5 /Applications/MAMP/htdocs/kerako/wp-blog-header.php(19): require_once('/Applications/M...')
#6 /Applications/MAMP/htdocs/kerako/index.php(17): require('/Applications/M...')
#7 {main}
  thrown in /Applications/MAMP/htdocs/kerako/wp-content/themes/themeKerako/footer.php on line 32

2019-12-19T09:55:52+00:00 CRITICAL Uncaught Error: Call to undefined function get_template_directory_rri() in /Applications/MAMP/htdocs/kerako/wp-content/themes/themeKerako/footer.php:32
Stack trace:
#0 /Applications/MAMP/htdocs/kerako/wp-includes/template.php(722): require_once()
#1 /Applications/MAMP/htdocs/kerako/wp-includes/template.php(671): load_template('/Applications/M...', true)
#2 /Applications/MAMP/htdocs/kerako/wp-includes/general-template.php(76): locate_template(Array, true)
#3 /Applications/MAMP/htdocs/kerako/wp-content/themes/themeKerako/index.php(165): get_footer()
#4 /Applications/MAMP/htdocs/kerako/wp-includes/template-loader.php(98): include('/Applications/M...')
#5 /Applications/MAMP/htdocs/kerako/wp-blog-header.php(19): require_once('/Applications/M...')
#6 /Applications/MAMP/htdocs/kerako/index.php(17): require('/Applications/M...')
#7 {main}
  thrown in /Applications/MAMP/htdocs/kerako/wp-content/themes/themeKerako/footer.php on line 32

2019-12-19T10:00:46+00:00 CRITICAL Uncaught Error: Call to undefined function get_template_directory_rri() in /Applications/MAMP/htdocs/kerako/wp-content/themes/themeKerako/footer.php:32
Stack trace:
#0 /Applications/MAMP/htdocs/kerako/wp-includes/template.php(722): require_once()
#1 /Applications/MAMP/htdocs/kerako/wp-includes/template.php(671): load_template('/Applications/M...', true)
#2 /Applications/MAMP/htdocs/kerako/wp-includes/general-template.php(76): locate_template(Array, true)
#3 /Applications/MAMP/htdocs/kerako/wp-content/themes/themeKerako/index.php(165): get_footer()
#4 /Applications/MAMP/htdocs/kerako/wp-includes/template-loader.php(98): include('/Applications/M...')
#5 /Applications/MAMP/htdocs/kerako/wp-blog-header.php(19): require_once('/Applications/M...')
#6 /Applications/MAMP/htdocs/kerako/index.php(17): require('/Applications/M...')
#7 {main}
  thrown in /Applications/MAMP/htdocs/kerako/wp-content/themes/themeKerako/footer.php on line 32

2019-12-19T10:00:47+00:00 CRITICAL Uncaught Error: Call to undefined function get_template_directory_rri() in /Applications/MAMP/htdocs/kerako/wp-content/themes/themeKerako/footer.php:32
Stack trace:
#0 /Applications/MAMP/htdocs/kerako/wp-includes/template.php(722): require_once()
#1 /Applications/MAMP/htdocs/kerako/wp-includes/template.php(671): load_template('/Applications/M...', true)
#2 /Applications/MAMP/htdocs/kerako/wp-includes/general-template.php(76): locate_template(Array, true)
#3 /Applications/MAMP/htdocs/kerako/wp-content/themes/themeKerako/index.php(165): get_footer()
#4 /Applications/MAMP/htdocs/kerako/wp-includes/template-loader.php(98): include('/Applications/M...')
#5 /Applications/MAMP/htdocs/kerako/wp-blog-header.php(19): require_once('/Applications/M...')
#6 /Applications/MAMP/htdocs/kerako/index.php(17): require('/Applications/M...')
#7 {main}
  thrown in /Applications/MAMP/htdocs/kerako/wp-content/themes/themeKerako/footer.php on line 32

2019-12-19T10:00:47+00:00 CRITICAL Uncaught Error: Call to undefined function get_template_directory_rri() in /Applications/MAMP/htdocs/kerako/wp-content/themes/themeKerako/footer.php:32
Stack trace:
#0 /Applications/MAMP/htdocs/kerako/wp-includes/template.php(722): require_once()
#1 /Applications/MAMP/htdocs/kerako/wp-includes/template.php(671): load_template('/Applications/M...', true)
#2 /Applications/MAMP/htdocs/kerako/wp-includes/general-template.php(76): locate_template(Array, true)
#3 /Applications/MAMP/htdocs/kerako/wp-content/themes/themeKerako/index.php(165): get_footer()
#4 /Applications/MAMP/htdocs/kerako/wp-includes/template-loader.php(98): include('/Applications/M...')
#5 /Applications/MAMP/htdocs/kerako/wp-blog-header.php(19): require_once('/Applications/M...')
#6 /Applications/MAMP/htdocs/kerako/index.php(17): require('/Applications/M...')
#7 {main}
  thrown in /Applications/MAMP/htdocs/kerako/wp-content/themes/themeKerako/footer.php on line 32

2019-12-19T10:01:02+00:00 CRITICAL Uncaught Error: Call to undefined function get_template_directory_rri() in /Applications/MAMP/htdocs/kerako/wp-content/themes/themeKerako/footer.php:32
Stack trace:
#0 /Applications/MAMP/htdocs/kerako/wp-includes/template.php(722): require_once()
#1 /Applications/MAMP/htdocs/kerako/wp-includes/template.php(671): load_template('/Applications/M...', true)
#2 /Applications/MAMP/htdocs/kerako/wp-includes/general-template.php(76): locate_template(Array, true)
#3 /Applications/MAMP/htdocs/kerako/wp-content/themes/themeKerako/index.php(165): get_footer()
#4 /Applications/MAMP/htdocs/kerako/wp-includes/template-loader.php(98): include('/Applications/M...')
#5 /Applications/MAMP/htdocs/kerako/wp-blog-header.php(19): require_once('/Applications/M...')
#6 /Applications/MAMP/htdocs/kerako/index.php(17): require('/Applications/M...')
#7 {main}
  thrown in /Applications/MAMP/htdocs/kerako/wp-content/themes/themeKerako/footer.php on line 32

2019-12-19T10:01:03+00:00 CRITICAL Uncaught Error: Call to undefined function get_template_directory_rri() in /Applications/MAMP/htdocs/kerako/wp-content/themes/themeKerako/footer.php:32
Stack trace:
#0 /Applications/MAMP/htdocs/kerako/wp-includes/template.php(722): require_once()
#1 /Applications/MAMP/htdocs/kerako/wp-includes/template.php(671): load_template('/Applications/M...', true)
#2 /Applications/MAMP/htdocs/kerako/wp-includes/general-template.php(76): locate_template(Array, true)
#3 /Applications/MAMP/htdocs/kerako/wp-content/themes/themeKerako/index.php(165): get_footer()
#4 /Applications/MAMP/htdocs/kerako/wp-includes/template-loader.php(98): include('/Applications/M...')
#5 /Applications/MAMP/htdocs/kerako/wp-blog-header.php(19): require_once('/Applications/M...')
#6 /Applications/MAMP/htdocs/kerako/index.php(17): require('/Applications/M...')
#7 {main}
  thrown in /Applications/MAMP/htdocs/kerako/wp-content/themes/themeKerako/footer.php on line 32

2019-12-19T10:01:03+00:00 CRITICAL Uncaught Error: Call to undefined function get_template_directory_rri() in /Applications/MAMP/htdocs/kerako/wp-content/themes/themeKerako/footer.php:32
Stack trace:
#0 /Applications/MAMP/htdocs/kerako/wp-includes/template.php(722): require_once()
#1 /Applications/MAMP/htdocs/kerako/wp-includes/template.php(671): load_template('/Applications/M...', true)
#2 /Applications/MAMP/htdocs/kerako/wp-includes/general-template.php(76): locate_template(Array, true)
#3 /Applications/MAMP/htdocs/kerako/wp-content/themes/themeKerako/index.php(165): get_footer()
#4 /Applications/MAMP/htdocs/kerako/wp-includes/template-loader.php(98): include('/Applications/M...')
#5 /Applications/MAMP/htdocs/kerako/wp-blog-header.php(19): require_once('/Applications/M...')
#6 /Applications/MAMP/htdocs/kerako/index.php(17): require('/Applications/M...')
#7 {main}
  thrown in /Applications/MAMP/htdocs/kerako/wp-content/themes/themeKerako/footer.php on line 32

2019-12-19T10:01:44+00:00 CRITICAL Uncaught Error: Call to undefined function get_template_directory_rri() in /Applications/MAMP/htdocs/kerako/wp-content/themes/themeKerako/footer.php:32
Stack trace:
#0 /Applications/MAMP/htdocs/kerako/wp-includes/template.php(722): require_once()
#1 /Applications/MAMP/htdocs/kerako/wp-includes/template.php(671): load_template('/Applications/M...', true)
#2 /Applications/MAMP/htdocs/kerako/wp-includes/general-template.php(76): locate_template(Array, true)
#3 /Applications/MAMP/htdocs/kerako/wp-content/themes/themeKerako/index.php(165): get_footer()
#4 /Applications/MAMP/htdocs/kerako/wp-includes/template-loader.php(98): include('/Applications/M...')
#5 /Applications/MAMP/htdocs/kerako/wp-blog-header.php(19): require_once('/Applications/M...')
#6 /Applications/MAMP/htdocs/kerako/index.php(17): require('/Applications/M...')
#7 {main}
  thrown in /Applications/MAMP/htdocs/kerako/wp-content/themes/themeKerako/footer.php on line 32

2019-12-19T10:01:45+00:00 CRITICAL Uncaught Error: Call to undefined function get_template_directory_rri() in /Applications/MAMP/htdocs/kerako/wp-content/themes/themeKerako/footer.php:32
Stack trace:
#0 /Applications/MAMP/htdocs/kerako/wp-includes/template.php(722): require_once()
#1 /Applications/MAMP/htdocs/kerako/wp-includes/template.php(671): load_template('/Applications/M...', true)
#2 /Applications/MAMP/htdocs/kerako/wp-includes/general-template.php(76): locate_template(Array, true)
#3 /Applications/MAMP/htdocs/kerako/wp-content/themes/themeKerako/index.php(165): get_footer()
#4 /Applications/MAMP/htdocs/kerako/wp-includes/template-loader.php(98): include('/Applications/M...')
#5 /Applications/MAMP/htdocs/kerako/wp-blog-header.php(19): require_once('/Applications/M...')
#6 /Applications/MAMP/htdocs/kerako/index.php(17): require('/Applications/M...')
#7 {main}
  thrown in /Applications/MAMP/htdocs/kerako/wp-content/themes/themeKerako/footer.php on line 32

2019-12-19T10:05:29+00:00 CRITICAL Uncaught Error: Call to undefined function get_template_directory_rri() in /Applications/MAMP/htdocs/kerako/wp-content/themes/themeKerako/footer.php:32
Stack trace:
#0 /Applications/MAMP/htdocs/kerako/wp-includes/template.php(722): require_once()
#1 /Applications/MAMP/htdocs/kerako/wp-includes/template.php(671): load_template('/Applications/M...', true)
#2 /Applications/MAMP/htdocs/kerako/wp-includes/general-template.php(76): locate_template(Array, true)
#3 /Applications/MAMP/htdocs/kerako/wp-content/themes/themeKerako/index.php(165): get_footer()
#4 /Applications/MAMP/htdocs/kerako/wp-includes/template-loader.php(98): include('/Applications/M...')
#5 /Applications/MAMP/htdocs/kerako/wp-blog-header.php(19): require_once('/Applications/M...')
#6 /Applications/MAMP/htdocs/kerako/index.php(17): require('/Applications/M...')
#7 {main}
  thrown in /Applications/MAMP/htdocs/kerako/wp-content/themes/themeKerako/footer.php on line 32

2019-12-19T10:05:32+00:00 CRITICAL Uncaught Error: Call to undefined function get_template_directory_rri() in /Applications/MAMP/htdocs/kerako/wp-content/themes/themeKerako/footer.php:32
Stack trace:
#0 /Applications/MAMP/htdocs/kerako/wp-includes/template.php(722): require_once()
#1 /Applications/MAMP/htdocs/kerako/wp-includes/template.php(671): load_template('/Applications/M...', true)
#2 /Applications/MAMP/htdocs/kerako/wp-includes/general-template.php(76): locate_template(Array, true)
#3 /Applications/MAMP/htdocs/kerako/wp-content/themes/themeKerako/index.php(165): get_footer()
#4 /Applications/MAMP/htdocs/kerako/wp-includes/template-loader.php(98): include('/Applications/M...')
#5 /Applications/MAMP/htdocs/kerako/wp-blog-header.php(19): require_once('/Applications/M...')
#6 /Applications/MAMP/htdocs/kerako/index.php(17): require('/Applications/M...')
#7 {main}
  thrown in /Applications/MAMP/htdocs/kerako/wp-content/themes/themeKerako/footer.php on line 32

2019-12-19T10:05:55+00:00 CRITICAL Uncaught Error: Call to undefined function get_template_directory_rri() in /Applications/MAMP/htdocs/kerako/wp-content/themes/themeKerako/footer.php:32
Stack trace:
#0 /Applications/MAMP/htdocs/kerako/wp-includes/template.php(722): require_once()
#1 /Applications/MAMP/htdocs/kerako/wp-includes/template.php(671): load_template('/Applications/M...', true)
#2 /Applications/MAMP/htdocs/kerako/wp-includes/general-template.php(76): locate_template(Array, true)
#3 /Applications/MAMP/htdocs/kerako/wp-content/themes/themeKerako/index.php(165): get_footer()
#4 /Applications/MAMP/htdocs/kerako/wp-includes/template-loader.php(98): include('/Applications/M...')
#5 /Applications/MAMP/htdocs/kerako/wp-blog-header.php(19): require_once('/Applications/M...')
#6 /Applications/MAMP/htdocs/kerako/index.php(17): require('/Applications/M...')
#7 {main}
  thrown in /Applications/MAMP/htdocs/kerako/wp-content/themes/themeKerako/footer.php on line 32

2019-12-19T10:05:56+00:00 CRITICAL Uncaught Error: Call to undefined function get_template_directory_rri() in /Applications/MAMP/htdocs/kerako/wp-content/themes/themeKerako/footer.php:32
Stack trace:
#0 /Applications/MAMP/htdocs/kerako/wp-includes/template.php(722): require_once()
#1 /Applications/MAMP/htdocs/kerako/wp-includes/template.php(671): load_template('/Applications/M...', true)
#2 /Applications/MAMP/htdocs/kerako/wp-includes/general-template.php(76): locate_template(Array, true)
#3 /Applications/MAMP/htdocs/kerako/wp-content/themes/themeKerako/index.php(165): get_footer()
#4 /Applications/MAMP/htdocs/kerako/wp-includes/template-loader.php(98): include('/Applications/M...')
#5 /Applications/MAMP/htdocs/kerako/wp-blog-header.php(19): require_once('/Applications/M...')
#6 /Applications/MAMP/htdocs/kerako/index.php(17): require('/Applications/M...')
#7 {main}
  thrown in /Applications/MAMP/htdocs/kerako/wp-content/themes/themeKerako/footer.php on line 32

2019-12-19T10:06:45+00:00 CRITICAL syntax error, unexpected ';' in /Applications/MAMP/htdocs/kerako/wp-content/themes/themeKerako/functions.php on line 20

2019-12-19T10:06:46+00:00 CRITICAL syntax error, unexpected ';' in /Applications/MAMP/htdocs/kerako/wp-content/themes/themeKerako/functions.php on line 20

2019-12-19T10:06:47+00:00 CRITICAL syntax error, unexpected ';' in /Applications/MAMP/htdocs/kerako/wp-content/themes/themeKerako/functions.php on line 20

2019-12-19T10:06:57+00:00 CRITICAL Uncaught Error: Call to undefined function get_template_directory_rri() in /Applications/MAMP/htdocs/kerako/wp-content/themes/themeKerako/footer.php:32
Stack trace:
#0 /Applications/MAMP/htdocs/kerako/wp-includes/template.php(722): require_once()
#1 /Applications/MAMP/htdocs/kerako/wp-includes/template.php(671): load_template('/Applications/M...', true)
#2 /Applications/MAMP/htdocs/kerako/wp-includes/general-template.php(76): locate_template(Array, true)
#3 /Applications/MAMP/htdocs/kerako/wp-content/themes/themeKerako/page-vintage.php(21): get_footer()
#4 /Applications/MAMP/htdocs/kerako/wp-includes/template-loader.php(98): include('/Applications/M...')
#5 /Applications/MAMP/htdocs/kerako/wp-blog-header.php(19): require_once('/Applications/M...')
#6 /Applications/MAMP/htdocs/kerako/index.php(17): require('/Applications/M...')
#7 {main}
  thrown in /Applications/MAMP/htdocs/kerako/wp-content/themes/themeKerako/footer.php on line 32

2019-12-19T10:06:58+00:00 CRITICAL Uncaught Error: Call to undefined function get_template_directory_rri() in /Applications/MAMP/htdocs/kerako/wp-content/themes/themeKerako/footer.php:32
Stack trace:
#0 /Applications/MAMP/htdocs/kerako/wp-includes/template.php(722): require_once()
#1 /Applications/MAMP/htdocs/kerako/wp-includes/template.php(671): load_template('/Applications/M...', true)
#2 /Applications/MAMP/htdocs/kerako/wp-includes/general-template.php(76): locate_template(Array, true)
#3 /Applications/MAMP/htdocs/kerako/wp-content/themes/themeKerako/index.php(165): get_footer()
#4 /Applications/MAMP/htdocs/kerako/wp-includes/template-loader.php(98): include('/Applications/M...')
#5 /Applications/MAMP/htdocs/kerako/wp-blog-header.php(19): require_once('/Applications/M...')
#6 /Applications/MAMP/htdocs/kerako/index.php(17): require('/Applications/M...')
#7 {main}
  thrown in /Applications/MAMP/htdocs/kerako/wp-content/themes/themeKerako/footer.php on line 32

2019-12-19T10:07:11+00:00 CRITICAL Uncaught Error: Call to undefined function get_template_directory_rri() in /Applications/MAMP/htdocs/kerako/wp-content/themes/themeKerako/footer.php:32
Stack trace:
#0 /Applications/MAMP/htdocs/kerako/wp-includes/template.php(722): require_once()
#1 /Applications/MAMP/htdocs/kerako/wp-includes/template.php(671): load_template('/Applications/M...', true)
#2 /Applications/MAMP/htdocs/kerako/wp-includes/general-template.php(76): locate_template(Array, true)
#3 /Applications/MAMP/htdocs/kerako/wp-content/themes/themeKerako/page-vintage.php(21): get_footer()
#4 /Applications/MAMP/htdocs/kerako/wp-includes/template-loader.php(98): include('/Applications/M...')
#5 /Applications/MAMP/htdocs/kerako/wp-blog-header.php(19): require_once('/Applications/M...')
#6 /Applications/MAMP/htdocs/kerako/index.php(17): require('/Applications/M...')
#7 {main}
  thrown in /Applications/MAMP/htdocs/kerako/wp-content/themes/themeKerako/footer.php on line 32

2019-12-19T10:07:12+00:00 CRITICAL Uncaught Error: Call to undefined function get_template_directory_rri() in /Applications/MAMP/htdocs/kerako/wp-content/themes/themeKerako/footer.php:32
Stack trace:
#0 /Applications/MAMP/htdocs/kerako/wp-includes/template.php(722): require_once()
#1 /Applications/MAMP/htdocs/kerako/wp-includes/template.php(671): load_template('/Applications/M...', true)
#2 /Applications/MAMP/htdocs/kerako/wp-includes/general-template.php(76): locate_template(Array, true)
#3 /Applications/MAMP/htdocs/kerako/wp-content/themes/themeKerako/index.php(165): get_footer()
#4 /Applications/MAMP/htdocs/kerako/wp-includes/template-loader.php(98): include('/Applications/M...')
#5 /Applications/MAMP/htdocs/kerako/wp-blog-header.php(19): require_once('/Applications/M...')
#6 /Applications/MAMP/htdocs/kerako/index.php(17): require('/Applications/M...')
#7 {main}
  thrown in /Applications/MAMP/htdocs/kerako/wp-content/themes/themeKerako/footer.php on line 32

2019-12-19T10:07:17+00:00 CRITICAL Uncaught Error: Call to undefined function get_template_directory_rri() in /Applications/MAMP/htdocs/kerako/wp-content/themes/themeKerako/footer.php:32
Stack trace:
#0 /Applications/MAMP/htdocs/kerako/wp-includes/template.php(722): require_once()
#1 /Applications/MAMP/htdocs/kerako/wp-includes/template.php(671): load_template('/Applications/M...', true)
#2 /Applications/MAMP/htdocs/kerako/wp-includes/general-template.php(76): locate_template(Array, true)
#3 /Applications/MAMP/htdocs/kerako/wp-content/themes/themeKerako/page-vintage.php(21): get_footer()
#4 /Applications/MAMP/htdocs/kerako/wp-includes/template-loader.php(98): include('/Applications/M...')
#5 /Applications/MAMP/htdocs/kerako/wp-blog-header.php(19): require_once('/Applications/M...')
#6 /Applications/MAMP/htdocs/kerako/index.php(17): require('/Applications/M...')
#7 {main}
  thrown in /Applications/MAMP/htdocs/kerako/wp-content/themes/themeKerako/footer.php on line 32

2019-12-19T10:07:18+00:00 CRITICAL Uncaught Error: Call to undefined function get_template_directory_rri() in /Applications/MAMP/htdocs/kerako/wp-content/themes/themeKerako/footer.php:32
Stack trace:
#0 /Applications/MAMP/htdocs/kerako/wp-includes/template.php(722): require_once()
#1 /Applications/MAMP/htdocs/kerako/wp-includes/template.php(671): load_template('/Applications/M...', true)
#2 /Applications/MAMP/htdocs/kerako/wp-includes/general-template.php(76): locate_template(Array, true)
#3 /Applications/MAMP/htdocs/kerako/wp-content/themes/themeKerako/index.php(165): get_footer()
#4 /Applications/MAMP/htdocs/kerako/wp-includes/template-loader.php(98): include('/Applications/M...')
#5 /Applications/MAMP/htdocs/kerako/wp-blog-header.php(19): require_once('/Applications/M...')
#6 /Applications/MAMP/htdocs/kerako/index.php(17): require('/Applications/M...')
#7 {main}
  thrown in /Applications/MAMP/htdocs/kerako/wp-content/themes/themeKerako/footer.php on line 32

2019-12-19T10:08:46+00:00 CRITICAL syntax error, unexpected ';' in /Applications/MAMP/htdocs/kerako/wp-content/themes/themeKerako/functions.php on line 20

2019-12-19T10:08:46+00:00 CRITICAL syntax error, unexpected ';' in /Applications/MAMP/htdocs/kerako/wp-content/themes/themeKerako/functions.php on line 20

2019-12-19T10:10:46+00:00 CRITICAL syntax error, unexpected ';' in /Applications/MAMP/htdocs/kerako/wp-content/themes/themeKerako/functions.php on line 19

2019-12-19T10:10:49+00:00 CRITICAL syntax error, unexpected ';' in /Applications/MAMP/htdocs/kerako/wp-content/themes/themeKerako/functions.php on line 19

2019-12-19T10:12:29+00:00 CRITICAL syntax error, unexpected ';' in /Applications/MAMP/htdocs/kerako/wp-content/themes/themeKerako/functions.php on line 19

2019-12-19T10:12:43+00:00 CRITICAL Uncaught Error: Call to undefined function get_template_directory_rri() in /Applications/MAMP/htdocs/kerako/wp-content/themes/themeKerako/footer.php:32
Stack trace:
#0 /Applications/MAMP/htdocs/kerako/wp-includes/template.php(722): require_once()
#1 /Applications/MAMP/htdocs/kerako/wp-includes/template.php(671): load_template('/Applications/M...', true)
#2 /Applications/MAMP/htdocs/kerako/wp-includes/general-template.php(76): locate_template(Array, true)
#3 /Applications/MAMP/htdocs/kerako/wp-content/themes/themeKerako/page-vintage.php(21): get_footer()
#4 /Applications/MAMP/htdocs/kerako/wp-includes/template-loader.php(98): include('/Applications/M...')
#5 /Applications/MAMP/htdocs/kerako/wp-blog-header.php(19): require_once('/Applications/M...')
#6 /Applications/MAMP/htdocs/kerako/index.php(17): require('/Applications/M...')
#7 {main}
  thrown in /Applications/MAMP/htdocs/kerako/wp-content/themes/themeKerako/footer.php on line 32

2019-12-19T10:12:44+00:00 CRITICAL Uncaught Error: Call to undefined function get_template_directory_rri() in /Applications/MAMP/htdocs/kerako/wp-content/themes/themeKerako/footer.php:32
Stack trace:
#0 /Applications/MAMP/htdocs/kerako/wp-includes/template.php(722): require_once()
#1 /Applications/MAMP/htdocs/kerako/wp-includes/template.php(671): load_template('/Applications/M...', true)
#2 /Applications/MAMP/htdocs/kerako/wp-includes/general-template.php(76): locate_template(Array, true)
#3 /Applications/MAMP/htdocs/kerako/wp-content/themes/themeKerako/index.php(165): get_footer()
#4 /Applications/MAMP/htdocs/kerako/wp-includes/template-loader.php(98): include('/Applications/M...')
#5 /Applications/MAMP/htdocs/kerako/wp-blog-header.php(19): require_once('/Applications/M...')
#6 /Applications/MAMP/htdocs/kerako/index.php(17): require('/Applications/M...')
#7 {main}
  thrown in /Applications/MAMP/htdocs/kerako/wp-content/themes/themeKerako/footer.php on line 32

2019-12-19T10:17:45+00:00 CRITICAL syntax error, unexpected ';' in /Applications/MAMP/htdocs/kerako/wp-content/themes/themeKerako/functions.php on line 19

2019-12-19T10:19:59+00:00 CRITICAL syntax error, unexpected ';' in /Applications/MAMP/htdocs/kerako/wp-content/themes/themeKerako/functions.php on line 19

2019-12-19T10:22:07+00:00 CRITICAL Uncaught Error: Call to undefined function get_template_directory_rri() in /Applications/MAMP/htdocs/kerako/wp-content/themes/themeKerako/footer.php:32
Stack trace:
#0 /Applications/MAMP/htdocs/kerako/wp-includes/template.php(722): require_once()
#1 /Applications/MAMP/htdocs/kerako/wp-includes/template.php(671): load_template('/Applications/M...', true)
#2 /Applications/MAMP/htdocs/kerako/wp-includes/general-template.php(76): locate_template(Array, true)
#3 /Applications/MAMP/htdocs/kerako/wp-content/themes/themeKerako/index.php(165): get_footer()
#4 /Applications/MAMP/htdocs/kerako/wp-includes/template-loader.php(98): include('/Applications/M...')
#5 /Applications/MAMP/htdocs/kerako/wp-blog-header.php(19): require_once('/Applications/M...')
#6 /Applications/MAMP/htdocs/kerako/index.php(17): require('/Applications/M...')
#7 {main}
  thrown in /Applications/MAMP/htdocs/kerako/wp-content/themes/themeKerako/footer.php on line 32

2019-12-19T10:22:09+00:00 CRITICAL Uncaught Error: Call to undefined function get_template_directory_rri() in /Applications/MAMP/htdocs/kerako/wp-content/themes/themeKerako/footer.php:32
Stack trace:
#0 /Applications/MAMP/htdocs/kerako/wp-includes/template.php(722): require_once()
#1 /Applications/MAMP/htdocs/kerako/wp-includes/template.php(671): load_template('/Applications/M...', true)
#2 /Applications/MAMP/htdocs/kerako/wp-includes/general-template.php(76): locate_template(Array, true)
#3 /Applications/MAMP/htdocs/kerako/wp-content/themes/themeKerako/index.php(165): get_footer()
#4 /Applications/MAMP/htdocs/kerako/wp-includes/template-loader.php(98): include('/Applications/M...')
#5 /Applications/MAMP/htdocs/kerako/wp-blog-header.php(19): require_once('/Applications/M...')
#6 /Applications/MAMP/htdocs/kerako/index.php(17): require('/Applications/M...')
#7 {main}
  thrown in /Applications/MAMP/htdocs/kerako/wp-content/themes/themeKerako/footer.php on line 32

2019-12-19T10:33:06+00:00 CRITICAL Uncaught Error: Call to undefined function get_template_directory_rri() in /Applications/MAMP/htdocs/kerako/wp-content/themes/themeKerako/footer.php:32
Stack trace:
#0 /Applications/MAMP/htdocs/kerako/wp-includes/template.php(722): require_once()
#1 /Applications/MAMP/htdocs/kerako/wp-includes/template.php(671): load_template('/Applications/M...', true)
#2 /Applications/MAMP/htdocs/kerako/wp-includes/general-template.php(76): locate_template(Array, true)
#3 /Applications/MAMP/htdocs/kerako/wp-content/themes/themeKerako/page-vintage.php(21): get_footer()
#4 /Applications/MAMP/htdocs/kerako/wp-includes/template-loader.php(98): include('/Applications/M...')
#5 /Applications/MAMP/htdocs/kerako/wp-blog-header.php(19): require_once('/Applications/M...')
#6 /Applications/MAMP/htdocs/kerako/index.php(17): require('/Applications/M...')
#7 {main}
  thrown in /Applications/MAMP/htdocs/kerako/wp-content/themes/themeKerako/footer.php on line 32

2019-12-19T10:33:07+00:00 CRITICAL Uncaught Error: Call to undefined function get_template_directory_rri() in /Applications/MAMP/htdocs/kerako/wp-content/themes/themeKerako/footer.php:32
Stack trace:
#0 /Applications/MAMP/htdocs/kerako/wp-includes/template.php(722): require_once()
#1 /Applications/MAMP/htdocs/kerako/wp-includes/template.php(671): load_template('/Applications/M...', true)
#2 /Applications/MAMP/htdocs/kerako/wp-includes/general-template.php(76): locate_template(Array, true)
#3 /Applications/MAMP/htdocs/kerako/wp-content/themes/themeKerako/index.php(165): get_footer()
#4 /Applications/MAMP/htdocs/kerako/wp-includes/template-loader.php(98): include('/Applications/M...')
#5 /Applications/MAMP/htdocs/kerako/wp-blog-header.php(19): require_once('/Applications/M...')
#6 /Applications/MAMP/htdocs/kerako/index.php(17): require('/Applications/M...')
#7 {main}
  thrown in /Applications/MAMP/htdocs/kerako/wp-content/themes/themeKerako/footer.php on line 32

2019-12-19T10:35:48+00:00 CRITICAL Uncaught Error: Call to undefined function get_template_directory_rri() in /Applications/MAMP/htdocs/kerako/wp-content/themes/themeKerako/footer.php:32
Stack trace:
#0 /Applications/MAMP/htdocs/kerako/wp-includes/template.php(722): require_once()
#1 /Applications/MAMP/htdocs/kerako/wp-includes/template.php(671): load_template('/Applications/M...', true)
#2 /Applications/MAMP/htdocs/kerako/wp-includes/general-template.php(76): locate_template(Array, true)
#3 /Applications/MAMP/htdocs/kerako/wp-content/themes/themeKerako/page-vintage.php(21): get_footer()
#4 /Applications/MAMP/htdocs/kerako/wp-includes/template-loader.php(98): include('/Applications/M...')
#5 /Applications/MAMP/htdocs/kerako/wp-blog-header.php(19): require_once('/Applications/M...')
#6 /Applications/MAMP/htdocs/kerako/index.php(17): require('/Applications/M...')
#7 {main}
  thrown in /Applications/MAMP/htdocs/kerako/wp-content/themes/themeKerako/footer.php on line 32

2019-12-19T10:35:49+00:00 CRITICAL Uncaught Error: Call to undefined function get_template_directory_rri() in /Applications/MAMP/htdocs/kerako/wp-content/themes/themeKerako/footer.php:32
Stack trace:
#0 /Applications/MAMP/htdocs/kerako/wp-includes/template.php(722): require_once()
#1 /Applications/MAMP/htdocs/kerako/wp-includes/template.php(671): load_template('/Applications/M...', true)
#2 /Applications/MAMP/htdocs/kerako/wp-includes/general-template.php(76): locate_template(Array, true)
#3 /Applications/MAMP/htdocs/kerako/wp-content/themes/themeKerako/index.php(165): get_footer()
#4 /Applications/MAMP/htdocs/kerako/wp-includes/template-loader.php(98): include('/Applications/M...')
#5 /Applications/MAMP/htdocs/kerako/wp-blog-header.php(19): require_once('/Applications/M...')
#6 /Applications/MAMP/htdocs/kerako/index.php(17): require('/Applications/M...')
#7 {main}
  thrown in /Applications/MAMP/htdocs/kerako/wp-content/themes/themeKerako/footer.php on line 32

2019-12-19T10:36:55+00:00 CRITICAL Uncaught Error: Call to undefined function get_template_directory_rri() in /Applications/MAMP/htdocs/kerako/wp-content/themes/themeKerako/footer.php:32
Stack trace:
#0 /Applications/MAMP/htdocs/kerako/wp-includes/template.php(722): require_once()
#1 /Applications/MAMP/htdocs/kerako/wp-includes/template.php(671): load_template('/Applications/M...', true)
#2 /Applications/MAMP/htdocs/kerako/wp-includes/general-template.php(76): locate_template(Array, true)
#3 /Applications/MAMP/htdocs/kerako/wp-content/themes/themeKerako/page-vintage.php(21): get_footer()
#4 /Applications/MAMP/htdocs/kerako/wp-includes/template-loader.php(98): include('/Applications/M...')
#5 /Applications/MAMP/htdocs/kerako/wp-blog-header.php(19): require_once('/Applications/M...')
#6 /Applications/MAMP/htdocs/kerako/index.php(17): require('/Applications/M...')
#7 {main}
  thrown in /Applications/MAMP/htdocs/kerako/wp-content/themes/themeKerako/footer.php on line 32

2019-12-19T10:37:05+00:00 CRITICAL Uncaught Error: Call to undefined function get_template_directory_rri() in /Applications/MAMP/htdocs/kerako/wp-content/themes/themeKerako/footer.php:32
Stack trace:
#0 /Applications/MAMP/htdocs/kerako/wp-includes/template.php(722): require_once()
#1 /Applications/MAMP/htdocs/kerako/wp-includes/template.php(671): load_template('/Applications/M...', true)
#2 /Applications/MAMP/htdocs/kerako/wp-includes/general-template.php(76): locate_template(Array, true)
#3 /Applications/MAMP/htdocs/kerako/wp-content/themes/themeKerako/page-vintage.php(21): get_footer()
#4 /Applications/MAMP/htdocs/kerako/wp-includes/template-loader.php(98): include('/Applications/M...')
#5 /Applications/MAMP/htdocs/kerako/wp-blog-header.php(19): require_once('/Applications/M...')
#6 /Applications/MAMP/htdocs/kerako/index.php(17): require('/Applications/M...')
#7 {main}
  thrown in /Applications/MAMP/htdocs/kerako/wp-content/themes/themeKerako/footer.php on line 32

2019-12-19T10:37:24+00:00 CRITICAL Uncaught Error: Call to undefined function get_template_directory_rri() in /Applications/MAMP/htdocs/kerako/wp-content/themes/themeKerako/footer.php:32
Stack trace:
#0 /Applications/MAMP/htdocs/kerako/wp-includes/template.php(722): require_once()
#1 /Applications/MAMP/htdocs/kerako/wp-includes/template.php(671): load_template('/Applications/M...', true)
#2 /Applications/MAMP/htdocs/kerako/wp-includes/general-template.php(76): locate_template(Array, true)
#3 /Applications/MAMP/htdocs/kerako/wp-content/themes/themeKerako/page-vintage.php(21): get_footer()
#4 /Applications/MAMP/htdocs/kerako/wp-includes/template-loader.php(98): include('/Applications/M...')
#5 /Applications/MAMP/htdocs/kerako/wp-blog-header.php(19): require_once('/Applications/M...')
#6 /Applications/MAMP/htdocs/kerako/index.php(17): require('/Applications/M...')
#7 {main}
  thrown in /Applications/MAMP/htdocs/kerako/wp-content/themes/themeKerako/footer.php on line 32

2019-12-19T10:37:26+00:00 CRITICAL Uncaught Error: Call to undefined function get_template_directory_rri() in /Applications/MAMP/htdocs/kerako/wp-content/themes/themeKerako/footer.php:32
Stack trace:
#0 /Applications/MAMP/htdocs/kerako/wp-includes/template.php(722): require_once()
#1 /Applications/MAMP/htdocs/kerako/wp-includes/template.php(671): load_template('/Applications/M...', true)
#2 /Applications/MAMP/htdocs/kerako/wp-includes/general-template.php(76): locate_template(Array, true)
#3 /Applications/MAMP/htdocs/kerako/wp-content/themes/themeKerako/page-vintage.php(21): get_footer()
#4 /Applications/MAMP/htdocs/kerako/wp-includes/template-loader.php(98): include('/Applications/M...')
#5 /Applications/MAMP/htdocs/kerako/wp-blog-header.php(19): require_once('/Applications/M...')
#6 /Applications/MAMP/htdocs/kerako/index.php(17): require('/Applications/M...')
#7 {main}
  thrown in /Applications/MAMP/htdocs/kerako/wp-content/themes/themeKerako/footer.php on line 32

2019-12-19T10:38:01+00:00 CRITICAL Uncaught Error: Call to undefined function get_template_directory_rri() in /Applications/MAMP/htdocs/kerako/wp-content/themes/themeKerako/footer.php:32
Stack trace:
#0 /Applications/MAMP/htdocs/kerako/wp-includes/template.php(722): require_once()
#1 /Applications/MAMP/htdocs/kerako/wp-includes/template.php(671): load_template('/Applications/M...', true)
#2 /Applications/MAMP/htdocs/kerako/wp-includes/general-template.php(76): locate_template(Array, true)
#3 /Applications/MAMP/htdocs/kerako/wp-content/themes/themeKerako/page-vintage.php(21): get_footer()
#4 /Applications/MAMP/htdocs/kerako/wp-includes/template-loader.php(98): include('/Applications/M...')
#5 /Applications/MAMP/htdocs/kerako/wp-blog-header.php(19): require_once('/Applications/M...')
#6 /Applications/MAMP/htdocs/kerako/index.php(17): require('/Applications/M...')
#7 {main}
  thrown in /Applications/MAMP/htdocs/kerako/wp-content/themes/themeKerako/footer.php on line 32

2019-12-19T10:38:02+00:00 CRITICAL Uncaught Error: Call to undefined function get_template_directory_rri() in /Applications/MAMP/htdocs/kerako/wp-content/themes/themeKerako/footer.php:32
Stack trace:
#0 /Applications/MAMP/htdocs/kerako/wp-includes/template.php(722): require_once()
#1 /Applications/MAMP/htdocs/kerako/wp-includes/template.php(671): load_template('/Applications/M...', true)
#2 /Applications/MAMP/htdocs/kerako/wp-includes/general-template.php(76): locate_template(Array, true)
#3 /Applications/MAMP/htdocs/kerako/wp-content/themes/themeKerako/page-vintage.php(21): get_footer()
#4 /Applications/MAMP/htdocs/kerako/wp-includes/template-loader.php(98): include('/Applications/M...')
#5 /Applications/MAMP/htdocs/kerako/wp-blog-header.php(19): require_once('/Applications/M...')
#6 /Applications/MAMP/htdocs/kerako/index.php(17): require('/Applications/M...')
#7 {main}
  thrown in /Applications/MAMP/htdocs/kerako/wp-content/themes/themeKerako/footer.php on line 32

2019-12-19T10:38:04+00:00 CRITICAL Uncaught Error: Call to undefined function get_template_directory_rri() in /Applications/MAMP/htdocs/kerako/wp-content/themes/themeKerako/footer.php:32
Stack trace:
#0 /Applications/MAMP/htdocs/kerako/wp-includes/template.php(722): require_once()
#1 /Applications/MAMP/htdocs/kerako/wp-includes/template.php(671): load_template('/Applications/M...', true)
#2 /Applications/MAMP/htdocs/kerako/wp-includes/general-template.php(76): locate_template(Array, true)
#3 /Applications/MAMP/htdocs/kerako/wp-content/themes/themeKerako/page-vintage.php(21): get_footer()
#4 /Applications/MAMP/htdocs/kerako/wp-includes/template-loader.php(98): include('/Applications/M...')
#5 /Applications/MAMP/htdocs/kerako/wp-blog-header.php(19): require_once('/Applications/M...')
#6 /Applications/MAMP/htdocs/kerako/index.php(17): require('/Applications/M...')
#7 {main}
  thrown in /Applications/MAMP/htdocs/kerako/wp-content/themes/themeKerako/footer.php on line 32

2019-12-19T10:38:13+00:00 CRITICAL Uncaught Error: Call to undefined function get_template_directory_rri() in /Applications/MAMP/htdocs/kerako/wp-content/themes/themeKerako/footer.php:32
Stack trace:
#0 /Applications/MAMP/htdocs/kerako/wp-includes/template.php(722): require_once()
#1 /Applications/MAMP/htdocs/kerako/wp-includes/template.php(671): load_template('/Applications/M...', true)
#2 /Applications/MAMP/htdocs/kerako/wp-includes/general-template.php(76): locate_template(Array, true)
#3 /Applications/MAMP/htdocs/kerako/wp-content/themes/themeKerako/page-vintage.php(21): get_footer()
#4 /Applications/MAMP/htdocs/kerako/wp-includes/template-loader.php(98): include('/Applications/M...')
#5 /Applications/MAMP/htdocs/kerako/wp-blog-header.php(19): require_once('/Applications/M...')
#6 /Applications/MAMP/htdocs/kerako/index.php(17): require('/Applications/M...')
#7 {main}
  thrown in /Applications/MAMP/htdocs/kerako/wp-content/themes/themeKerako/footer.php on line 32

2019-12-19T10:38:14+00:00 CRITICAL Uncaught Error: Call to undefined function get_template_directory_rri() in /Applications/MAMP/htdocs/kerako/wp-content/themes/themeKerako/footer.php:32
Stack trace:
#0 /Applications/MAMP/htdocs/kerako/wp-includes/template.php(722): require_once()
#1 /Applications/MAMP/htdocs/kerako/wp-includes/template.php(671): load_template('/Applications/M...', true)
#2 /Applications/MAMP/htdocs/kerako/wp-includes/general-template.php(76): locate_template(Array, true)
#3 /Applications/MAMP/htdocs/kerako/wp-content/themes/themeKerako/page-vintage.php(21): get_footer()
#4 /Applications/MAMP/htdocs/kerako/wp-includes/template-loader.php(98): include('/Applications/M...')
#5 /Applications/MAMP/htdocs/kerako/wp-blog-header.php(19): require_once('/Applications/M...')
#6 /Applications/MAMP/htdocs/kerako/index.php(17): require('/Applications/M...')
#7 {main}
  thrown in /Applications/MAMP/htdocs/kerako/wp-content/themes/themeKerako/footer.php on line 32

2019-12-19T10:38:28+00:00 CRITICAL Uncaught Error: Call to undefined function get_template_directory_rri() in /Applications/MAMP/htdocs/kerako/wp-content/themes/themeKerako/footer.php:32
Stack trace:
#0 /Applications/MAMP/htdocs/kerako/wp-includes/template.php(722): require_once()
#1 /Applications/MAMP/htdocs/kerako/wp-includes/template.php(671): load_template('/Applications/M...', true)
#2 /Applications/MAMP/htdocs/kerako/wp-includes/general-template.php(76): locate_template(Array, true)
#3 /Applications/MAMP/htdocs/kerako/wp-content/themes/themeKerako/page-vintage.php(21): get_footer()
#4 /Applications/MAMP/htdocs/kerako/wp-includes/template-loader.php(98): include('/Applications/M...')
#5 /Applications/MAMP/htdocs/kerako/wp-blog-header.php(19): require_once('/Applications/M...')
#6 /Applications/MAMP/htdocs/kerako/index.php(17): require('/Applications/M...')
#7 {main}
  thrown in /Applications/MAMP/htdocs/kerako/wp-content/themes/themeKerako/footer.php on line 32

2019-12-19T10:38:30+00:00 CRITICAL Uncaught Error: Call to undefined function get_template_directory_rri() in /Applications/MAMP/htdocs/kerako/wp-content/themes/themeKerako/footer.php:32
Stack trace:
#0 /Applications/MAMP/htdocs/kerako/wp-includes/template.php(722): require_once()
#1 /Applications/MAMP/htdocs/kerako/wp-includes/template.php(671): load_template('/Applications/M...', true)
#2 /Applications/MAMP/htdocs/kerako/wp-includes/general-template.php(76): locate_template(Array, true)
#3 /Applications/MAMP/htdocs/kerako/wp-content/themes/themeKerako/page-vintage.php(21): get_footer()
#4 /Applications/MAMP/htdocs/kerako/wp-includes/template-loader.php(98): include('/Applications/M...')
#5 /Applications/MAMP/htdocs/kerako/wp-blog-header.php(19): require_once('/Applications/M...')
#6 /Applications/MAMP/htdocs/kerako/index.php(17): require('/Applications/M...')
#7 {main}
  thrown in /Applications/MAMP/htdocs/kerako/wp-content/themes/themeKerako/footer.php on line 32

2019-12-19T10:38:37+00:00 CRITICAL Uncaught Error: Call to undefined function get_template_directory_rri() in /Applications/MAMP/htdocs/kerako/wp-content/themes/themeKerako/footer.php:32
Stack trace:
#0 /Applications/MAMP/htdocs/kerako/wp-includes/template.php(722): require_once()
#1 /Applications/MAMP/htdocs/kerako/wp-includes/template.php(671): load_template('/Applications/M...', true)
#2 /Applications/MAMP/htdocs/kerako/wp-includes/general-template.php(76): locate_template(Array, true)
#3 /Applications/MAMP/htdocs/kerako/wp-content/themes/themeKerako/page-vintage.php(21): get_footer()
#4 /Applications/MAMP/htdocs/kerako/wp-includes/template-loader.php(98): include('/Applications/M...')
#5 /Applications/MAMP/htdocs/kerako/wp-blog-header.php(19): require_once('/Applications/M...')
#6 /Applications/MAMP/htdocs/kerako/index.php(17): require('/Applications/M...')
#7 {main}
  thrown in /Applications/MAMP/htdocs/kerako/wp-content/themes/themeKerako/footer.php on line 32

2019-12-19T10:38:39+00:00 CRITICAL Uncaught Error: Call to undefined function get_template_directory_rri() in /Applications/MAMP/htdocs/kerako/wp-content/themes/themeKerako/footer.php:32
Stack trace:
#0 /Applications/MAMP/htdocs/kerako/wp-includes/template.php(722): require_once()
#1 /Applications/MAMP/htdocs/kerako/wp-includes/template.php(671): load_template('/Applications/M...', true)
#2 /Applications/MAMP/htdocs/kerako/wp-includes/general-template.php(76): locate_template(Array, true)
#3 /Applications/MAMP/htdocs/kerako/wp-content/themes/themeKerako/index.php(165): get_footer()
#4 /Applications/MAMP/htdocs/kerako/wp-includes/template-loader.php(98): include('/Applications/M...')
#5 /Applications/MAMP/htdocs/kerako/wp-blog-header.php(19): require_once('/Applications/M...')
#6 /Applications/MAMP/htdocs/kerako/index.php(17): require('/Applications/M...')
#7 {main}
  thrown in /Applications/MAMP/htdocs/kerako/wp-content/themes/themeKerako/footer.php on line 32

2019-12-19T10:40:51+00:00 CRITICAL Uncaught Error: Call to undefined function get_template_directory_rri() in /Applications/MAMP/htdocs/kerako/wp-content/themes/themeKerako/footer.php:32
Stack trace:
#0 /Applications/MAMP/htdocs/kerako/wp-includes/template.php(722): require_once()
#1 /Applications/MAMP/htdocs/kerako/wp-includes/template.php(671): load_template('/Applications/M...', true)
#2 /Applications/MAMP/htdocs/kerako/wp-includes/general-template.php(76): locate_template(Array, true)
#3 /Applications/MAMP/htdocs/kerako/wp-content/themes/themeKerako/page-vintage.php(21): get_footer()
#4 /Applications/MAMP/htdocs/kerako/wp-includes/template-loader.php(98): include('/Applications/M...')
#5 /Applications/MAMP/htdocs/kerako/wp-blog-header.php(19): require_once('/Applications/M...')
#6 /Applications/MAMP/htdocs/kerako/index.php(17): require('/Applications/M...')
#7 {main}
  thrown in /Applications/MAMP/htdocs/kerako/wp-content/themes/themeKerako/footer.php on line 32

2019-12-19T10:44:43+00:00 CRITICAL Uncaught Error: Call to undefined function get_template_directory_rri() in /Applications/MAMP/htdocs/kerako/wp-content/themes/themeKerako/footer.php:32
Stack trace:
#0 /Applications/MAMP/htdocs/kerako/wp-includes/template.php(722): require_once()
#1 /Applications/MAMP/htdocs/kerako/wp-includes/template.php(671): load_template('/Applications/M...', true)
#2 /Applications/MAMP/htdocs/kerako/wp-includes/general-template.php(76): locate_template(Array, true)
#3 /Applications/MAMP/htdocs/kerako/wp-content/themes/themeKerako/page-vintage.php(21): get_footer()
#4 /Applications/MAMP/htdocs/kerako/wp-includes/template-loader.php(98): include('/Applications/M...')
#5 /Applications/MAMP/htdocs/kerako/wp-blog-header.php(19): require_once('/Applications/M...')
#6 /Applications/MAMP/htdocs/kerako/index.php(17): require('/Applications/M...')
#7 {main}
  thrown in /Applications/MAMP/htdocs/kerako/wp-content/themes/themeKerako/footer.php on line 32

2019-12-19T10:45:04+00:00 CRITICAL Uncaught Error: Call to undefined function get_template_directory_rri() in /Applications/MAMP/htdocs/kerako/wp-content/themes/themeKerako/footer.php:32
Stack trace:
#0 /Applications/MAMP/htdocs/kerako/wp-includes/template.php(722): require_once()
#1 /Applications/MAMP/htdocs/kerako/wp-includes/template.php(671): load_template('/Applications/M...', true)
#2 /Applications/MAMP/htdocs/kerako/wp-includes/general-template.php(76): locate_template(Array, true)
#3 /Applications/MAMP/htdocs/kerako/wp-content/themes/themeKerako/page-vintage.php(21): get_footer()
#4 /Applications/MAMP/htdocs/kerako/wp-includes/template-loader.php(98): include('/Applications/M...')
#5 /Applications/MAMP/htdocs/kerako/wp-blog-header.php(19): require_once('/Applications/M...')
#6 /Applications/MAMP/htdocs/kerako/index.php(17): require('/Applications/M...')
#7 {main}
  thrown in /Applications/MAMP/htdocs/kerako/wp-content/themes/themeKerako/footer.php on line 32

2019-12-19T10:46:17+00:00 CRITICAL Uncaught Error: Call to undefined function get_template_directory_rri() in /Applications/MAMP/htdocs/kerako/wp-content/themes/themeKerako/footer.php:32
Stack trace:
#0 /Applications/MAMP/htdocs/kerako/wp-includes/template.php(722): require_once()
#1 /Applications/MAMP/htdocs/kerako/wp-includes/template.php(671): load_template('/Applications/M...', true)
#2 /Applications/MAMP/htdocs/kerako/wp-includes/general-template.php(76): locate_template(Array, true)
#3 /Applications/MAMP/htdocs/kerako/wp-content/themes/themeKerako/page-vintage.php(21): get_footer()
#4 /Applications/MAMP/htdocs/kerako/wp-includes/template-loader.php(98): include('/Applications/M...')
#5 /Applications/MAMP/htdocs/kerako/wp-blog-header.php(19): require_once('/Applications/M...')
#6 /Applications/MAMP/htdocs/kerako/index.php(17): require('/Applications/M...')
#7 {main}
  thrown in /Applications/MAMP/htdocs/kerako/wp-content/themes/themeKerako/footer.php on line 32

2019-12-19T10:46:38+00:00 CRITICAL Uncaught Error: Call to undefined function get_template_directory_rri() in /Applications/MAMP/htdocs/kerako/wp-content/themes/themeKerako/footer.php:32
Stack trace:
#0 /Applications/MAMP/htdocs/kerako/wp-includes/template.php(722): require_once()
#1 /Applications/MAMP/htdocs/kerako/wp-includes/template.php(671): load_template('/Applications/M...', true)
#2 /Applications/MAMP/htdocs/kerako/wp-includes/general-template.php(76): locate_template(Array, true)
#3 /Applications/MAMP/htdocs/kerako/wp-content/themes/themeKerako/page-vintage.php(21): get_footer()
#4 /Applications/MAMP/htdocs/kerako/wp-includes/template-loader.php(98): include('/Applications/M...')
#5 /Applications/MAMP/htdocs/kerako/wp-blog-header.php(19): require_once('/Applications/M...')
#6 /Applications/MAMP/htdocs/kerako/index.php(17): require('/Applications/M...')
#7 {main}
  thrown in /Applications/MAMP/htdocs/kerako/wp-content/themes/themeKerako/footer.php on line 32

2019-12-19T10:48:18+00:00 CRITICAL Uncaught Error: Call to undefined function get_template_directory_rri() in /Applications/MAMP/htdocs/kerako/wp-content/themes/themeKerako/footer.php:32
Stack trace:
#0 /Applications/MAMP/htdocs/kerako/wp-includes/template.php(722): require_once()
#1 /Applications/MAMP/htdocs/kerako/wp-includes/template.php(671): load_template('/Applications/M...', true)
#2 /Applications/MAMP/htdocs/kerako/wp-includes/general-template.php(76): locate_template(Array, true)
#3 /Applications/MAMP/htdocs/kerako/wp-content/themes/themeKerako/page-creation.php(21): get_footer()
#4 /Applications/MAMP/htdocs/kerako/wp-includes/template-loader.php(98): include('/Applications/M...')
#5 /Applications/MAMP/htdocs/kerako/wp-blog-header.php(19): require_once('/Applications/M...')
#6 /Applications/MAMP/htdocs/kerako/index.php(17): require('/Applications/M...')
#7 {main}
  thrown in /Applications/MAMP/htdocs/kerako/wp-content/themes/themeKerako/footer.php on line 32

2019-12-19T10:48:19+00:00 CRITICAL Uncaught Error: Call to undefined function get_template_directory_rri() in /Applications/MAMP/htdocs/kerako/wp-content/themes/themeKerako/footer.php:32
Stack trace:
#0 /Applications/MAMP/htdocs/kerako/wp-includes/template.php(722): require_once()
#1 /Applications/MAMP/htdocs/kerako/wp-includes/template.php(671): load_template('/Applications/M...', true)
#2 /Applications/MAMP/htdocs/kerako/wp-includes/general-template.php(76): locate_template(Array, true)
#3 /Applications/MAMP/htdocs/kerako/wp-content/themes/themeKerako/index.php(165): get_footer()
#4 /Applications/MAMP/htdocs/kerako/wp-includes/template-loader.php(98): include('/Applications/M...')
#5 /Applications/MAMP/htdocs/kerako/wp-blog-header.php(19): require_once('/Applications/M...')
#6 /Applications/MAMP/htdocs/kerako/index.php(17): require('/Applications/M...')
#7 {main}
  thrown in /Applications/MAMP/htdocs/kerako/wp-content/themes/themeKerako/footer.php on line 32

2019-12-19T10:48:32+00:00 CRITICAL Uncaught Error: Call to undefined function get_template_directory_rri() in /Applications/MAMP/htdocs/kerako/wp-content/themes/themeKerako/footer.php:32
Stack trace:
#0 /Applications/MAMP/htdocs/kerako/wp-includes/template.php(722): require_once()
#1 /Applications/MAMP/htdocs/kerako/wp-includes/template.php(671): load_template('/Applications/M...', true)
#2 /Applications/MAMP/htdocs/kerako/wp-includes/general-template.php(76): locate_template(Array, true)
#3 /Applications/MAMP/htdocs/kerako/wp-content/themes/themeKerako/page-creation.php(21): get_footer()
#4 /Applications/MAMP/htdocs/kerako/wp-includes/template-loader.php(98): include('/Applications/M...')
#5 /Applications/MAMP/htdocs/kerako/wp-blog-header.php(19): require_once('/Applications/M...')
#6 /Applications/MAMP/htdocs/kerako/index.php(17): require('/Applications/M...')
#7 {main}
  thrown in /Applications/MAMP/htdocs/kerako/wp-content/themes/themeKerako/footer.php on line 32

