2019-12-17T08:09:30+00:00 CRITICAL Uncaught Error: Call to undefined function get_template_directory_rri() in /Applications/MAMP/htdocs/kerako/wp-content/themes/themeKerako/footer.php:32
Stack trace:
#0 /Applications/MAMP/htdocs/kerako/wp-includes/template.php(722): require_once()
#1 /Applications/MAMP/htdocs/kerako/wp-includes/template.php(671): load_template('/Applications/M...', true)
#2 /Applications/MAMP/htdocs/kerako/wp-includes/general-template.php(76): locate_template(Array, true)
#3 /Applications/MAMP/htdocs/kerako/wp-content/themes/themeKerako/page-realisation.php(22): get_footer()
#4 /Applications/MAMP/htdocs/kerako/wp-includes/template-loader.php(98): include('/Applications/M...')
#5 /Applications/MAMP/htdocs/kerako/wp-blog-header.php(19): require_once('/Applications/M...')
#6 /Applications/MAMP/htdocs/kerako/index.php(17): require('/Applications/M...')
#7 {main}
  thrown dans /Applications/MAMP/htdocs/kerako/wp-content/themes/themeKerako/footer.php à la ligne 32

2019-12-17T08:09:31+00:00 CRITICAL Uncaught Error: Call to undefined function get_template_directory_rri() in /Applications/MAMP/htdocs/kerako/wp-content/themes/themeKerako/footer.php:32
Stack trace:
#0 /Applications/MAMP/htdocs/kerako/wp-includes/template.php(722): require_once()
#1 /Applications/MAMP/htdocs/kerako/wp-includes/template.php(671): load_template('/Applications/M...', true)
#2 /Applications/MAMP/htdocs/kerako/wp-includes/general-template.php(76): locate_template(Array, true)
#3 /Applications/MAMP/htdocs/kerako/wp-content/themes/themeKerako/index.php(181): get_footer()
#4 /Applications/MAMP/htdocs/kerako/wp-includes/template-loader.php(98): include('/Applications/M...')
#5 /Applications/MAMP/htdocs/kerako/wp-blog-header.php(19): require_once('/Applications/M...')
#6 /Applications/MAMP/htdocs/kerako/index.php(17): require('/Applications/M...')
#7 {main}
  thrown dans /Applications/MAMP/htdocs/kerako/wp-content/themes/themeKerako/footer.php à la ligne 32

2019-12-17T08:09:31+00:00 CRITICAL Uncaught Error: Call to undefined function get_template_directory_rri() in /Applications/MAMP/htdocs/kerako/wp-content/themes/themeKerako/footer.php:32
Stack trace:
#0 /Applications/MAMP/htdocs/kerako/wp-includes/template.php(722): require_once()
#1 /Applications/MAMP/htdocs/kerako/wp-includes/template.php(671): load_template('/Applications/M...', true)
#2 /Applications/MAMP/htdocs/kerako/wp-includes/general-template.php(76): locate_template(Array, true)
#3 /Applications/MAMP/htdocs/kerako/wp-content/themes/themeKerako/index.php(181): get_footer()
#4 /Applications/MAMP/htdocs/kerako/wp-includes/template-loader.php(98): include('/Applications/M...')
#5 /Applications/MAMP/htdocs/kerako/wp-blog-header.php(19): require_once('/Applications/M...')
#6 /Applications/MAMP/htdocs/kerako/index.php(17): require('/Applications/M...')
#7 {main}
  thrown dans /Applications/MAMP/htdocs/kerako/wp-content/themes/themeKerako/footer.php à la ligne 32

2019-12-17T08:10:14+00:00 CRITICAL Uncaught Error: Call to undefined function get_template_directory_rri() in /Applications/MAMP/htdocs/kerako/wp-content/themes/themeKerako/footer.php:32
Stack trace:
#0 /Applications/MAMP/htdocs/kerako/wp-includes/template.php(722): require_once()
#1 /Applications/MAMP/htdocs/kerako/wp-includes/template.php(671): load_template('/Applications/M...', true)
#2 /Applications/MAMP/htdocs/kerako/wp-includes/general-template.php(76): locate_template(Array, true)
#3 /Applications/MAMP/htdocs/kerako/wp-content/themes/themeKerako/page-realisation.php(21): get_footer()
#4 /Applications/MAMP/htdocs/kerako/wp-includes/template-loader.php(98): include('/Applications/M...')
#5 /Applications/MAMP/htdocs/kerako/wp-blog-header.php(19): require_once('/Applications/M...')
#6 /Applications/MAMP/htdocs/kerako/index.php(17): require('/Applications/M...')
#7 {main}
  thrown dans /Applications/MAMP/htdocs/kerako/wp-content/themes/themeKerako/footer.php à la ligne 32

2019-12-17T08:10:15+00:00 CRITICAL Uncaught Error: Call to undefined function get_template_directory_rri() in /Applications/MAMP/htdocs/kerako/wp-content/themes/themeKerako/footer.php:32
Stack trace:
#0 /Applications/MAMP/htdocs/kerako/wp-includes/template.php(722): require_once()
#1 /Applications/MAMP/htdocs/kerako/wp-includes/template.php(671): load_template('/Applications/M...', true)
#2 /Applications/MAMP/htdocs/kerako/wp-includes/general-template.php(76): locate_template(Array, true)
#3 /Applications/MAMP/htdocs/kerako/wp-content/themes/themeKerako/index.php(181): get_footer()
#4 /Applications/MAMP/htdocs/kerako/wp-includes/template-loader.php(98): include('/Applications/M...')
#5 /Applications/MAMP/htdocs/kerako/wp-blog-header.php(19): require_once('/Applications/M...')
#6 /Applications/MAMP/htdocs/kerako/index.php(17): require('/Applications/M...')
#7 {main}
  thrown dans /Applications/MAMP/htdocs/kerako/wp-content/themes/themeKerako/footer.php à la ligne 32

2019-12-17T08:10:15+00:00 CRITICAL Uncaught Error: Call to undefined function get_template_directory_rri() in /Applications/MAMP/htdocs/kerako/wp-content/themes/themeKerako/footer.php:32
Stack trace:
#0 /Applications/MAMP/htdocs/kerako/wp-includes/template.php(722): require_once()
#1 /Applications/MAMP/htdocs/kerako/wp-includes/template.php(671): load_template('/Applications/M...', true)
#2 /Applications/MAMP/htdocs/kerako/wp-includes/general-template.php(76): locate_template(Array, true)
#3 /Applications/MAMP/htdocs/kerako/wp-content/themes/themeKerako/index.php(181): get_footer()
#4 /Applications/MAMP/htdocs/kerako/wp-includes/template-loader.php(98): include('/Applications/M...')
#5 /Applications/MAMP/htdocs/kerako/wp-blog-header.php(19): require_once('/Applications/M...')
#6 /Applications/MAMP/htdocs/kerako/index.php(17): require('/Applications/M...')
#7 {main}
  thrown dans /Applications/MAMP/htdocs/kerako/wp-content/themes/themeKerako/footer.php à la ligne 32

2019-12-17T08:13:09+00:00 CRITICAL Uncaught Error: Call to undefined function get_template_directory_rri() in /Applications/MAMP/htdocs/kerako/wp-content/themes/themeKerako/footer.php:32
Stack trace:
#0 /Applications/MAMP/htdocs/kerako/wp-includes/template.php(722): require_once()
#1 /Applications/MAMP/htdocs/kerako/wp-includes/template.php(671): load_template('/Applications/M...', true)
#2 /Applications/MAMP/htdocs/kerako/wp-includes/general-template.php(76): locate_template(Array, true)
#3 /Applications/MAMP/htdocs/kerako/wp-content/themes/themeKerako/page-realisation.php(21): get_footer()
#4 /Applications/MAMP/htdocs/kerako/wp-includes/template-loader.php(98): include('/Applications/M...')
#5 /Applications/MAMP/htdocs/kerako/wp-blog-header.php(19): require_once('/Applications/M...')
#6 /Applications/MAMP/htdocs/kerako/index.php(17): require('/Applications/M...')
#7 {main}
  thrown dans /Applications/MAMP/htdocs/kerako/wp-content/themes/themeKerako/footer.php à la ligne 32

2019-12-17T08:13:09+00:00 CRITICAL Uncaught Error: Call to undefined function get_template_directory_rri() in /Applications/MAMP/htdocs/kerako/wp-content/themes/themeKerako/footer.php:32
Stack trace:
#0 /Applications/MAMP/htdocs/kerako/wp-includes/template.php(722): require_once()
#1 /Applications/MAMP/htdocs/kerako/wp-includes/template.php(671): load_template('/Applications/M...', true)
#2 /Applications/MAMP/htdocs/kerako/wp-includes/general-template.php(76): locate_template(Array, true)
#3 /Applications/MAMP/htdocs/kerako/wp-content/themes/themeKerako/index.php(181): get_footer()
#4 /Applications/MAMP/htdocs/kerako/wp-includes/template-loader.php(98): include('/Applications/M...')
#5 /Applications/MAMP/htdocs/kerako/wp-blog-header.php(19): require_once('/Applications/M...')
#6 /Applications/MAMP/htdocs/kerako/index.php(17): require('/Applications/M...')
#7 {main}
  thrown dans /Applications/MAMP/htdocs/kerako/wp-content/themes/themeKerako/footer.php à la ligne 32

2019-12-17T08:13:09+00:00 CRITICAL Uncaught Error: Call to undefined function get_template_directory_rri() in /Applications/MAMP/htdocs/kerako/wp-content/themes/themeKerako/footer.php:32
Stack trace:
#0 /Applications/MAMP/htdocs/kerako/wp-includes/template.php(722): require_once()
#1 /Applications/MAMP/htdocs/kerako/wp-includes/template.php(671): load_template('/Applications/M...', true)
#2 /Applications/MAMP/htdocs/kerako/wp-includes/general-template.php(76): locate_template(Array, true)
#3 /Applications/MAMP/htdocs/kerako/wp-content/themes/themeKerako/index.php(181): get_footer()
#4 /Applications/MAMP/htdocs/kerako/wp-includes/template-loader.php(98): include('/Applications/M...')
#5 /Applications/MAMP/htdocs/kerako/wp-blog-header.php(19): require_once('/Applications/M...')
#6 /Applications/MAMP/htdocs/kerako/index.php(17): require('/Applications/M...')
#7 {main}
  thrown dans /Applications/MAMP/htdocs/kerako/wp-content/themes/themeKerako/footer.php à la ligne 32

2019-12-17T08:13:26+00:00 CRITICAL Uncaught Error: Call to undefined function get_template_directory_rri() in /Applications/MAMP/htdocs/kerako/wp-content/themes/themeKerako/footer.php:32
Stack trace:
#0 /Applications/MAMP/htdocs/kerako/wp-includes/template.php(722): require_once()
#1 /Applications/MAMP/htdocs/kerako/wp-includes/template.php(671): load_template('/Applications/M...', true)
#2 /Applications/MAMP/htdocs/kerako/wp-includes/general-template.php(76): locate_template(Array, true)
#3 /Applications/MAMP/htdocs/kerako/wp-content/themes/themeKerako/page-realisation.php(21): get_footer()
#4 /Applications/MAMP/htdocs/kerako/wp-includes/template-loader.php(98): include('/Applications/M...')
#5 /Applications/MAMP/htdocs/kerako/wp-blog-header.php(19): require_once('/Applications/M...')
#6 /Applications/MAMP/htdocs/kerako/index.php(17): require('/Applications/M...')
#7 {main}
  thrown dans /Applications/MAMP/htdocs/kerako/wp-content/themes/themeKerako/footer.php à la ligne 32

2019-12-17T08:13:26+00:00 CRITICAL Uncaught Error: Call to undefined function get_template_directory_rri() in /Applications/MAMP/htdocs/kerako/wp-content/themes/themeKerako/footer.php:32
Stack trace:
#0 /Applications/MAMP/htdocs/kerako/wp-includes/template.php(722): require_once()
#1 /Applications/MAMP/htdocs/kerako/wp-includes/template.php(671): load_template('/Applications/M...', true)
#2 /Applications/MAMP/htdocs/kerako/wp-includes/general-template.php(76): locate_template(Array, true)
#3 /Applications/MAMP/htdocs/kerako/wp-content/themes/themeKerako/index.php(181): get_footer()
#4 /Applications/MAMP/htdocs/kerako/wp-includes/template-loader.php(98): include('/Applications/M...')
#5 /Applications/MAMP/htdocs/kerako/wp-blog-header.php(19): require_once('/Applications/M...')
#6 /Applications/MAMP/htdocs/kerako/index.php(17): require('/Applications/M...')
#7 {main}
  thrown dans /Applications/MAMP/htdocs/kerako/wp-content/themes/themeKerako/footer.php à la ligne 32

2019-12-17T08:13:26+00:00 CRITICAL Uncaught Error: Call to undefined function get_template_directory_rri() in /Applications/MAMP/htdocs/kerako/wp-content/themes/themeKerako/footer.php:32
Stack trace:
#0 /Applications/MAMP/htdocs/kerako/wp-includes/template.php(722): require_once()
#1 /Applications/MAMP/htdocs/kerako/wp-includes/template.php(671): load_template('/Applications/M...', true)
#2 /Applications/MAMP/htdocs/kerako/wp-includes/general-template.php(76): locate_template(Array, true)
#3 /Applications/MAMP/htdocs/kerako/wp-content/themes/themeKerako/index.php(181): get_footer()
#4 /Applications/MAMP/htdocs/kerako/wp-includes/template-loader.php(98): include('/Applications/M...')
#5 /Applications/MAMP/htdocs/kerako/wp-blog-header.php(19): require_once('/Applications/M...')
#6 /Applications/MAMP/htdocs/kerako/index.php(17): require('/Applications/M...')
#7 {main}
  thrown dans /Applications/MAMP/htdocs/kerako/wp-content/themes/themeKerako/footer.php à la ligne 32

2019-12-17T08:23:52+00:00 CRITICAL Uncaught Error: Call to undefined function get_template_directory_rri() in /Applications/MAMP/htdocs/kerako/wp-content/themes/themeKerako/footer.php:32
Stack trace:
#0 /Applications/MAMP/htdocs/kerako/wp-includes/template.php(722): require_once()
#1 /Applications/MAMP/htdocs/kerako/wp-includes/template.php(671): load_template('/Applications/M...', true)
#2 /Applications/MAMP/htdocs/kerako/wp-includes/general-template.php(76): locate_template(Array, true)
#3 /Applications/MAMP/htdocs/kerako/wp-content/themes/themeKerako/page-realisation.php(21): get_footer()
#4 /Applications/MAMP/htdocs/kerako/wp-includes/template-loader.php(98): include('/Applications/M...')
#5 /Applications/MAMP/htdocs/kerako/wp-blog-header.php(19): require_once('/Applications/M...')
#6 /Applications/MAMP/htdocs/kerako/index.php(17): require('/Applications/M...')
#7 {main}
  thrown dans /Applications/MAMP/htdocs/kerako/wp-content/themes/themeKerako/footer.php à la ligne 32

2019-12-17T08:23:53+00:00 CRITICAL Uncaught Error: Call to undefined function get_template_directory_rri() in /Applications/MAMP/htdocs/kerako/wp-content/themes/themeKerako/footer.php:32
Stack trace:
#0 /Applications/MAMP/htdocs/kerako/wp-includes/template.php(722): require_once()
#1 /Applications/MAMP/htdocs/kerako/wp-includes/template.php(671): load_template('/Applications/M...', true)
#2 /Applications/MAMP/htdocs/kerako/wp-includes/general-template.php(76): locate_template(Array, true)
#3 /Applications/MAMP/htdocs/kerako/wp-content/themes/themeKerako/index.php(181): get_footer()
#4 /Applications/MAMP/htdocs/kerako/wp-includes/template-loader.php(98): include('/Applications/M...')
#5 /Applications/MAMP/htdocs/kerako/wp-blog-header.php(19): require_once('/Applications/M...')
#6 /Applications/MAMP/htdocs/kerako/index.php(17): require('/Applications/M...')
#7 {main}
  thrown dans /Applications/MAMP/htdocs/kerako/wp-content/themes/themeKerako/footer.php à la ligne 32

2019-12-17T08:23:53+00:00 CRITICAL Uncaught Error: Call to undefined function get_template_directory_rri() in /Applications/MAMP/htdocs/kerako/wp-content/themes/themeKerako/footer.php:32
Stack trace:
#0 /Applications/MAMP/htdocs/kerako/wp-includes/template.php(722): require_once()
#1 /Applications/MAMP/htdocs/kerako/wp-includes/template.php(671): load_template('/Applications/M...', true)
#2 /Applications/MAMP/htdocs/kerako/wp-includes/general-template.php(76): locate_template(Array, true)
#3 /Applications/MAMP/htdocs/kerako/wp-content/themes/themeKerako/index.php(181): get_footer()
#4 /Applications/MAMP/htdocs/kerako/wp-includes/template-loader.php(98): include('/Applications/M...')
#5 /Applications/MAMP/htdocs/kerako/wp-blog-header.php(19): require_once('/Applications/M...')
#6 /Applications/MAMP/htdocs/kerako/index.php(17): require('/Applications/M...')
#7 {main}
  thrown dans /Applications/MAMP/htdocs/kerako/wp-content/themes/themeKerako/footer.php à la ligne 32

2019-12-17T08:25:12+00:00 CRITICAL Uncaught Error: Call to undefined function get_template_directory_rri() in /Applications/MAMP/htdocs/kerako/wp-content/themes/themeKerako/footer.php:32
Stack trace:
#0 /Applications/MAMP/htdocs/kerako/wp-includes/template.php(722): require_once()
#1 /Applications/MAMP/htdocs/kerako/wp-includes/template.php(671): load_template('/Applications/M...', true)
#2 /Applications/MAMP/htdocs/kerako/wp-includes/general-template.php(76): locate_template(Array, true)
#3 /Applications/MAMP/htdocs/kerako/wp-content/themes/themeKerako/page-realisation.php(21): get_footer()
#4 /Applications/MAMP/htdocs/kerako/wp-includes/template-loader.php(98): include('/Applications/M...')
#5 /Applications/MAMP/htdocs/kerako/wp-blog-header.php(19): require_once('/Applications/M...')
#6 /Applications/MAMP/htdocs/kerako/index.php(17): require('/Applications/M...')
#7 {main}
  thrown dans /Applications/MAMP/htdocs/kerako/wp-content/themes/themeKerako/footer.php à la ligne 32

2019-12-17T08:25:12+00:00 CRITICAL Uncaught Error: Call to undefined function get_template_directory_rri() in /Applications/MAMP/htdocs/kerako/wp-content/themes/themeKerako/footer.php:32
Stack trace:
#0 /Applications/MAMP/htdocs/kerako/wp-includes/template.php(722): require_once()
#1 /Applications/MAMP/htdocs/kerako/wp-includes/template.php(671): load_template('/Applications/M...', true)
#2 /Applications/MAMP/htdocs/kerako/wp-includes/general-template.php(76): locate_template(Array, true)
#3 /Applications/MAMP/htdocs/kerako/wp-content/themes/themeKerako/index.php(181): get_footer()
#4 /Applications/MAMP/htdocs/kerako/wp-includes/template-loader.php(98): include('/Applications/M...')
#5 /Applications/MAMP/htdocs/kerako/wp-blog-header.php(19): require_once('/Applications/M...')
#6 /Applications/MAMP/htdocs/kerako/index.php(17): require('/Applications/M...')
#7 {main}
  thrown dans /Applications/MAMP/htdocs/kerako/wp-content/themes/themeKerako/footer.php à la ligne 32

2019-12-17T08:25:13+00:00 CRITICAL Uncaught Error: Call to undefined function get_template_directory_rri() in /Applications/MAMP/htdocs/kerako/wp-content/themes/themeKerako/footer.php:32
Stack trace:
#0 /Applications/MAMP/htdocs/kerako/wp-includes/template.php(722): require_once()
#1 /Applications/MAMP/htdocs/kerako/wp-includes/template.php(671): load_template('/Applications/M...', true)
#2 /Applications/MAMP/htdocs/kerako/wp-includes/general-template.php(76): locate_template(Array, true)
#3 /Applications/MAMP/htdocs/kerako/wp-content/themes/themeKerako/index.php(181): get_footer()
#4 /Applications/MAMP/htdocs/kerako/wp-includes/template-loader.php(98): include('/Applications/M...')
#5 /Applications/MAMP/htdocs/kerako/wp-blog-header.php(19): require_once('/Applications/M...')
#6 /Applications/MAMP/htdocs/kerako/index.php(17): require('/Applications/M...')
#7 {main}
  thrown dans /Applications/MAMP/htdocs/kerako/wp-content/themes/themeKerako/footer.php à la ligne 32

2019-12-17T12:03:59+00:00 CRITICAL Uncaught Error: Call to undefined function get_template_directory_rri() in /Applications/MAMP/htdocs/kerako/wp-content/themes/themeKerako/footer.php:32
Stack trace:
#0 /Applications/MAMP/htdocs/kerako/wp-includes/template.php(722): require_once()
#1 /Applications/MAMP/htdocs/kerako/wp-includes/template.php(671): load_template('/Applications/M...', true)
#2 /Applications/MAMP/htdocs/kerako/wp-includes/general-template.php(76): locate_template(Array, true)
#3 /Applications/MAMP/htdocs/kerako/wp-content/themes/themeKerako/page-vintage.php(22): get_footer()
#4 /Applications/MAMP/htdocs/kerako/wp-includes/template-loader.php(98): include('/Applications/M...')
#5 /Applications/MAMP/htdocs/kerako/wp-blog-header.php(19): require_once('/Applications/M...')
#6 /Applications/MAMP/htdocs/kerako/index.php(17): require('/Applications/M...')
#7 {main}
  thrown dans /Applications/MAMP/htdocs/kerako/wp-content/themes/themeKerako/footer.php à la ligne 32

2019-12-17T12:04:00+00:00 CRITICAL Uncaught Error: Call to undefined function get_template_directory_rri() in /Applications/MAMP/htdocs/kerako/wp-content/themes/themeKerako/footer.php:32
Stack trace:
#0 /Applications/MAMP/htdocs/kerako/wp-includes/template.php(722): require_once()
#1 /Applications/MAMP/htdocs/kerako/wp-includes/template.php(671): load_template('/Applications/M...', true)
#2 /Applications/MAMP/htdocs/kerako/wp-includes/general-template.php(76): locate_template(Array, true)
#3 /Applications/MAMP/htdocs/kerako/wp-content/themes/themeKerako/index.php(181): get_footer()
#4 /Applications/MAMP/htdocs/kerako/wp-includes/template-loader.php(98): include('/Applications/M...')
#5 /Applications/MAMP/htdocs/kerako/wp-blog-header.php(19): require_once('/Applications/M...')
#6 /Applications/MAMP/htdocs/kerako/index.php(17): require('/Applications/M...')
#7 {main}
  thrown dans /Applications/MAMP/htdocs/kerako/wp-content/themes/themeKerako/footer.php à la ligne 32

2019-12-17T12:04:00+00:00 CRITICAL Uncaught Error: Call to undefined function get_template_directory_rri() in /Applications/MAMP/htdocs/kerako/wp-content/themes/themeKerako/footer.php:32
Stack trace:
#0 /Applications/MAMP/htdocs/kerako/wp-includes/template.php(722): require_once()
#1 /Applications/MAMP/htdocs/kerako/wp-includes/template.php(671): load_template('/Applications/M...', true)
#2 /Applications/MAMP/htdocs/kerako/wp-includes/general-template.php(76): locate_template(Array, true)
#3 /Applications/MAMP/htdocs/kerako/wp-content/themes/themeKerako/index.php(181): get_footer()
#4 /Applications/MAMP/htdocs/kerako/wp-includes/template-loader.php(98): include('/Applications/M...')
#5 /Applications/MAMP/htdocs/kerako/wp-blog-header.php(19): require_once('/Applications/M...')
#6 /Applications/MAMP/htdocs/kerako/index.php(17): require('/Applications/M...')
#7 {main}
  thrown dans /Applications/MAMP/htdocs/kerako/wp-content/themes/themeKerako/footer.php à la ligne 32

2019-12-17T12:04:14+00:00 CRITICAL Uncaught Error: Call to undefined function get_template_directory_rri() in /Applications/MAMP/htdocs/kerako/wp-content/themes/themeKerako/footer.php:32
Stack trace:
#0 /Applications/MAMP/htdocs/kerako/wp-includes/template.php(722): require_once()
#1 /Applications/MAMP/htdocs/kerako/wp-includes/template.php(671): load_template('/Applications/M...', true)
#2 /Applications/MAMP/htdocs/kerako/wp-includes/general-template.php(76): locate_template(Array, true)
#3 /Applications/MAMP/htdocs/kerako/wp-content/themes/themeKerako/page-vintage.php(22): get_footer()
#4 /Applications/MAMP/htdocs/kerako/wp-includes/template-loader.php(98): include('/Applications/M...')
#5 /Applications/MAMP/htdocs/kerako/wp-blog-header.php(19): require_once('/Applications/M...')
#6 /Applications/MAMP/htdocs/kerako/index.php(17): require('/Applications/M...')
#7 {main}
  thrown dans /Applications/MAMP/htdocs/kerako/wp-content/themes/themeKerako/footer.php à la ligne 32

2019-12-17T12:04:15+00:00 CRITICAL Uncaught Error: Call to undefined function get_template_directory_rri() in /Applications/MAMP/htdocs/kerako/wp-content/themes/themeKerako/footer.php:32
Stack trace:
#0 /Applications/MAMP/htdocs/kerako/wp-includes/template.php(722): require_once()
#1 /Applications/MAMP/htdocs/kerako/wp-includes/template.php(671): load_template('/Applications/M...', true)
#2 /Applications/MAMP/htdocs/kerako/wp-includes/general-template.php(76): locate_template(Array, true)
#3 /Applications/MAMP/htdocs/kerako/wp-content/themes/themeKerako/index.php(181): get_footer()
#4 /Applications/MAMP/htdocs/kerako/wp-includes/template-loader.php(98): include('/Applications/M...')
#5 /Applications/MAMP/htdocs/kerako/wp-blog-header.php(19): require_once('/Applications/M...')
#6 /Applications/MAMP/htdocs/kerako/index.php(17): require('/Applications/M...')
#7 {main}
  thrown dans /Applications/MAMP/htdocs/kerako/wp-content/themes/themeKerako/footer.php à la ligne 32

2019-12-17T12:04:15+00:00 CRITICAL Uncaught Error: Call to undefined function get_template_directory_rri() in /Applications/MAMP/htdocs/kerako/wp-content/themes/themeKerako/footer.php:32
Stack trace:
#0 /Applications/MAMP/htdocs/kerako/wp-includes/template.php(722): require_once()
#1 /Applications/MAMP/htdocs/kerako/wp-includes/template.php(671): load_template('/Applications/M...', true)
#2 /Applications/MAMP/htdocs/kerako/wp-includes/general-template.php(76): locate_template(Array, true)
#3 /Applications/MAMP/htdocs/kerako/wp-content/themes/themeKerako/index.php(181): get_footer()
#4 /Applications/MAMP/htdocs/kerako/wp-includes/template-loader.php(98): include('/Applications/M...')
#5 /Applications/MAMP/htdocs/kerako/wp-blog-header.php(19): require_once('/Applications/M...')
#6 /Applications/MAMP/htdocs/kerako/index.php(17): require('/Applications/M...')
#7 {main}
  thrown dans /Applications/MAMP/htdocs/kerako/wp-content/themes/themeKerako/footer.php à la ligne 32

2019-12-17T12:04:17+00:00 CRITICAL Uncaught Error: Call to undefined function get_template_directory_rri() in /Applications/MAMP/htdocs/kerako/wp-content/themes/themeKerako/footer.php:32
Stack trace:
#0 /Applications/MAMP/htdocs/kerako/wp-includes/template.php(722): require_once()
#1 /Applications/MAMP/htdocs/kerako/wp-includes/template.php(671): load_template('/Applications/M...', true)
#2 /Applications/MAMP/htdocs/kerako/wp-includes/general-template.php(76): locate_template(Array, true)
#3 /Applications/MAMP/htdocs/kerako/wp-content/themes/themeKerako/page-vintage.php(22): get_footer()
#4 /Applications/MAMP/htdocs/kerako/wp-includes/template-loader.php(98): include('/Applications/M...')
#5 /Applications/MAMP/htdocs/kerako/wp-blog-header.php(19): require_once('/Applications/M...')
#6 /Applications/MAMP/htdocs/kerako/index.php(17): require('/Applications/M...')
#7 {main}
  thrown dans /Applications/MAMP/htdocs/kerako/wp-content/themes/themeKerako/footer.php à la ligne 32

2019-12-17T12:04:18+00:00 CRITICAL Uncaught Error: Call to undefined function get_template_directory_rri() in /Applications/MAMP/htdocs/kerako/wp-content/themes/themeKerako/footer.php:32
Stack trace:
#0 /Applications/MAMP/htdocs/kerako/wp-includes/template.php(722): require_once()
#1 /Applications/MAMP/htdocs/kerako/wp-includes/template.php(671): load_template('/Applications/M...', true)
#2 /Applications/MAMP/htdocs/kerako/wp-includes/general-template.php(76): locate_template(Array, true)
#3 /Applications/MAMP/htdocs/kerako/wp-content/themes/themeKerako/index.php(181): get_footer()
#4 /Applications/MAMP/htdocs/kerako/wp-includes/template-loader.php(98): include('/Applications/M...')
#5 /Applications/MAMP/htdocs/kerako/wp-blog-header.php(19): require_once('/Applications/M...')
#6 /Applications/MAMP/htdocs/kerako/index.php(17): require('/Applications/M...')
#7 {main}
  thrown dans /Applications/MAMP/htdocs/kerako/wp-content/themes/themeKerako/footer.php à la ligne 32

2019-12-17T12:04:18+00:00 CRITICAL Uncaught Error: Call to undefined function get_template_directory_rri() in /Applications/MAMP/htdocs/kerako/wp-content/themes/themeKerako/footer.php:32
Stack trace:
#0 /Applications/MAMP/htdocs/kerako/wp-includes/template.php(722): require_once()
#1 /Applications/MAMP/htdocs/kerako/wp-includes/template.php(671): load_template('/Applications/M...', true)
#2 /Applications/MAMP/htdocs/kerako/wp-includes/general-template.php(76): locate_template(Array, true)
#3 /Applications/MAMP/htdocs/kerako/wp-content/themes/themeKerako/index.php(181): get_footer()
#4 /Applications/MAMP/htdocs/kerako/wp-includes/template-loader.php(98): include('/Applications/M...')
#5 /Applications/MAMP/htdocs/kerako/wp-blog-header.php(19): require_once('/Applications/M...')
#6 /Applications/MAMP/htdocs/kerako/index.php(17): require('/Applications/M...')
#7 {main}
  thrown dans /Applications/MAMP/htdocs/kerako/wp-content/themes/themeKerako/footer.php à la ligne 32

2019-12-17T12:04:20+00:00 CRITICAL Uncaught Error: Call to undefined function get_template_directory_rri() in /Applications/MAMP/htdocs/kerako/wp-content/themes/themeKerako/footer.php:32
Stack trace:
#0 /Applications/MAMP/htdocs/kerako/wp-includes/template.php(722): require_once()
#1 /Applications/MAMP/htdocs/kerako/wp-includes/template.php(671): load_template('/Applications/M...', true)
#2 /Applications/MAMP/htdocs/kerako/wp-includes/general-template.php(76): locate_template(Array, true)
#3 /Applications/MAMP/htdocs/kerako/wp-content/themes/themeKerako/page-vintage.php(22): get_footer()
#4 /Applications/MAMP/htdocs/kerako/wp-includes/template-loader.php(98): include('/Applications/M...')
#5 /Applications/MAMP/htdocs/kerako/wp-blog-header.php(19): require_once('/Applications/M...')
#6 /Applications/MAMP/htdocs/kerako/index.php(17): require('/Applications/M...')
#7 {main}
  thrown dans /Applications/MAMP/htdocs/kerako/wp-content/themes/themeKerako/footer.php à la ligne 32

2019-12-17T12:04:20+00:00 CRITICAL Uncaught Error: Call to undefined function get_template_directory_rri() in /Applications/MAMP/htdocs/kerako/wp-content/themes/themeKerako/footer.php:32
Stack trace:
#0 /Applications/MAMP/htdocs/kerako/wp-includes/template.php(722): require_once()
#1 /Applications/MAMP/htdocs/kerako/wp-includes/template.php(671): load_template('/Applications/M...', true)
#2 /Applications/MAMP/htdocs/kerako/wp-includes/general-template.php(76): locate_template(Array, true)
#3 /Applications/MAMP/htdocs/kerako/wp-content/themes/themeKerako/index.php(181): get_footer()
#4 /Applications/MAMP/htdocs/kerako/wp-includes/template-loader.php(98): include('/Applications/M...')
#5 /Applications/MAMP/htdocs/kerako/wp-blog-header.php(19): require_once('/Applications/M...')
#6 /Applications/MAMP/htdocs/kerako/index.php(17): require('/Applications/M...')
#7 {main}
  thrown dans /Applications/MAMP/htdocs/kerako/wp-content/themes/themeKerako/footer.php à la ligne 32

2019-12-17T12:04:21+00:00 CRITICAL Uncaught Error: Call to undefined function get_template_directory_rri() in /Applications/MAMP/htdocs/kerako/wp-content/themes/themeKerako/footer.php:32
Stack trace:
#0 /Applications/MAMP/htdocs/kerako/wp-includes/template.php(722): require_once()
#1 /Applications/MAMP/htdocs/kerako/wp-includes/template.php(671): load_template('/Applications/M...', true)
#2 /Applications/MAMP/htdocs/kerako/wp-includes/general-template.php(76): locate_template(Array, true)
#3 /Applications/MAMP/htdocs/kerako/wp-content/themes/themeKerako/index.php(181): get_footer()
#4 /Applications/MAMP/htdocs/kerako/wp-includes/template-loader.php(98): include('/Applications/M...')
#5 /Applications/MAMP/htdocs/kerako/wp-blog-header.php(19): require_once('/Applications/M...')
#6 /Applications/MAMP/htdocs/kerako/index.php(17): require('/Applications/M...')
#7 {main}
  thrown dans /Applications/MAMP/htdocs/kerako/wp-content/themes/themeKerako/footer.php à la ligne 32

2019-12-17T12:04:29+00:00 CRITICAL Uncaught Error: Call to undefined function get_template_directory_rri() in /Applications/MAMP/htdocs/kerako/wp-content/themes/themeKerako/footer.php:32
Stack trace:
#0 /Applications/MAMP/htdocs/kerako/wp-includes/template.php(722): require_once()
#1 /Applications/MAMP/htdocs/kerako/wp-includes/template.php(671): load_template('/Applications/M...', true)
#2 /Applications/MAMP/htdocs/kerako/wp-includes/general-template.php(76): locate_template(Array, true)
#3 /Applications/MAMP/htdocs/kerako/wp-content/themes/themeKerako/page-vintage.php(22): get_footer()
#4 /Applications/MAMP/htdocs/kerako/wp-includes/template-loader.php(98): include('/Applications/M...')
#5 /Applications/MAMP/htdocs/kerako/wp-blog-header.php(19): require_once('/Applications/M...')
#6 /Applications/MAMP/htdocs/kerako/index.php(17): require('/Applications/M...')
#7 {main}
  thrown dans /Applications/MAMP/htdocs/kerako/wp-content/themes/themeKerako/footer.php à la ligne 32

2019-12-17T12:04:29+00:00 CRITICAL Uncaught Error: Call to undefined function get_template_directory_rri() in /Applications/MAMP/htdocs/kerako/wp-content/themes/themeKerako/footer.php:32
Stack trace:
#0 /Applications/MAMP/htdocs/kerako/wp-includes/template.php(722): require_once()
#1 /Applications/MAMP/htdocs/kerako/wp-includes/template.php(671): load_template('/Applications/M...', true)
#2 /Applications/MAMP/htdocs/kerako/wp-includes/general-template.php(76): locate_template(Array, true)
#3 /Applications/MAMP/htdocs/kerako/wp-content/themes/themeKerako/index.php(181): get_footer()
#4 /Applications/MAMP/htdocs/kerako/wp-includes/template-loader.php(98): include('/Applications/M...')
#5 /Applications/MAMP/htdocs/kerako/wp-blog-header.php(19): require_once('/Applications/M...')
#6 /Applications/MAMP/htdocs/kerako/index.php(17): require('/Applications/M...')
#7 {main}
  thrown dans /Applications/MAMP/htdocs/kerako/wp-content/themes/themeKerako/footer.php à la ligne 32

2019-12-17T12:04:29+00:00 CRITICAL Uncaught Error: Call to undefined function get_template_directory_rri() in /Applications/MAMP/htdocs/kerako/wp-content/themes/themeKerako/footer.php:32
Stack trace:
#0 /Applications/MAMP/htdocs/kerako/wp-includes/template.php(722): require_once()
#1 /Applications/MAMP/htdocs/kerako/wp-includes/template.php(671): load_template('/Applications/M...', true)
#2 /Applications/MAMP/htdocs/kerako/wp-includes/general-template.php(76): locate_template(Array, true)
#3 /Applications/MAMP/htdocs/kerako/wp-content/themes/themeKerako/index.php(181): get_footer()
#4 /Applications/MAMP/htdocs/kerako/wp-includes/template-loader.php(98): include('/Applications/M...')
#5 /Applications/MAMP/htdocs/kerako/wp-blog-header.php(19): require_once('/Applications/M...')
#6 /Applications/MAMP/htdocs/kerako/index.php(17): require('/Applications/M...')
#7 {main}
  thrown dans /Applications/MAMP/htdocs/kerako/wp-content/themes/themeKerako/footer.php à la ligne 32

2019-12-17T12:04:30+00:00 CRITICAL Uncaught Error: Call to undefined function get_template_directory_rri() in /Applications/MAMP/htdocs/kerako/wp-content/themes/themeKerako/footer.php:32
Stack trace:
#0 /Applications/MAMP/htdocs/kerako/wp-includes/template.php(722): require_once()
#1 /Applications/MAMP/htdocs/kerako/wp-includes/template.php(671): load_template('/Applications/M...', true)
#2 /Applications/MAMP/htdocs/kerako/wp-includes/general-template.php(76): locate_template(Array, true)
#3 /Applications/MAMP/htdocs/kerako/wp-content/themes/themeKerako/page-vintage.php(22): get_footer()
#4 /Applications/MAMP/htdocs/kerako/wp-includes/template-loader.php(98): include('/Applications/M...')
#5 /Applications/MAMP/htdocs/kerako/wp-blog-header.php(19): require_once('/Applications/M...')
#6 /Applications/MAMP/htdocs/kerako/index.php(17): require('/Applications/M...')
#7 {main}
  thrown dans /Applications/MAMP/htdocs/kerako/wp-content/themes/themeKerako/footer.php à la ligne 32

2019-12-17T12:04:31+00:00 CRITICAL Uncaught Error: Call to undefined function get_template_directory_rri() in /Applications/MAMP/htdocs/kerako/wp-content/themes/themeKerako/footer.php:32
Stack trace:
#0 /Applications/MAMP/htdocs/kerako/wp-includes/template.php(722): require_once()
#1 /Applications/MAMP/htdocs/kerako/wp-includes/template.php(671): load_template('/Applications/M...', true)
#2 /Applications/MAMP/htdocs/kerako/wp-includes/general-template.php(76): locate_template(Array, true)
#3 /Applications/MAMP/htdocs/kerako/wp-content/themes/themeKerako/index.php(181): get_footer()
#4 /Applications/MAMP/htdocs/kerako/wp-includes/template-loader.php(98): include('/Applications/M...')
#5 /Applications/MAMP/htdocs/kerako/wp-blog-header.php(19): require_once('/Applications/M...')
#6 /Applications/MAMP/htdocs/kerako/index.php(17): require('/Applications/M...')
#7 {main}
  thrown dans /Applications/MAMP/htdocs/kerako/wp-content/themes/themeKerako/footer.php à la ligne 32

2019-12-17T12:04:31+00:00 CRITICAL Uncaught Error: Call to undefined function get_template_directory_rri() in /Applications/MAMP/htdocs/kerako/wp-content/themes/themeKerako/footer.php:32
Stack trace:
#0 /Applications/MAMP/htdocs/kerako/wp-includes/template.php(722): require_once()
#1 /Applications/MAMP/htdocs/kerako/wp-includes/template.php(671): load_template('/Applications/M...', true)
#2 /Applications/MAMP/htdocs/kerako/wp-includes/general-template.php(76): locate_template(Array, true)
#3 /Applications/MAMP/htdocs/kerako/wp-content/themes/themeKerako/index.php(181): get_footer()
#4 /Applications/MAMP/htdocs/kerako/wp-includes/template-loader.php(98): include('/Applications/M...')
#5 /Applications/MAMP/htdocs/kerako/wp-blog-header.php(19): require_once('/Applications/M...')
#6 /Applications/MAMP/htdocs/kerako/index.php(17): require('/Applications/M...')
#7 {main}
  thrown dans /Applications/MAMP/htdocs/kerako/wp-content/themes/themeKerako/footer.php à la ligne 32

2019-12-17T12:04:51+00:00 CRITICAL Uncaught Error: Call to undefined function get_template_directory_rri() in /Applications/MAMP/htdocs/kerako/wp-content/themes/themeKerako/footer.php:32
Stack trace:
#0 /Applications/MAMP/htdocs/kerako/wp-includes/template.php(722): require_once()
#1 /Applications/MAMP/htdocs/kerako/wp-includes/template.php(671): load_template('/Applications/M...', true)
#2 /Applications/MAMP/htdocs/kerako/wp-includes/general-template.php(76): locate_template(Array, true)
#3 /Applications/MAMP/htdocs/kerako/wp-content/themes/themeKerako/page-vintage.php(22): get_footer()
#4 /Applications/MAMP/htdocs/kerako/wp-includes/template-loader.php(98): include('/Applications/M...')
#5 /Applications/MAMP/htdocs/kerako/wp-blog-header.php(19): require_once('/Applications/M...')
#6 /Applications/MAMP/htdocs/kerako/index.php(17): require('/Applications/M...')
#7 {main}
  thrown dans /Applications/MAMP/htdocs/kerako/wp-content/themes/themeKerako/footer.php à la ligne 32

2019-12-17T12:04:52+00:00 CRITICAL Uncaught Error: Call to undefined function get_template_directory_rri() in /Applications/MAMP/htdocs/kerako/wp-content/themes/themeKerako/footer.php:32
Stack trace:
#0 /Applications/MAMP/htdocs/kerako/wp-includes/template.php(722): require_once()
#1 /Applications/MAMP/htdocs/kerako/wp-includes/template.php(671): load_template('/Applications/M...', true)
#2 /Applications/MAMP/htdocs/kerako/wp-includes/general-template.php(76): locate_template(Array, true)
#3 /Applications/MAMP/htdocs/kerako/wp-content/themes/themeKerako/index.php(181): get_footer()
#4 /Applications/MAMP/htdocs/kerako/wp-includes/template-loader.php(98): include('/Applications/M...')
#5 /Applications/MAMP/htdocs/kerako/wp-blog-header.php(19): require_once('/Applications/M...')
#6 /Applications/MAMP/htdocs/kerako/index.php(17): require('/Applications/M...')
#7 {main}
  thrown dans /Applications/MAMP/htdocs/kerako/wp-content/themes/themeKerako/footer.php à la ligne 32

2019-12-17T12:04:52+00:00 CRITICAL Uncaught Error: Call to undefined function get_template_directory_rri() in /Applications/MAMP/htdocs/kerako/wp-content/themes/themeKerako/footer.php:32
Stack trace:
#0 /Applications/MAMP/htdocs/kerako/wp-includes/template.php(722): require_once()
#1 /Applications/MAMP/htdocs/kerako/wp-includes/template.php(671): load_template('/Applications/M...', true)
#2 /Applications/MAMP/htdocs/kerako/wp-includes/general-template.php(76): locate_template(Array, true)
#3 /Applications/MAMP/htdocs/kerako/wp-content/themes/themeKerako/index.php(181): get_footer()
#4 /Applications/MAMP/htdocs/kerako/wp-includes/template-loader.php(98): include('/Applications/M...')
#5 /Applications/MAMP/htdocs/kerako/wp-blog-header.php(19): require_once('/Applications/M...')
#6 /Applications/MAMP/htdocs/kerako/index.php(17): require('/Applications/M...')
#7 {main}
  thrown dans /Applications/MAMP/htdocs/kerako/wp-content/themes/themeKerako/footer.php à la ligne 32

2019-12-17T12:06:36+00:00 CRITICAL Uncaught Error: Call to undefined function get_template_directory_rri() in /Applications/MAMP/htdocs/kerako/wp-content/themes/themeKerako/footer.php:32
Stack trace:
#0 /Applications/MAMP/htdocs/kerako/wp-includes/template.php(722): require_once()
#1 /Applications/MAMP/htdocs/kerako/wp-includes/template.php(671): load_template('/Applications/M...', true)
#2 /Applications/MAMP/htdocs/kerako/wp-includes/general-template.php(76): locate_template(Array, true)
#3 /Applications/MAMP/htdocs/kerako/wp-content/themes/themeKerako/page-vintage.php(22): get_footer()
#4 /Applications/MAMP/htdocs/kerako/wp-includes/template-loader.php(98): include('/Applications/M...')
#5 /Applications/MAMP/htdocs/kerako/wp-blog-header.php(19): require_once('/Applications/M...')
#6 /Applications/MAMP/htdocs/kerako/index.php(17): require('/Applications/M...')
#7 {main}
  thrown dans /Applications/MAMP/htdocs/kerako/wp-content/themes/themeKerako/footer.php à la ligne 32

2019-12-17T12:06:37+00:00 CRITICAL Uncaught Error: Call to undefined function get_template_directory_rri() in /Applications/MAMP/htdocs/kerako/wp-content/themes/themeKerako/footer.php:32
Stack trace:
#0 /Applications/MAMP/htdocs/kerako/wp-includes/template.php(722): require_once()
#1 /Applications/MAMP/htdocs/kerako/wp-includes/template.php(671): load_template('/Applications/M...', true)
#2 /Applications/MAMP/htdocs/kerako/wp-includes/general-template.php(76): locate_template(Array, true)
#3 /Applications/MAMP/htdocs/kerako/wp-content/themes/themeKerako/index.php(181): get_footer()
#4 /Applications/MAMP/htdocs/kerako/wp-includes/template-loader.php(98): include('/Applications/M...')
#5 /Applications/MAMP/htdocs/kerako/wp-blog-header.php(19): require_once('/Applications/M...')
#6 /Applications/MAMP/htdocs/kerako/index.php(17): require('/Applications/M...')
#7 {main}
  thrown dans /Applications/MAMP/htdocs/kerako/wp-content/themes/themeKerako/footer.php à la ligne 32

2019-12-17T12:06:37+00:00 CRITICAL Uncaught Error: Call to undefined function get_template_directory_rri() in /Applications/MAMP/htdocs/kerako/wp-content/themes/themeKerako/footer.php:32
Stack trace:
#0 /Applications/MAMP/htdocs/kerako/wp-includes/template.php(722): require_once()
#1 /Applications/MAMP/htdocs/kerako/wp-includes/template.php(671): load_template('/Applications/M...', true)
#2 /Applications/MAMP/htdocs/kerako/wp-includes/general-template.php(76): locate_template(Array, true)
#3 /Applications/MAMP/htdocs/kerako/wp-content/themes/themeKerako/index.php(181): get_footer()
#4 /Applications/MAMP/htdocs/kerako/wp-includes/template-loader.php(98): include('/Applications/M...')
#5 /Applications/MAMP/htdocs/kerako/wp-blog-header.php(19): require_once('/Applications/M...')
#6 /Applications/MAMP/htdocs/kerako/index.php(17): require('/Applications/M...')
#7 {main}
  thrown dans /Applications/MAMP/htdocs/kerako/wp-content/themes/themeKerako/footer.php à la ligne 32

2019-12-17T12:06:39+00:00 CRITICAL Uncaught Error: Call to undefined function get_template_directory_rri() in /Applications/MAMP/htdocs/kerako/wp-content/themes/themeKerako/footer.php:32
Stack trace:
#0 /Applications/MAMP/htdocs/kerako/wp-includes/template.php(722): require_once()
#1 /Applications/MAMP/htdocs/kerako/wp-includes/template.php(671): load_template('/Applications/M...', true)
#2 /Applications/MAMP/htdocs/kerako/wp-includes/general-template.php(76): locate_template(Array, true)
#3 /Applications/MAMP/htdocs/kerako/wp-content/themes/themeKerako/page-vintage.php(22): get_footer()
#4 /Applications/MAMP/htdocs/kerako/wp-includes/template-loader.php(98): include('/Applications/M...')
#5 /Applications/MAMP/htdocs/kerako/wp-blog-header.php(19): require_once('/Applications/M...')
#6 /Applications/MAMP/htdocs/kerako/index.php(17): require('/Applications/M...')
#7 {main}
  thrown dans /Applications/MAMP/htdocs/kerako/wp-content/themes/themeKerako/footer.php à la ligne 32

2019-12-17T12:06:40+00:00 CRITICAL Uncaught Error: Call to undefined function get_template_directory_rri() in /Applications/MAMP/htdocs/kerako/wp-content/themes/themeKerako/footer.php:32
Stack trace:
#0 /Applications/MAMP/htdocs/kerako/wp-includes/template.php(722): require_once()
#1 /Applications/MAMP/htdocs/kerako/wp-includes/template.php(671): load_template('/Applications/M...', true)
#2 /Applications/MAMP/htdocs/kerako/wp-includes/general-template.php(76): locate_template(Array, true)
#3 /Applications/MAMP/htdocs/kerako/wp-content/themes/themeKerako/index.php(181): get_footer()
#4 /Applications/MAMP/htdocs/kerako/wp-includes/template-loader.php(98): include('/Applications/M...')
#5 /Applications/MAMP/htdocs/kerako/wp-blog-header.php(19): require_once('/Applications/M...')
#6 /Applications/MAMP/htdocs/kerako/index.php(17): require('/Applications/M...')
#7 {main}
  thrown dans /Applications/MAMP/htdocs/kerako/wp-content/themes/themeKerako/footer.php à la ligne 32

2019-12-17T12:06:40+00:00 CRITICAL Uncaught Error: Call to undefined function get_template_directory_rri() in /Applications/MAMP/htdocs/kerako/wp-content/themes/themeKerako/footer.php:32
Stack trace:
#0 /Applications/MAMP/htdocs/kerako/wp-includes/template.php(722): require_once()
#1 /Applications/MAMP/htdocs/kerako/wp-includes/template.php(671): load_template('/Applications/M...', true)
#2 /Applications/MAMP/htdocs/kerako/wp-includes/general-template.php(76): locate_template(Array, true)
#3 /Applications/MAMP/htdocs/kerako/wp-content/themes/themeKerako/index.php(181): get_footer()
#4 /Applications/MAMP/htdocs/kerako/wp-includes/template-loader.php(98): include('/Applications/M...')
#5 /Applications/MAMP/htdocs/kerako/wp-blog-header.php(19): require_once('/Applications/M...')
#6 /Applications/MAMP/htdocs/kerako/index.php(17): require('/Applications/M...')
#7 {main}
  thrown dans /Applications/MAMP/htdocs/kerako/wp-content/themes/themeKerako/footer.php à la ligne 32

2019-12-17T12:11:54+00:00 CRITICAL Uncaught Error: Call to undefined function get_template_directory_rri() in /Applications/MAMP/htdocs/kerako/wp-content/themes/themeKerako/footer.php:32
Stack trace:
#0 /Applications/MAMP/htdocs/kerako/wp-includes/template.php(722): require_once()
#1 /Applications/MAMP/htdocs/kerako/wp-includes/template.php(671): load_template('/Applications/M...', true)
#2 /Applications/MAMP/htdocs/kerako/wp-includes/general-template.php(76): locate_template(Array, true)
#3 /Applications/MAMP/htdocs/kerako/wp-content/themes/themeKerako/page-vintage.php(22): get_footer()
#4 /Applications/MAMP/htdocs/kerako/wp-includes/template-loader.php(98): include('/Applications/M...')
#5 /Applications/MAMP/htdocs/kerako/wp-blog-header.php(19): require_once('/Applications/M...')
#6 /Applications/MAMP/htdocs/kerako/index.php(17): require('/Applications/M...')
#7 {main}
  thrown dans /Applications/MAMP/htdocs/kerako/wp-content/themes/themeKerako/footer.php à la ligne 32

2019-12-17T12:11:55+00:00 CRITICAL Uncaught Error: Call to undefined function get_template_directory_rri() in /Applications/MAMP/htdocs/kerako/wp-content/themes/themeKerako/footer.php:32
Stack trace:
#0 /Applications/MAMP/htdocs/kerako/wp-includes/template.php(722): require_once()
#1 /Applications/MAMP/htdocs/kerako/wp-includes/template.php(671): load_template('/Applications/M...', true)
#2 /Applications/MAMP/htdocs/kerako/wp-includes/general-template.php(76): locate_template(Array, true)
#3 /Applications/MAMP/htdocs/kerako/wp-content/themes/themeKerako/index.php(181): get_footer()
#4 /Applications/MAMP/htdocs/kerako/wp-includes/template-loader.php(98): include('/Applications/M...')
#5 /Applications/MAMP/htdocs/kerako/wp-blog-header.php(19): require_once('/Applications/M...')
#6 /Applications/MAMP/htdocs/kerako/index.php(17): require('/Applications/M...')
#7 {main}
  thrown dans /Applications/MAMP/htdocs/kerako/wp-content/themes/themeKerako/footer.php à la ligne 32

2019-12-17T12:11:55+00:00 CRITICAL Uncaught Error: Call to undefined function get_template_directory_rri() in /Applications/MAMP/htdocs/kerako/wp-content/themes/themeKerako/footer.php:32
Stack trace:
#0 /Applications/MAMP/htdocs/kerako/wp-includes/template.php(722): require_once()
#1 /Applications/MAMP/htdocs/kerako/wp-includes/template.php(671): load_template('/Applications/M...', true)
#2 /Applications/MAMP/htdocs/kerako/wp-includes/general-template.php(76): locate_template(Array, true)
#3 /Applications/MAMP/htdocs/kerako/wp-content/themes/themeKerako/index.php(181): get_footer()
#4 /Applications/MAMP/htdocs/kerako/wp-includes/template-loader.php(98): include('/Applications/M...')
#5 /Applications/MAMP/htdocs/kerako/wp-blog-header.php(19): require_once('/Applications/M...')
#6 /Applications/MAMP/htdocs/kerako/index.php(17): require('/Applications/M...')
#7 {main}
  thrown dans /Applications/MAMP/htdocs/kerako/wp-content/themes/themeKerako/footer.php à la ligne 32

2019-12-17T12:12:06+00:00 CRITICAL Uncaught Error: Call to undefined function get_template_directory_rri() in /Applications/MAMP/htdocs/kerako/wp-content/themes/themeKerako/footer.php:32
Stack trace:
#0 /Applications/MAMP/htdocs/kerako/wp-includes/template.php(722): require_once()
#1 /Applications/MAMP/htdocs/kerako/wp-includes/template.php(671): load_template('/Applications/M...', true)
#2 /Applications/MAMP/htdocs/kerako/wp-includes/general-template.php(76): locate_template(Array, true)
#3 /Applications/MAMP/htdocs/kerako/wp-content/themes/themeKerako/page-vintage.php(22): get_footer()
#4 /Applications/MAMP/htdocs/kerako/wp-includes/template-loader.php(98): include('/Applications/M...')
#5 /Applications/MAMP/htdocs/kerako/wp-blog-header.php(19): require_once('/Applications/M...')
#6 /Applications/MAMP/htdocs/kerako/index.php(17): require('/Applications/M...')
#7 {main}
  thrown dans /Applications/MAMP/htdocs/kerako/wp-content/themes/themeKerako/footer.php à la ligne 32

2019-12-17T12:12:07+00:00 CRITICAL Uncaught Error: Call to undefined function get_template_directory_rri() in /Applications/MAMP/htdocs/kerako/wp-content/themes/themeKerako/footer.php:32
Stack trace:
#0 /Applications/MAMP/htdocs/kerako/wp-includes/template.php(722): require_once()
#1 /Applications/MAMP/htdocs/kerako/wp-includes/template.php(671): load_template('/Applications/M...', true)
#2 /Applications/MAMP/htdocs/kerako/wp-includes/general-template.php(76): locate_template(Array, true)
#3 /Applications/MAMP/htdocs/kerako/wp-content/themes/themeKerako/index.php(181): get_footer()
#4 /Applications/MAMP/htdocs/kerako/wp-includes/template-loader.php(98): include('/Applications/M...')
#5 /Applications/MAMP/htdocs/kerako/wp-blog-header.php(19): require_once('/Applications/M...')
#6 /Applications/MAMP/htdocs/kerako/index.php(17): require('/Applications/M...')
#7 {main}
  thrown dans /Applications/MAMP/htdocs/kerako/wp-content/themes/themeKerako/footer.php à la ligne 32

2019-12-17T12:12:07+00:00 CRITICAL Uncaught Error: Call to undefined function get_template_directory_rri() in /Applications/MAMP/htdocs/kerako/wp-content/themes/themeKerako/footer.php:32
Stack trace:
#0 /Applications/MAMP/htdocs/kerako/wp-includes/template.php(722): require_once()
#1 /Applications/MAMP/htdocs/kerako/wp-includes/template.php(671): load_template('/Applications/M...', true)
#2 /Applications/MAMP/htdocs/kerako/wp-includes/general-template.php(76): locate_template(Array, true)
#3 /Applications/MAMP/htdocs/kerako/wp-content/themes/themeKerako/index.php(181): get_footer()
#4 /Applications/MAMP/htdocs/kerako/wp-includes/template-loader.php(98): include('/Applications/M...')
#5 /Applications/MAMP/htdocs/kerako/wp-blog-header.php(19): require_once('/Applications/M...')
#6 /Applications/MAMP/htdocs/kerako/index.php(17): require('/Applications/M...')
#7 {main}
  thrown dans /Applications/MAMP/htdocs/kerako/wp-content/themes/themeKerako/footer.php à la ligne 32

2019-12-17T12:14:16+00:00 CRITICAL Uncaught Error: Call to undefined function get_template_directory_rri() in /Applications/MAMP/htdocs/kerako/wp-content/themes/themeKerako/footer.php:32
Stack trace:
#0 /Applications/MAMP/htdocs/kerako/wp-includes/template.php(722): require_once()
#1 /Applications/MAMP/htdocs/kerako/wp-includes/template.php(671): load_template('/Applications/M...', true)
#2 /Applications/MAMP/htdocs/kerako/wp-includes/general-template.php(76): locate_template(Array, true)
#3 /Applications/MAMP/htdocs/kerako/wp-content/themes/themeKerako/page-vintage.php(23): get_footer()
#4 /Applications/MAMP/htdocs/kerako/wp-includes/template-loader.php(98): include('/Applications/M...')
#5 /Applications/MAMP/htdocs/kerako/wp-blog-header.php(19): require_once('/Applications/M...')
#6 /Applications/MAMP/htdocs/kerako/index.php(17): require('/Applications/M...')
#7 {main}
  thrown dans /Applications/MAMP/htdocs/kerako/wp-content/themes/themeKerako/footer.php à la ligne 32

2019-12-17T12:14:17+00:00 CRITICAL Uncaught Error: Call to undefined function get_template_directory_rri() in /Applications/MAMP/htdocs/kerako/wp-content/themes/themeKerako/footer.php:32
Stack trace:
#0 /Applications/MAMP/htdocs/kerako/wp-includes/template.php(722): require_once()
#1 /Applications/MAMP/htdocs/kerako/wp-includes/template.php(671): load_template('/Applications/M...', true)
#2 /Applications/MAMP/htdocs/kerako/wp-includes/general-template.php(76): locate_template(Array, true)
#3 /Applications/MAMP/htdocs/kerako/wp-content/themes/themeKerako/index.php(181): get_footer()
#4 /Applications/MAMP/htdocs/kerako/wp-includes/template-loader.php(98): include('/Applications/M...')
#5 /Applications/MAMP/htdocs/kerako/wp-blog-header.php(19): require_once('/Applications/M...')
#6 /Applications/MAMP/htdocs/kerako/index.php(17): require('/Applications/M...')
#7 {main}
  thrown dans /Applications/MAMP/htdocs/kerako/wp-content/themes/themeKerako/footer.php à la ligne 32

2019-12-17T12:14:17+00:00 CRITICAL Uncaught Error: Call to undefined function get_template_directory_rri() in /Applications/MAMP/htdocs/kerako/wp-content/themes/themeKerako/footer.php:32
Stack trace:
#0 /Applications/MAMP/htdocs/kerako/wp-includes/template.php(722): require_once()
#1 /Applications/MAMP/htdocs/kerako/wp-includes/template.php(671): load_template('/Applications/M...', true)
#2 /Applications/MAMP/htdocs/kerako/wp-includes/general-template.php(76): locate_template(Array, true)
#3 /Applications/MAMP/htdocs/kerako/wp-content/themes/themeKerako/index.php(181): get_footer()
#4 /Applications/MAMP/htdocs/kerako/wp-includes/template-loader.php(98): include('/Applications/M...')
#5 /Applications/MAMP/htdocs/kerako/wp-blog-header.php(19): require_once('/Applications/M...')
#6 /Applications/MAMP/htdocs/kerako/index.php(17): require('/Applications/M...')
#7 {main}
  thrown dans /Applications/MAMP/htdocs/kerako/wp-content/themes/themeKerako/footer.php à la ligne 32

2019-12-17T12:15:50+00:00 CRITICAL Uncaught Error: Call to undefined function get_template_directory_rri() in /Applications/MAMP/htdocs/kerako/wp-content/themes/themeKerako/footer.php:32
Stack trace:
#0 /Applications/MAMP/htdocs/kerako/wp-includes/template.php(722): require_once()
#1 /Applications/MAMP/htdocs/kerako/wp-includes/template.php(671): load_template('/Applications/M...', true)
#2 /Applications/MAMP/htdocs/kerako/wp-includes/general-template.php(76): locate_template(Array, true)
#3 /Applications/MAMP/htdocs/kerako/wp-content/themes/themeKerako/page-vintage.php(23): get_footer()
#4 /Applications/MAMP/htdocs/kerako/wp-includes/template-loader.php(98): include('/Applications/M...')
#5 /Applications/MAMP/htdocs/kerako/wp-blog-header.php(19): require_once('/Applications/M...')
#6 /Applications/MAMP/htdocs/kerako/index.php(17): require('/Applications/M...')
#7 {main}
  thrown dans /Applications/MAMP/htdocs/kerako/wp-content/themes/themeKerako/footer.php à la ligne 32

2019-12-17T12:15:51+00:00 CRITICAL Uncaught Error: Call to undefined function get_template_directory_rri() in /Applications/MAMP/htdocs/kerako/wp-content/themes/themeKerako/footer.php:32
Stack trace:
#0 /Applications/MAMP/htdocs/kerako/wp-includes/template.php(722): require_once()
#1 /Applications/MAMP/htdocs/kerako/wp-includes/template.php(671): load_template('/Applications/M...', true)
#2 /Applications/MAMP/htdocs/kerako/wp-includes/general-template.php(76): locate_template(Array, true)
#3 /Applications/MAMP/htdocs/kerako/wp-content/themes/themeKerako/index.php(181): get_footer()
#4 /Applications/MAMP/htdocs/kerako/wp-includes/template-loader.php(98): include('/Applications/M...')
#5 /Applications/MAMP/htdocs/kerako/wp-blog-header.php(19): require_once('/Applications/M...')
#6 /Applications/MAMP/htdocs/kerako/index.php(17): require('/Applications/M...')
#7 {main}
  thrown dans /Applications/MAMP/htdocs/kerako/wp-content/themes/themeKerako/footer.php à la ligne 32

2019-12-17T12:15:51+00:00 CRITICAL Uncaught Error: Call to undefined function get_template_directory_rri() in /Applications/MAMP/htdocs/kerako/wp-content/themes/themeKerako/footer.php:32
Stack trace:
#0 /Applications/MAMP/htdocs/kerako/wp-includes/template.php(722): require_once()
#1 /Applications/MAMP/htdocs/kerako/wp-includes/template.php(671): load_template('/Applications/M...', true)
#2 /Applications/MAMP/htdocs/kerako/wp-includes/general-template.php(76): locate_template(Array, true)
#3 /Applications/MAMP/htdocs/kerako/wp-content/themes/themeKerako/index.php(181): get_footer()
#4 /Applications/MAMP/htdocs/kerako/wp-includes/template-loader.php(98): include('/Applications/M...')
#5 /Applications/MAMP/htdocs/kerako/wp-blog-header.php(19): require_once('/Applications/M...')
#6 /Applications/MAMP/htdocs/kerako/index.php(17): require('/Applications/M...')
#7 {main}
  thrown dans /Applications/MAMP/htdocs/kerako/wp-content/themes/themeKerako/footer.php à la ligne 32

2019-12-17T12:35:24+00:00 CRITICAL Uncaught Error: Call to undefined function get_template_directory_rri() in /Applications/MAMP/htdocs/kerako/wp-content/themes/themeKerako/footer.php:32
Stack trace:
#0 /Applications/MAMP/htdocs/kerako/wp-includes/template.php(722): require_once()
#1 /Applications/MAMP/htdocs/kerako/wp-includes/template.php(671): load_template('/Applications/M...', true)
#2 /Applications/MAMP/htdocs/kerako/wp-includes/general-template.php(76): locate_template(Array, true)
#3 /Applications/MAMP/htdocs/kerako/wp-content/themes/themeKerako/page-vintage.php(22): get_footer()
#4 /Applications/MAMP/htdocs/kerako/wp-includes/template-loader.php(98): include('/Applications/M...')
#5 /Applications/MAMP/htdocs/kerako/wp-blog-header.php(19): require_once('/Applications/M...')
#6 /Applications/MAMP/htdocs/kerako/index.php(17): require('/Applications/M...')
#7 {main}
  thrown in /Applications/MAMP/htdocs/kerako/wp-content/themes/themeKerako/footer.php on line 32

2019-12-17T12:35:25+00:00 CRITICAL Uncaught Error: Call to undefined function get_template_directory_rri() in /Applications/MAMP/htdocs/kerako/wp-content/themes/themeKerako/footer.php:32
Stack trace:
#0 /Applications/MAMP/htdocs/kerako/wp-includes/template.php(722): require_once()
#1 /Applications/MAMP/htdocs/kerako/wp-includes/template.php(671): load_template('/Applications/M...', true)
#2 /Applications/MAMP/htdocs/kerako/wp-includes/general-template.php(76): locate_template(Array, true)
#3 /Applications/MAMP/htdocs/kerako/wp-content/themes/themeKerako/index.php(181): get_footer()
#4 /Applications/MAMP/htdocs/kerako/wp-includes/template-loader.php(98): include('/Applications/M...')
#5 /Applications/MAMP/htdocs/kerako/wp-blog-header.php(19): require_once('/Applications/M...')
#6 /Applications/MAMP/htdocs/kerako/index.php(17): require('/Applications/M...')
#7 {main}
  thrown in /Applications/MAMP/htdocs/kerako/wp-content/themes/themeKerako/footer.php on line 32

2019-12-17T12:35:25+00:00 CRITICAL Uncaught Error: Call to undefined function get_template_directory_rri() in /Applications/MAMP/htdocs/kerako/wp-content/themes/themeKerako/footer.php:32
Stack trace:
#0 /Applications/MAMP/htdocs/kerako/wp-includes/template.php(722): require_once()
#1 /Applications/MAMP/htdocs/kerako/wp-includes/template.php(671): load_template('/Applications/M...', true)
#2 /Applications/MAMP/htdocs/kerako/wp-includes/general-template.php(76): locate_template(Array, true)
#3 /Applications/MAMP/htdocs/kerako/wp-content/themes/themeKerako/index.php(181): get_footer()
#4 /Applications/MAMP/htdocs/kerako/wp-includes/template-loader.php(98): include('/Applications/M...')
#5 /Applications/MAMP/htdocs/kerako/wp-blog-header.php(19): require_once('/Applications/M...')
#6 /Applications/MAMP/htdocs/kerako/index.php(17): require('/Applications/M...')
#7 {main}
  thrown in /Applications/MAMP/htdocs/kerako/wp-content/themes/themeKerako/footer.php on line 32

2019-12-17T12:35:27+00:00 CRITICAL Uncaught Error: Call to undefined function get_template_directory_rri() in /Applications/MAMP/htdocs/kerako/wp-content/themes/themeKerako/footer.php:32
Stack trace:
#0 /Applications/MAMP/htdocs/kerako/wp-includes/template.php(722): require_once()
#1 /Applications/MAMP/htdocs/kerako/wp-includes/template.php(671): load_template('/Applications/M...', true)
#2 /Applications/MAMP/htdocs/kerako/wp-includes/general-template.php(76): locate_template(Array, true)
#3 /Applications/MAMP/htdocs/kerako/wp-content/themes/themeKerako/page-vintage.php(22): get_footer()
#4 /Applications/MAMP/htdocs/kerako/wp-includes/template-loader.php(98): include('/Applications/M...')
#5 /Applications/MAMP/htdocs/kerako/wp-blog-header.php(19): require_once('/Applications/M...')
#6 /Applications/MAMP/htdocs/kerako/index.php(17): require('/Applications/M...')
#7 {main}
  thrown in /Applications/MAMP/htdocs/kerako/wp-content/themes/themeKerako/footer.php on line 32

2019-12-17T12:35:27+00:00 CRITICAL Uncaught Error: Call to undefined function get_template_directory_rri() in /Applications/MAMP/htdocs/kerako/wp-content/themes/themeKerako/footer.php:32
Stack trace:
#0 /Applications/MAMP/htdocs/kerako/wp-includes/template.php(722): require_once()
#1 /Applications/MAMP/htdocs/kerako/wp-includes/template.php(671): load_template('/Applications/M...', true)
#2 /Applications/MAMP/htdocs/kerako/wp-includes/general-template.php(76): locate_template(Array, true)
#3 /Applications/MAMP/htdocs/kerako/wp-content/themes/themeKerako/index.php(181): get_footer()
#4 /Applications/MAMP/htdocs/kerako/wp-includes/template-loader.php(98): include('/Applications/M...')
#5 /Applications/MAMP/htdocs/kerako/wp-blog-header.php(19): require_once('/Applications/M...')
#6 /Applications/MAMP/htdocs/kerako/index.php(17): require('/Applications/M...')
#7 {main}
  thrown in /Applications/MAMP/htdocs/kerako/wp-content/themes/themeKerako/footer.php on line 32

2019-12-17T12:35:28+00:00 CRITICAL Uncaught Error: Call to undefined function get_template_directory_rri() in /Applications/MAMP/htdocs/kerako/wp-content/themes/themeKerako/footer.php:32
Stack trace:
#0 /Applications/MAMP/htdocs/kerako/wp-includes/template.php(722): require_once()
#1 /Applications/MAMP/htdocs/kerako/wp-includes/template.php(671): load_template('/Applications/M...', true)
#2 /Applications/MAMP/htdocs/kerako/wp-includes/general-template.php(76): locate_template(Array, true)
#3 /Applications/MAMP/htdocs/kerako/wp-content/themes/themeKerako/index.php(181): get_footer()
#4 /Applications/MAMP/htdocs/kerako/wp-includes/template-loader.php(98): include('/Applications/M...')
#5 /Applications/MAMP/htdocs/kerako/wp-blog-header.php(19): require_once('/Applications/M...')
#6 /Applications/MAMP/htdocs/kerako/index.php(17): require('/Applications/M...')
#7 {main}
  thrown in /Applications/MAMP/htdocs/kerako/wp-content/themes/themeKerako/footer.php on line 32

2019-12-17T12:35:41+00:00 CRITICAL Uncaught Error: Call to undefined function get_template_directory_rri() in /Applications/MAMP/htdocs/kerako/wp-content/themes/themeKerako/footer.php:32
Stack trace:
#0 /Applications/MAMP/htdocs/kerako/wp-includes/template.php(722): require_once()
#1 /Applications/MAMP/htdocs/kerako/wp-includes/template.php(671): load_template('/Applications/M...', true)
#2 /Applications/MAMP/htdocs/kerako/wp-includes/general-template.php(76): locate_template(Array, true)
#3 /Applications/MAMP/htdocs/kerako/wp-content/themes/themeKerako/page-vintage.php(22): get_footer()
#4 /Applications/MAMP/htdocs/kerako/wp-includes/template-loader.php(98): include('/Applications/M...')
#5 /Applications/MAMP/htdocs/kerako/wp-blog-header.php(19): require_once('/Applications/M...')
#6 /Applications/MAMP/htdocs/kerako/index.php(17): require('/Applications/M...')
#7 {main}
  thrown in /Applications/MAMP/htdocs/kerako/wp-content/themes/themeKerako/footer.php on line 32

2019-12-17T12:35:41+00:00 CRITICAL Uncaught Error: Call to undefined function get_template_directory_rri() in /Applications/MAMP/htdocs/kerako/wp-content/themes/themeKerako/footer.php:32
Stack trace:
#0 /Applications/MAMP/htdocs/kerako/wp-includes/template.php(722): require_once()
#1 /Applications/MAMP/htdocs/kerako/wp-includes/template.php(671): load_template('/Applications/M...', true)
#2 /Applications/MAMP/htdocs/kerako/wp-includes/general-template.php(76): locate_template(Array, true)
#3 /Applications/MAMP/htdocs/kerako/wp-content/themes/themeKerako/index.php(181): get_footer()
#4 /Applications/MAMP/htdocs/kerako/wp-includes/template-loader.php(98): include('/Applications/M...')
#5 /Applications/MAMP/htdocs/kerako/wp-blog-header.php(19): require_once('/Applications/M...')
#6 /Applications/MAMP/htdocs/kerako/index.php(17): require('/Applications/M...')
#7 {main}
  thrown in /Applications/MAMP/htdocs/kerako/wp-content/themes/themeKerako/footer.php on line 32

2019-12-17T12:35:41+00:00 CRITICAL Uncaught Error: Call to undefined function get_template_directory_rri() in /Applications/MAMP/htdocs/kerako/wp-content/themes/themeKerako/footer.php:32
Stack trace:
#0 /Applications/MAMP/htdocs/kerako/wp-includes/template.php(722): require_once()
#1 /Applications/MAMP/htdocs/kerako/wp-includes/template.php(671): load_template('/Applications/M...', true)
#2 /Applications/MAMP/htdocs/kerako/wp-includes/general-template.php(76): locate_template(Array, true)
#3 /Applications/MAMP/htdocs/kerako/wp-content/themes/themeKerako/index.php(181): get_footer()
#4 /Applications/MAMP/htdocs/kerako/wp-includes/template-loader.php(98): include('/Applications/M...')
#5 /Applications/MAMP/htdocs/kerako/wp-blog-header.php(19): require_once('/Applications/M...')
#6 /Applications/MAMP/htdocs/kerako/index.php(17): require('/Applications/M...')
#7 {main}
  thrown in /Applications/MAMP/htdocs/kerako/wp-content/themes/themeKerako/footer.php on line 32

