2020-01-17T08:08:31+00:00 CRITICAL Uncaught Error: Call to undefined function get_template_directory_rri() in /Applications/MAMP/htdocs/kerako/wp-content/themes/themeKerako/footer.php:50
Stack trace:
#0 /Applications/MAMP/htdocs/kerako/wp-includes/template.php(722): require_once()
#1 /Applications/MAMP/htdocs/kerako/wp-includes/template.php(671): load_template('/Applications/M...', true)
#2 /Applications/MAMP/htdocs/kerako/wp-includes/general-template.php(76): locate_template(Array, true)
#3 /Applications/MAMP/htdocs/kerako/wp-content/themes/themeKerako/woocommerce.php(11): get_footer()
#4 /Applications/MAMP/htdocs/kerako/wp-includes/template-loader.php(98): include('/Applications/M...')
#5 /Applications/MAMP/htdocs/kerako/wp-blog-header.php(19): require_once('/Applications/M...')
#6 /Applications/MAMP/htdocs/kerako/index.php(17): require('/Applications/M...')
#7 {main}
  thrown dans /Applications/MAMP/htdocs/kerako/wp-content/themes/themeKerako/footer.php à la ligne 50

2020-01-17T08:26:26+00:00 CRITICAL Uncaught Error: Call to undefined function get_template_directory_rri() in /Applications/MAMP/htdocs/kerako/wp-content/themes/themeKerako/footer.php:50
Stack trace:
#0 /Applications/MAMP/htdocs/kerako/wp-includes/template.php(722): require_once()
#1 /Applications/MAMP/htdocs/kerako/wp-includes/template.php(671): load_template('/Applications/M...', true)
#2 /Applications/MAMP/htdocs/kerako/wp-includes/general-template.php(76): locate_template(Array, true)
#3 /Applications/MAMP/htdocs/kerako/wp-content/themes/themeKerako/index.php(152): get_footer()
#4 /Applications/MAMP/htdocs/kerako/wp-includes/template-loader.php(98): include('/Applications/M...')
#5 /Applications/MAMP/htdocs/kerako/wp-blog-header.php(19): require_once('/Applications/M...')
#6 /Applications/MAMP/htdocs/kerako/index.php(17): require('/Applications/M...')
#7 {main}
  thrown dans /Applications/MAMP/htdocs/kerako/wp-content/themes/themeKerako/footer.php à la ligne 50

2020-01-17T08:26:32+00:00 CRITICAL Uncaught Error: Call to undefined function get_template_directory_rri() in /Applications/MAMP/htdocs/kerako/wp-content/themes/themeKerako/footer.php:50
Stack trace:
#0 /Applications/MAMP/htdocs/kerako/wp-includes/template.php(722): require_once()
#1 /Applications/MAMP/htdocs/kerako/wp-includes/template.php(671): load_template('/Applications/M...', true)
#2 /Applications/MAMP/htdocs/kerako/wp-includes/general-template.php(76): locate_template(Array, true)
#3 /Applications/MAMP/htdocs/kerako/wp-content/themes/themeKerako/index.php(152): get_footer()
#4 /Applications/MAMP/htdocs/kerako/wp-includes/template-loader.php(98): include('/Applications/M...')
#5 /Applications/MAMP/htdocs/kerako/wp-blog-header.php(19): require_once('/Applications/M...')
#6 /Applications/MAMP/htdocs/kerako/index.php(17): require('/Applications/M...')
#7 {main}
  thrown dans /Applications/MAMP/htdocs/kerako/wp-content/themes/themeKerako/footer.php à la ligne 50

2020-01-17T08:26:45+00:00 CRITICAL Uncaught Error: Call to undefined function get_template_directory_rri() in /Applications/MAMP/htdocs/kerako/wp-content/themes/themeKerako/footer.php:50
Stack trace:
#0 /Applications/MAMP/htdocs/kerako/wp-includes/template.php(722): require_once()
#1 /Applications/MAMP/htdocs/kerako/wp-includes/template.php(671): load_template('/Applications/M...', true)
#2 /Applications/MAMP/htdocs/kerako/wp-includes/general-template.php(76): locate_template(Array, true)
#3 /Applications/MAMP/htdocs/kerako/wp-content/themes/themeKerako/index.php(152): get_footer()
#4 /Applications/MAMP/htdocs/kerako/wp-includes/template-loader.php(98): include('/Applications/M...')
#5 /Applications/MAMP/htdocs/kerako/wp-blog-header.php(19): require_once('/Applications/M...')
#6 /Applications/MAMP/htdocs/kerako/index.php(17): require('/Applications/M...')
#7 {main}
  thrown dans /Applications/MAMP/htdocs/kerako/wp-content/themes/themeKerako/footer.php à la ligne 50

2020-01-17T08:27:33+00:00 CRITICAL Uncaught Error: Call to undefined function get_template_directory_rri() in /Applications/MAMP/htdocs/kerako/wp-content/themes/themeKerako/footer.php:50
Stack trace:
#0 /Applications/MAMP/htdocs/kerako/wp-includes/template.php(722): require_once()
#1 /Applications/MAMP/htdocs/kerako/wp-includes/template.php(671): load_template('/Applications/M...', true)
#2 /Applications/MAMP/htdocs/kerako/wp-includes/general-template.php(76): locate_template(Array, true)
#3 /Applications/MAMP/htdocs/kerako/wp-content/themes/themeKerako/index.php(152): get_footer()
#4 /Applications/MAMP/htdocs/kerako/wp-includes/template-loader.php(98): include('/Applications/M...')
#5 /Applications/MAMP/htdocs/kerako/wp-blog-header.php(19): require_once('/Applications/M...')
#6 /Applications/MAMP/htdocs/kerako/index.php(17): require('/Applications/M...')
#7 {main}
  thrown dans /Applications/MAMP/htdocs/kerako/wp-content/themes/themeKerako/footer.php à la ligne 50

2020-01-17T08:28:15+00:00 CRITICAL Uncaught Error: Call to undefined function get_template_directory_rri() in /Applications/MAMP/htdocs/kerako/wp-content/themes/themeKerako/footer.php:50
Stack trace:
#0 /Applications/MAMP/htdocs/kerako/wp-includes/template.php(722): require_once()
#1 /Applications/MAMP/htdocs/kerako/wp-includes/template.php(671): load_template('/Applications/M...', true)
#2 /Applications/MAMP/htdocs/kerako/wp-includes/general-template.php(76): locate_template(Array, true)
#3 /Applications/MAMP/htdocs/kerako/wp-content/themes/themeKerako/index.php(152): get_footer()
#4 /Applications/MAMP/htdocs/kerako/wp-includes/template-loader.php(98): include('/Applications/M...')
#5 /Applications/MAMP/htdocs/kerako/wp-blog-header.php(19): require_once('/Applications/M...')
#6 /Applications/MAMP/htdocs/kerako/index.php(17): require('/Applications/M...')
#7 {main}
  thrown dans /Applications/MAMP/htdocs/kerako/wp-content/themes/themeKerako/footer.php à la ligne 50

2020-01-17T08:28:22+00:00 CRITICAL Uncaught Error: Call to undefined function get_template_directory_rri() in /Applications/MAMP/htdocs/kerako/wp-content/themes/themeKerako/footer.php:50
Stack trace:
#0 /Applications/MAMP/htdocs/kerako/wp-includes/template.php(722): require_once()
#1 /Applications/MAMP/htdocs/kerako/wp-includes/template.php(671): load_template('/Applications/M...', true)
#2 /Applications/MAMP/htdocs/kerako/wp-includes/general-template.php(76): locate_template(Array, true)
#3 /Applications/MAMP/htdocs/kerako/wp-content/themes/themeKerako/index.php(152): get_footer()
#4 /Applications/MAMP/htdocs/kerako/wp-includes/template-loader.php(98): include('/Applications/M...')
#5 /Applications/MAMP/htdocs/kerako/wp-blog-header.php(19): require_once('/Applications/M...')
#6 /Applications/MAMP/htdocs/kerako/index.php(17): require('/Applications/M...')
#7 {main}
  thrown dans /Applications/MAMP/htdocs/kerako/wp-content/themes/themeKerako/footer.php à la ligne 50

2020-01-17T08:32:43+00:00 CRITICAL Uncaught Error: Call to undefined function get_template_directory_rri() in /Applications/MAMP/htdocs/kerako/wp-content/themes/themeKerako/footer.php:50
Stack trace:
#0 /Applications/MAMP/htdocs/kerako/wp-includes/template.php(722): require_once()
#1 /Applications/MAMP/htdocs/kerako/wp-includes/template.php(671): load_template('/Applications/M...', true)
#2 /Applications/MAMP/htdocs/kerako/wp-includes/general-template.php(76): locate_template(Array, true)
#3 /Applications/MAMP/htdocs/kerako/wp-content/themes/themeKerako/index.php(152): get_footer()
#4 /Applications/MAMP/htdocs/kerako/wp-includes/template-loader.php(98): include('/Applications/M...')
#5 /Applications/MAMP/htdocs/kerako/wp-blog-header.php(19): require_once('/Applications/M...')
#6 /Applications/MAMP/htdocs/kerako/index.php(17): require('/Applications/M...')
#7 {main}
  thrown dans /Applications/MAMP/htdocs/kerako/wp-content/themes/themeKerako/footer.php à la ligne 50

2020-01-17T08:32:46+00:00 CRITICAL Uncaught Error: Call to undefined function get_template_directory_rri() in /Applications/MAMP/htdocs/kerako/wp-content/themes/themeKerako/footer.php:50
Stack trace:
#0 /Applications/MAMP/htdocs/kerako/wp-includes/template.php(722): require_once()
#1 /Applications/MAMP/htdocs/kerako/wp-includes/template.php(671): load_template('/Applications/M...', true)
#2 /Applications/MAMP/htdocs/kerako/wp-includes/general-template.php(76): locate_template(Array, true)
#3 /Applications/MAMP/htdocs/kerako/wp-content/themes/themeKerako/index.php(152): get_footer()
#4 /Applications/MAMP/htdocs/kerako/wp-includes/template-loader.php(98): include('/Applications/M...')
#5 /Applications/MAMP/htdocs/kerako/wp-blog-header.php(19): require_once('/Applications/M...')
#6 /Applications/MAMP/htdocs/kerako/index.php(17): require('/Applications/M...')
#7 {main}
  thrown dans /Applications/MAMP/htdocs/kerako/wp-content/themes/themeKerako/footer.php à la ligne 50

2020-01-17T08:34:11+00:00 CRITICAL Uncaught Error: Call to undefined function get_template_directory_rri() in /Applications/MAMP/htdocs/kerako/wp-content/themes/themeKerako/footer.php:50
Stack trace:
#0 /Applications/MAMP/htdocs/kerako/wp-includes/template.php(722): require_once()
#1 /Applications/MAMP/htdocs/kerako/wp-includes/template.php(671): load_template('/Applications/M...', true)
#2 /Applications/MAMP/htdocs/kerako/wp-includes/general-template.php(76): locate_template(Array, true)
#3 /Applications/MAMP/htdocs/kerako/wp-content/themes/themeKerako/index.php(152): get_footer()
#4 /Applications/MAMP/htdocs/kerako/wp-includes/template-loader.php(98): include('/Applications/M...')
#5 /Applications/MAMP/htdocs/kerako/wp-blog-header.php(19): require_once('/Applications/M...')
#6 /Applications/MAMP/htdocs/kerako/index.php(17): require('/Applications/M...')
#7 {main}
  thrown dans /Applications/MAMP/htdocs/kerako/wp-content/themes/themeKerako/footer.php à la ligne 50

2020-01-17T08:35:03+00:00 CRITICAL Uncaught Error: Call to undefined function get_template_directory_rri() in /Applications/MAMP/htdocs/kerako/wp-content/themes/themeKerako/footer.php:50
Stack trace:
#0 /Applications/MAMP/htdocs/kerako/wp-includes/template.php(722): require_once()
#1 /Applications/MAMP/htdocs/kerako/wp-includes/template.php(671): load_template('/Applications/M...', true)
#2 /Applications/MAMP/htdocs/kerako/wp-includes/general-template.php(76): locate_template(Array, true)
#3 /Applications/MAMP/htdocs/kerako/wp-content/themes/themeKerako/index.php(152): get_footer()
#4 /Applications/MAMP/htdocs/kerako/wp-includes/template-loader.php(98): include('/Applications/M...')
#5 /Applications/MAMP/htdocs/kerako/wp-blog-header.php(19): require_once('/Applications/M...')
#6 /Applications/MAMP/htdocs/kerako/index.php(17): require('/Applications/M...')
#7 {main}
  thrown dans /Applications/MAMP/htdocs/kerako/wp-content/themes/themeKerako/footer.php à la ligne 50

2020-01-17T08:35:40+00:00 CRITICAL Uncaught Error: Call to undefined function get_template_directory_rri() in /Applications/MAMP/htdocs/kerako/wp-content/themes/themeKerako/footer.php:50
Stack trace:
#0 /Applications/MAMP/htdocs/kerako/wp-includes/template.php(722): require_once()
#1 /Applications/MAMP/htdocs/kerako/wp-includes/template.php(671): load_template('/Applications/M...', true)
#2 /Applications/MAMP/htdocs/kerako/wp-includes/general-template.php(76): locate_template(Array, true)
#3 /Applications/MAMP/htdocs/kerako/wp-content/themes/themeKerako/index.php(152): get_footer()
#4 /Applications/MAMP/htdocs/kerako/wp-includes/template-loader.php(98): include('/Applications/M...')
#5 /Applications/MAMP/htdocs/kerako/wp-blog-header.php(19): require_once('/Applications/M...')
#6 /Applications/MAMP/htdocs/kerako/index.php(17): require('/Applications/M...')
#7 {main}
  thrown dans /Applications/MAMP/htdocs/kerako/wp-content/themes/themeKerako/footer.php à la ligne 50

2020-01-17T08:35:53+00:00 CRITICAL Uncaught Error: Call to undefined function get_template_directory_rri() in /Applications/MAMP/htdocs/kerako/wp-content/themes/themeKerako/footer.php:50
Stack trace:
#0 /Applications/MAMP/htdocs/kerako/wp-includes/template.php(722): require_once()
#1 /Applications/MAMP/htdocs/kerako/wp-includes/template.php(671): load_template('/Applications/M...', true)
#2 /Applications/MAMP/htdocs/kerako/wp-includes/general-template.php(76): locate_template(Array, true)
#3 /Applications/MAMP/htdocs/kerako/wp-content/themes/themeKerako/index.php(152): get_footer()
#4 /Applications/MAMP/htdocs/kerako/wp-includes/template-loader.php(98): include('/Applications/M...')
#5 /Applications/MAMP/htdocs/kerako/wp-blog-header.php(19): require_once('/Applications/M...')
#6 /Applications/MAMP/htdocs/kerako/index.php(17): require('/Applications/M...')
#7 {main}
  thrown dans /Applications/MAMP/htdocs/kerako/wp-content/themes/themeKerako/footer.php à la ligne 50

2020-01-17T08:35:55+00:00 CRITICAL Uncaught Error: Call to undefined function get_template_directory_rri() in /Applications/MAMP/htdocs/kerako/wp-content/themes/themeKerako/footer.php:50
Stack trace:
#0 /Applications/MAMP/htdocs/kerako/wp-includes/template.php(722): require_once()
#1 /Applications/MAMP/htdocs/kerako/wp-includes/template.php(671): load_template('/Applications/M...', true)
#2 /Applications/MAMP/htdocs/kerako/wp-includes/general-template.php(76): locate_template(Array, true)
#3 /Applications/MAMP/htdocs/kerako/wp-content/themes/themeKerako/index.php(152): get_footer()
#4 /Applications/MAMP/htdocs/kerako/wp-includes/template-loader.php(98): include('/Applications/M...')
#5 /Applications/MAMP/htdocs/kerako/wp-blog-header.php(19): require_once('/Applications/M...')
#6 /Applications/MAMP/htdocs/kerako/index.php(17): require('/Applications/M...')
#7 {main}
  thrown dans /Applications/MAMP/htdocs/kerako/wp-content/themes/themeKerako/footer.php à la ligne 50

2020-01-17T08:36:05+00:00 CRITICAL Uncaught Error: Call to undefined function get_template_directory_rri() in /Applications/MAMP/htdocs/kerako/wp-content/themes/themeKerako/footer.php:50
Stack trace:
#0 /Applications/MAMP/htdocs/kerako/wp-includes/template.php(722): require_once()
#1 /Applications/MAMP/htdocs/kerako/wp-includes/template.php(671): load_template('/Applications/M...', true)
#2 /Applications/MAMP/htdocs/kerako/wp-includes/general-template.php(76): locate_template(Array, true)
#3 /Applications/MAMP/htdocs/kerako/wp-content/themes/themeKerako/index.php(152): get_footer()
#4 /Applications/MAMP/htdocs/kerako/wp-includes/template-loader.php(98): include('/Applications/M...')
#5 /Applications/MAMP/htdocs/kerako/wp-blog-header.php(19): require_once('/Applications/M...')
#6 /Applications/MAMP/htdocs/kerako/index.php(17): require('/Applications/M...')
#7 {main}
  thrown dans /Applications/MAMP/htdocs/kerako/wp-content/themes/themeKerako/footer.php à la ligne 50

2020-01-17T08:36:41+00:00 CRITICAL Uncaught Error: Call to undefined function get_template_directory_rri() in /Applications/MAMP/htdocs/kerako/wp-content/themes/themeKerako/footer.php:50
Stack trace:
#0 /Applications/MAMP/htdocs/kerako/wp-includes/template.php(722): require_once()
#1 /Applications/MAMP/htdocs/kerako/wp-includes/template.php(671): load_template('/Applications/M...', true)
#2 /Applications/MAMP/htdocs/kerako/wp-includes/general-template.php(76): locate_template(Array, true)
#3 /Applications/MAMP/htdocs/kerako/wp-content/themes/themeKerako/index.php(152): get_footer()
#4 /Applications/MAMP/htdocs/kerako/wp-includes/template-loader.php(98): include('/Applications/M...')
#5 /Applications/MAMP/htdocs/kerako/wp-blog-header.php(19): require_once('/Applications/M...')
#6 /Applications/MAMP/htdocs/kerako/index.php(17): require('/Applications/M...')
#7 {main}
  thrown dans /Applications/MAMP/htdocs/kerako/wp-content/themes/themeKerako/footer.php à la ligne 50

2020-01-17T08:36:49+00:00 CRITICAL Uncaught Error: Call to undefined function get_template_directory_rri() in /Applications/MAMP/htdocs/kerako/wp-content/themes/themeKerako/footer.php:50
Stack trace:
#0 /Applications/MAMP/htdocs/kerako/wp-includes/template.php(722): require_once()
#1 /Applications/MAMP/htdocs/kerako/wp-includes/template.php(671): load_template('/Applications/M...', true)
#2 /Applications/MAMP/htdocs/kerako/wp-includes/general-template.php(76): locate_template(Array, true)
#3 /Applications/MAMP/htdocs/kerako/wp-content/themes/themeKerako/index.php(152): get_footer()
#4 /Applications/MAMP/htdocs/kerako/wp-includes/template-loader.php(98): include('/Applications/M...')
#5 /Applications/MAMP/htdocs/kerako/wp-blog-header.php(19): require_once('/Applications/M...')
#6 /Applications/MAMP/htdocs/kerako/index.php(17): require('/Applications/M...')
#7 {main}
  thrown dans /Applications/MAMP/htdocs/kerako/wp-content/themes/themeKerako/footer.php à la ligne 50

2020-01-17T08:37:30+00:00 CRITICAL Uncaught Error: Call to undefined function get_template_directory_rri() in /Applications/MAMP/htdocs/kerako/wp-content/themes/themeKerako/footer.php:50
Stack trace:
#0 /Applications/MAMP/htdocs/kerako/wp-includes/template.php(722): require_once()
#1 /Applications/MAMP/htdocs/kerako/wp-includes/template.php(671): load_template('/Applications/M...', true)
#2 /Applications/MAMP/htdocs/kerako/wp-includes/general-template.php(76): locate_template(Array, true)
#3 /Applications/MAMP/htdocs/kerako/wp-content/themes/themeKerako/index.php(152): get_footer()
#4 /Applications/MAMP/htdocs/kerako/wp-includes/template-loader.php(98): include('/Applications/M...')
#5 /Applications/MAMP/htdocs/kerako/wp-blog-header.php(19): require_once('/Applications/M...')
#6 /Applications/MAMP/htdocs/kerako/index.php(17): require('/Applications/M...')
#7 {main}
  thrown dans /Applications/MAMP/htdocs/kerako/wp-content/themes/themeKerako/footer.php à la ligne 50

2020-01-17T08:40:37+00:00 CRITICAL Uncaught Error: Call to undefined function get_template_directory_rri() in /Applications/MAMP/htdocs/kerako/wp-content/themes/themeKerako/footer.php:50
Stack trace:
#0 /Applications/MAMP/htdocs/kerako/wp-includes/template.php(722): require_once()
#1 /Applications/MAMP/htdocs/kerako/wp-includes/template.php(671): load_template('/Applications/M...', true)
#2 /Applications/MAMP/htdocs/kerako/wp-includes/general-template.php(76): locate_template(Array, true)
#3 /Applications/MAMP/htdocs/kerako/wp-content/themes/themeKerako/index.php(152): get_footer()
#4 /Applications/MAMP/htdocs/kerako/wp-includes/template-loader.php(98): include('/Applications/M...')
#5 /Applications/MAMP/htdocs/kerako/wp-blog-header.php(19): require_once('/Applications/M...')
#6 /Applications/MAMP/htdocs/kerako/index.php(17): require('/Applications/M...')
#7 {main}
  thrown dans /Applications/MAMP/htdocs/kerako/wp-content/themes/themeKerako/footer.php à la ligne 50

2020-01-17T08:40:43+00:00 CRITICAL Uncaught Error: Call to undefined function get_template_directory_rri() in /Applications/MAMP/htdocs/kerako/wp-content/themes/themeKerako/footer.php:50
Stack trace:
#0 /Applications/MAMP/htdocs/kerako/wp-includes/template.php(722): require_once()
#1 /Applications/MAMP/htdocs/kerako/wp-includes/template.php(671): load_template('/Applications/M...', true)
#2 /Applications/MAMP/htdocs/kerako/wp-includes/general-template.php(76): locate_template(Array, true)
#3 /Applications/MAMP/htdocs/kerako/wp-content/themes/themeKerako/index.php(152): get_footer()
#4 /Applications/MAMP/htdocs/kerako/wp-includes/template-loader.php(98): include('/Applications/M...')
#5 /Applications/MAMP/htdocs/kerako/wp-blog-header.php(19): require_once('/Applications/M...')
#6 /Applications/MAMP/htdocs/kerako/index.php(17): require('/Applications/M...')
#7 {main}
  thrown dans /Applications/MAMP/htdocs/kerako/wp-content/themes/themeKerako/footer.php à la ligne 50

2020-01-17T08:41:29+00:00 CRITICAL Uncaught Error: Call to undefined function get_template_directory_rri() in /Applications/MAMP/htdocs/kerako/wp-content/themes/themeKerako/footer.php:50
Stack trace:
#0 /Applications/MAMP/htdocs/kerako/wp-includes/template.php(722): require_once()
#1 /Applications/MAMP/htdocs/kerako/wp-includes/template.php(671): load_template('/Applications/M...', true)
#2 /Applications/MAMP/htdocs/kerako/wp-includes/general-template.php(76): locate_template(Array, true)
#3 /Applications/MAMP/htdocs/kerako/wp-content/themes/themeKerako/index.php(152): get_footer()
#4 /Applications/MAMP/htdocs/kerako/wp-includes/template-loader.php(98): include('/Applications/M...')
#5 /Applications/MAMP/htdocs/kerako/wp-blog-header.php(19): require_once('/Applications/M...')
#6 /Applications/MAMP/htdocs/kerako/index.php(17): require('/Applications/M...')
#7 {main}
  thrown dans /Applications/MAMP/htdocs/kerako/wp-content/themes/themeKerako/footer.php à la ligne 50

2020-01-17T08:42:24+00:00 CRITICAL Uncaught Error: Call to undefined function get_template_directory_rri() in /Applications/MAMP/htdocs/kerako/wp-content/themes/themeKerako/footer.php:50
Stack trace:
#0 /Applications/MAMP/htdocs/kerako/wp-includes/template.php(722): require_once()
#1 /Applications/MAMP/htdocs/kerako/wp-includes/template.php(671): load_template('/Applications/M...', true)
#2 /Applications/MAMP/htdocs/kerako/wp-includes/general-template.php(76): locate_template(Array, true)
#3 /Applications/MAMP/htdocs/kerako/wp-content/themes/themeKerako/index.php(152): get_footer()
#4 /Applications/MAMP/htdocs/kerako/wp-includes/template-loader.php(98): include('/Applications/M...')
#5 /Applications/MAMP/htdocs/kerako/wp-blog-header.php(19): require_once('/Applications/M...')
#6 /Applications/MAMP/htdocs/kerako/index.php(17): require('/Applications/M...')
#7 {main}
  thrown dans /Applications/MAMP/htdocs/kerako/wp-content/themes/themeKerako/footer.php à la ligne 50

2020-01-17T08:42:25+00:00 CRITICAL Uncaught Error: Call to undefined function get_template_directory_rri() in /Applications/MAMP/htdocs/kerako/wp-content/themes/themeKerako/footer.php:50
Stack trace:
#0 /Applications/MAMP/htdocs/kerako/wp-includes/template.php(722): require_once()
#1 /Applications/MAMP/htdocs/kerako/wp-includes/template.php(671): load_template('/Applications/M...', true)
#2 /Applications/MAMP/htdocs/kerako/wp-includes/general-template.php(76): locate_template(Array, true)
#3 /Applications/MAMP/htdocs/kerako/wp-content/themes/themeKerako/index.php(152): get_footer()
#4 /Applications/MAMP/htdocs/kerako/wp-includes/template-loader.php(98): include('/Applications/M...')
#5 /Applications/MAMP/htdocs/kerako/wp-blog-header.php(19): require_once('/Applications/M...')
#6 /Applications/MAMP/htdocs/kerako/index.php(17): require('/Applications/M...')
#7 {main}
  thrown dans /Applications/MAMP/htdocs/kerako/wp-content/themes/themeKerako/footer.php à la ligne 50

2020-01-17T08:43:08+00:00 CRITICAL Uncaught Error: Call to undefined function get_template_directory_rri() in /Applications/MAMP/htdocs/kerako/wp-content/themes/themeKerako/footer.php:50
Stack trace:
#0 /Applications/MAMP/htdocs/kerako/wp-includes/template.php(722): require_once()
#1 /Applications/MAMP/htdocs/kerako/wp-includes/template.php(671): load_template('/Applications/M...', true)
#2 /Applications/MAMP/htdocs/kerako/wp-includes/general-template.php(76): locate_template(Array, true)
#3 /Applications/MAMP/htdocs/kerako/wp-content/themes/themeKerako/page-contact.php(46): get_footer()
#4 /Applications/MAMP/htdocs/kerako/wp-includes/template-loader.php(98): include('/Applications/M...')
#5 /Applications/MAMP/htdocs/kerako/wp-blog-header.php(19): require_once('/Applications/M...')
#6 /Applications/MAMP/htdocs/kerako/index.php(17): require('/Applications/M...')
#7 {main}
  thrown dans /Applications/MAMP/htdocs/kerako/wp-content/themes/themeKerako/footer.php à la ligne 50

2020-01-17T08:48:18+00:00 CRITICAL Uncaught Error: Call to undefined function get_template_directory_rri() in /Applications/MAMP/htdocs/kerako/wp-content/themes/themeKerako/footer.php:50
Stack trace:
#0 /Applications/MAMP/htdocs/kerako/wp-includes/template.php(722): require_once()
#1 /Applications/MAMP/htdocs/kerako/wp-includes/template.php(671): load_template('/Applications/M...', true)
#2 /Applications/MAMP/htdocs/kerako/wp-includes/general-template.php(76): locate_template(Array, true)
#3 /Applications/MAMP/htdocs/kerako/wp-content/themes/themeKerako/page-contact.php(46): get_footer()
#4 /Applications/MAMP/htdocs/kerako/wp-includes/template-loader.php(98): include('/Applications/M...')
#5 /Applications/MAMP/htdocs/kerako/wp-blog-header.php(19): require_once('/Applications/M...')
#6 /Applications/MAMP/htdocs/kerako/index.php(17): require('/Applications/M...')
#7 {main}
  thrown dans /Applications/MAMP/htdocs/kerako/wp-content/themes/themeKerako/footer.php à la ligne 50

2020-01-17T08:48:25+00:00 CRITICAL Uncaught Error: Call to undefined function get_template_directory_rri() in /Applications/MAMP/htdocs/kerako/wp-content/themes/themeKerako/footer.php:50
Stack trace:
#0 /Applications/MAMP/htdocs/kerako/wp-includes/template.php(722): require_once()
#1 /Applications/MAMP/htdocs/kerako/wp-includes/template.php(671): load_template('/Applications/M...', true)
#2 /Applications/MAMP/htdocs/kerako/wp-includes/general-template.php(76): locate_template(Array, true)
#3 /Applications/MAMP/htdocs/kerako/wp-content/themes/themeKerako/page-contact.php(46): get_footer()
#4 /Applications/MAMP/htdocs/kerako/wp-includes/template-loader.php(98): include('/Applications/M...')
#5 /Applications/MAMP/htdocs/kerako/wp-blog-header.php(19): require_once('/Applications/M...')
#6 /Applications/MAMP/htdocs/kerako/index.php(17): require('/Applications/M...')
#7 {main}
  thrown dans /Applications/MAMP/htdocs/kerako/wp-content/themes/themeKerako/footer.php à la ligne 50

2020-01-17T08:48:42+00:00 CRITICAL Uncaught Error: Call to undefined function get_template_directory_rri() in /Applications/MAMP/htdocs/kerako/wp-content/themes/themeKerako/footer.php:50
Stack trace:
#0 /Applications/MAMP/htdocs/kerako/wp-includes/template.php(722): require_once()
#1 /Applications/MAMP/htdocs/kerako/wp-includes/template.php(671): load_template('/Applications/M...', true)
#2 /Applications/MAMP/htdocs/kerako/wp-includes/general-template.php(76): locate_template(Array, true)
#3 /Applications/MAMP/htdocs/kerako/wp-content/themes/themeKerako/page-contact.php(46): get_footer()
#4 /Applications/MAMP/htdocs/kerako/wp-includes/template-loader.php(98): include('/Applications/M...')
#5 /Applications/MAMP/htdocs/kerako/wp-blog-header.php(19): require_once('/Applications/M...')
#6 /Applications/MAMP/htdocs/kerako/index.php(17): require('/Applications/M...')
#7 {main}
  thrown dans /Applications/MAMP/htdocs/kerako/wp-content/themes/themeKerako/footer.php à la ligne 50

2020-01-17T08:56:39+00:00 CRITICAL Uncaught Error: Call to undefined function get_template_directory_rri() in /Applications/MAMP/htdocs/kerako/wp-content/themes/themeKerako/footer.php:50
Stack trace:
#0 /Applications/MAMP/htdocs/kerako/wp-includes/template.php(722): require_once()
#1 /Applications/MAMP/htdocs/kerako/wp-includes/template.php(671): load_template('/Applications/M...', true)
#2 /Applications/MAMP/htdocs/kerako/wp-includes/general-template.php(76): locate_template(Array, true)
#3 /Applications/MAMP/htdocs/kerako/wp-content/themes/themeKerako/index.php(152): get_footer()
#4 /Applications/MAMP/htdocs/kerako/wp-includes/template-loader.php(98): include('/Applications/M...')
#5 /Applications/MAMP/htdocs/kerako/wp-blog-header.php(19): require_once('/Applications/M...')
#6 /Applications/MAMP/htdocs/kerako/index.php(17): require('/Applications/M...')
#7 {main}
  thrown dans /Applications/MAMP/htdocs/kerako/wp-content/themes/themeKerako/footer.php à la ligne 50

2020-01-17T08:56:44+00:00 CRITICAL Uncaught Error: Call to undefined function get_template_directory_rri() in /Applications/MAMP/htdocs/kerako/wp-content/themes/themeKerako/footer.php:50
Stack trace:
#0 /Applications/MAMP/htdocs/kerako/wp-includes/template.php(722): require_once()
#1 /Applications/MAMP/htdocs/kerako/wp-includes/template.php(671): load_template('/Applications/M...', true)
#2 /Applications/MAMP/htdocs/kerako/wp-includes/general-template.php(76): locate_template(Array, true)
#3 /Applications/MAMP/htdocs/kerako/wp-content/themes/themeKerako/index.php(152): get_footer()
#4 /Applications/MAMP/htdocs/kerako/wp-includes/template-loader.php(98): include('/Applications/M...')
#5 /Applications/MAMP/htdocs/kerako/wp-blog-header.php(19): require_once('/Applications/M...')
#6 /Applications/MAMP/htdocs/kerako/index.php(17): require('/Applications/M...')
#7 {main}
  thrown dans /Applications/MAMP/htdocs/kerako/wp-content/themes/themeKerako/footer.php à la ligne 50

2020-01-17T09:02:34+00:00 CRITICAL Uncaught Error: Call to undefined function get_template_directory_rri() in /Applications/MAMP/htdocs/kerako/wp-content/themes/themeKerako/footer.php:50
Stack trace:
#0 /Applications/MAMP/htdocs/kerako/wp-includes/template.php(722): require_once()
#1 /Applications/MAMP/htdocs/kerako/wp-includes/template.php(671): load_template('/Applications/M...', true)
#2 /Applications/MAMP/htdocs/kerako/wp-includes/general-template.php(76): locate_template(Array, true)
#3 /Applications/MAMP/htdocs/kerako/wp-content/themes/themeKerako/page-contact.php(74): get_footer()
#4 /Applications/MAMP/htdocs/kerako/wp-includes/template-loader.php(98): include('/Applications/M...')
#5 /Applications/MAMP/htdocs/kerako/wp-blog-header.php(19): require_once('/Applications/M...')
#6 /Applications/MAMP/htdocs/kerako/index.php(17): require('/Applications/M...')
#7 {main}
  thrown dans /Applications/MAMP/htdocs/kerako/wp-content/themes/themeKerako/footer.php à la ligne 50

2020-01-17T09:02:53+00:00 CRITICAL Uncaught Error: Call to undefined function get_template_directory_rri() in /Applications/MAMP/htdocs/kerako/wp-content/themes/themeKerako/footer.php:50
Stack trace:
#0 /Applications/MAMP/htdocs/kerako/wp-includes/template.php(722): require_once()
#1 /Applications/MAMP/htdocs/kerako/wp-includes/template.php(671): load_template('/Applications/M...', true)
#2 /Applications/MAMP/htdocs/kerako/wp-includes/general-template.php(76): locate_template(Array, true)
#3 /Applications/MAMP/htdocs/kerako/wp-content/themes/themeKerako/index.php(152): get_footer()
#4 /Applications/MAMP/htdocs/kerako/wp-includes/template-loader.php(98): include('/Applications/M...')
#5 /Applications/MAMP/htdocs/kerako/wp-blog-header.php(19): require_once('/Applications/M...')
#6 /Applications/MAMP/htdocs/kerako/index.php(17): require('/Applications/M...')
#7 {main}
  thrown dans /Applications/MAMP/htdocs/kerako/wp-content/themes/themeKerako/footer.php à la ligne 50

2020-01-17T09:03:06+00:00 CRITICAL Uncaught Error: Call to undefined function get_template_directory_rri() in /Applications/MAMP/htdocs/kerako/wp-content/themes/themeKerako/footer.php:50
Stack trace:
#0 /Applications/MAMP/htdocs/kerako/wp-includes/template.php(722): require_once()
#1 /Applications/MAMP/htdocs/kerako/wp-includes/template.php(671): load_template('/Applications/M...', true)
#2 /Applications/MAMP/htdocs/kerako/wp-includes/general-template.php(76): locate_template(Array, true)
#3 /Applications/MAMP/htdocs/kerako/wp-content/themes/themeKerako/page-contact.php(74): get_footer()
#4 /Applications/MAMP/htdocs/kerako/wp-includes/template-loader.php(98): include('/Applications/M...')
#5 /Applications/MAMP/htdocs/kerako/wp-blog-header.php(19): require_once('/Applications/M...')
#6 /Applications/MAMP/htdocs/kerako/index.php(17): require('/Applications/M...')
#7 {main}
  thrown dans /Applications/MAMP/htdocs/kerako/wp-content/themes/themeKerako/footer.php à la ligne 50

2020-01-17T09:03:25+00:00 CRITICAL Uncaught Error: Call to undefined function get_template_directory_rri() in /Applications/MAMP/htdocs/kerako/wp-content/themes/themeKerako/footer.php:50
Stack trace:
#0 /Applications/MAMP/htdocs/kerako/wp-includes/template.php(722): require_once()
#1 /Applications/MAMP/htdocs/kerako/wp-includes/template.php(671): load_template('/Applications/M...', true)
#2 /Applications/MAMP/htdocs/kerako/wp-includes/general-template.php(76): locate_template(Array, true)
#3 /Applications/MAMP/htdocs/kerako/wp-content/themes/themeKerako/page-contact.php(74): get_footer()
#4 /Applications/MAMP/htdocs/kerako/wp-includes/template-loader.php(98): include('/Applications/M...')
#5 /Applications/MAMP/htdocs/kerako/wp-blog-header.php(19): require_once('/Applications/M...')
#6 /Applications/MAMP/htdocs/kerako/index.php(17): require('/Applications/M...')
#7 {main}
  thrown dans /Applications/MAMP/htdocs/kerako/wp-content/themes/themeKerako/footer.php à la ligne 50

2020-01-17T09:04:57+00:00 CRITICAL Uncaught Error: Call to undefined function get_template_directory_rri() in /Applications/MAMP/htdocs/kerako/wp-content/themes/themeKerako/footer.php:50
Stack trace:
#0 /Applications/MAMP/htdocs/kerako/wp-includes/template.php(722): require_once()
#1 /Applications/MAMP/htdocs/kerako/wp-includes/template.php(671): load_template('/Applications/M...', true)
#2 /Applications/MAMP/htdocs/kerako/wp-includes/general-template.php(76): locate_template(Array, true)
#3 /Applications/MAMP/htdocs/kerako/wp-content/themes/themeKerako/index.php(152): get_footer()
#4 /Applications/MAMP/htdocs/kerako/wp-includes/template-loader.php(98): include('/Applications/M...')
#5 /Applications/MAMP/htdocs/kerako/wp-blog-header.php(19): require_once('/Applications/M...')
#6 /Applications/MAMP/htdocs/kerako/index.php(17): require('/Applications/M...')
#7 {main}
  thrown dans /Applications/MAMP/htdocs/kerako/wp-content/themes/themeKerako/footer.php à la ligne 50

2020-01-17T09:05:03+00:00 CRITICAL Uncaught Error: Call to undefined function get_template_directory_rri() in /Applications/MAMP/htdocs/kerako/wp-content/themes/themeKerako/footer.php:50
Stack trace:
#0 /Applications/MAMP/htdocs/kerako/wp-includes/template.php(722): require_once()
#1 /Applications/MAMP/htdocs/kerako/wp-includes/template.php(671): load_template('/Applications/M...', true)
#2 /Applications/MAMP/htdocs/kerako/wp-includes/general-template.php(76): locate_template(Array, true)
#3 /Applications/MAMP/htdocs/kerako/wp-content/themes/themeKerako/index.php(152): get_footer()
#4 /Applications/MAMP/htdocs/kerako/wp-includes/template-loader.php(98): include('/Applications/M...')
#5 /Applications/MAMP/htdocs/kerako/wp-blog-header.php(19): require_once('/Applications/M...')
#6 /Applications/MAMP/htdocs/kerako/index.php(17): require('/Applications/M...')
#7 {main}
  thrown dans /Applications/MAMP/htdocs/kerako/wp-content/themes/themeKerako/footer.php à la ligne 50

2020-01-17T09:05:06+00:00 CRITICAL Uncaught Error: Call to undefined function get_template_directory_rri() in /Applications/MAMP/htdocs/kerako/wp-content/themes/themeKerako/footer.php:50
Stack trace:
#0 /Applications/MAMP/htdocs/kerako/wp-includes/template.php(722): require_once()
#1 /Applications/MAMP/htdocs/kerako/wp-includes/template.php(671): load_template('/Applications/M...', true)
#2 /Applications/MAMP/htdocs/kerako/wp-includes/general-template.php(76): locate_template(Array, true)
#3 /Applications/MAMP/htdocs/kerako/wp-content/themes/themeKerako/page-contact.php(75): get_footer()
#4 /Applications/MAMP/htdocs/kerako/wp-includes/template-loader.php(98): include('/Applications/M...')
#5 /Applications/MAMP/htdocs/kerako/wp-blog-header.php(19): require_once('/Applications/M...')
#6 /Applications/MAMP/htdocs/kerako/index.php(17): require('/Applications/M...')
#7 {main}
  thrown dans /Applications/MAMP/htdocs/kerako/wp-content/themes/themeKerako/footer.php à la ligne 50

2020-01-17T09:05:07+00:00 CRITICAL Uncaught Error: Call to undefined function get_template_directory_rri() in /Applications/MAMP/htdocs/kerako/wp-content/themes/themeKerako/footer.php:50
Stack trace:
#0 /Applications/MAMP/htdocs/kerako/wp-includes/template.php(722): require_once()
#1 /Applications/MAMP/htdocs/kerako/wp-includes/template.php(671): load_template('/Applications/M...', true)
#2 /Applications/MAMP/htdocs/kerako/wp-includes/general-template.php(76): locate_template(Array, true)
#3 /Applications/MAMP/htdocs/kerako/wp-content/themes/themeKerako/page-contact.php(75): get_footer()
#4 /Applications/MAMP/htdocs/kerako/wp-includes/template-loader.php(98): include('/Applications/M...')
#5 /Applications/MAMP/htdocs/kerako/wp-blog-header.php(19): require_once('/Applications/M...')
#6 /Applications/MAMP/htdocs/kerako/index.php(17): require('/Applications/M...')
#7 {main}
  thrown dans /Applications/MAMP/htdocs/kerako/wp-content/themes/themeKerako/footer.php à la ligne 50

2020-01-17T09:05:17+00:00 CRITICAL Uncaught Error: Call to undefined function get_template_directory_rri() in /Applications/MAMP/htdocs/kerako/wp-content/themes/themeKerako/footer.php:50
Stack trace:
#0 /Applications/MAMP/htdocs/kerako/wp-includes/template.php(722): require_once()
#1 /Applications/MAMP/htdocs/kerako/wp-includes/template.php(671): load_template('/Applications/M...', true)
#2 /Applications/MAMP/htdocs/kerako/wp-includes/general-template.php(76): locate_template(Array, true)
#3 /Applications/MAMP/htdocs/kerako/wp-content/themes/themeKerako/index.php(152): get_footer()
#4 /Applications/MAMP/htdocs/kerako/wp-includes/template-loader.php(98): include('/Applications/M...')
#5 /Applications/MAMP/htdocs/kerako/wp-blog-header.php(19): require_once('/Applications/M...')
#6 /Applications/MAMP/htdocs/kerako/index.php(17): require('/Applications/M...')
#7 {main}
  thrown dans /Applications/MAMP/htdocs/kerako/wp-content/themes/themeKerako/footer.php à la ligne 50

2020-01-17T09:05:20+00:00 CRITICAL Uncaught Error: Call to undefined function get_template_directory_rri() in /Applications/MAMP/htdocs/kerako/wp-content/themes/themeKerako/footer.php:50
Stack trace:
#0 /Applications/MAMP/htdocs/kerako/wp-includes/template.php(722): require_once()
#1 /Applications/MAMP/htdocs/kerako/wp-includes/template.php(671): load_template('/Applications/M...', true)
#2 /Applications/MAMP/htdocs/kerako/wp-includes/general-template.php(76): locate_template(Array, true)
#3 /Applications/MAMP/htdocs/kerako/wp-content/themes/themeKerako/page-contact.php(75): get_footer()
#4 /Applications/MAMP/htdocs/kerako/wp-includes/template-loader.php(98): include('/Applications/M...')
#5 /Applications/MAMP/htdocs/kerako/wp-blog-header.php(19): require_once('/Applications/M...')
#6 /Applications/MAMP/htdocs/kerako/index.php(17): require('/Applications/M...')
#7 {main}
  thrown dans /Applications/MAMP/htdocs/kerako/wp-content/themes/themeKerako/footer.php à la ligne 50

2020-01-17T09:05:42+00:00 CRITICAL Uncaught Error: Call to undefined function get_template_directory_rri() in /Applications/MAMP/htdocs/kerako/wp-content/themes/themeKerako/footer.php:50
Stack trace:
#0 /Applications/MAMP/htdocs/kerako/wp-includes/template.php(722): require_once()
#1 /Applications/MAMP/htdocs/kerako/wp-includes/template.php(671): load_template('/Applications/M...', true)
#2 /Applications/MAMP/htdocs/kerako/wp-includes/general-template.php(76): locate_template(Array, true)
#3 /Applications/MAMP/htdocs/kerako/wp-content/themes/themeKerako/page-contact.php(75): get_footer()
#4 /Applications/MAMP/htdocs/kerako/wp-includes/template-loader.php(98): include('/Applications/M...')
#5 /Applications/MAMP/htdocs/kerako/wp-blog-header.php(19): require_once('/Applications/M...')
#6 /Applications/MAMP/htdocs/kerako/index.php(17): require('/Applications/M...')
#7 {main}
  thrown dans /Applications/MAMP/htdocs/kerako/wp-content/themes/themeKerako/footer.php à la ligne 50

2020-01-17T09:05:51+00:00 CRITICAL Uncaught Error: Call to undefined function get_template_directory_rri() in /Applications/MAMP/htdocs/kerako/wp-content/themes/themeKerako/footer.php:50
Stack trace:
#0 /Applications/MAMP/htdocs/kerako/wp-includes/template.php(722): require_once()
#1 /Applications/MAMP/htdocs/kerako/wp-includes/template.php(671): load_template('/Applications/M...', true)
#2 /Applications/MAMP/htdocs/kerako/wp-includes/general-template.php(76): locate_template(Array, true)
#3 /Applications/MAMP/htdocs/kerako/wp-content/themes/themeKerako/page-contact.php(75): get_footer()
#4 /Applications/MAMP/htdocs/kerako/wp-includes/template-loader.php(98): include('/Applications/M...')
#5 /Applications/MAMP/htdocs/kerako/wp-blog-header.php(19): require_once('/Applications/M...')
#6 /Applications/MAMP/htdocs/kerako/index.php(17): require('/Applications/M...')
#7 {main}
  thrown dans /Applications/MAMP/htdocs/kerako/wp-content/themes/themeKerako/footer.php à la ligne 50

2020-01-17T09:05:54+00:00 CRITICAL Uncaught Error: Call to undefined function get_template_directory_rri() in /Applications/MAMP/htdocs/kerako/wp-content/themes/themeKerako/footer.php:50
Stack trace:
#0 /Applications/MAMP/htdocs/kerako/wp-includes/template.php(722): require_once()
#1 /Applications/MAMP/htdocs/kerako/wp-includes/template.php(671): load_template('/Applications/M...', true)
#2 /Applications/MAMP/htdocs/kerako/wp-includes/general-template.php(76): locate_template(Array, true)
#3 /Applications/MAMP/htdocs/kerako/wp-content/themes/themeKerako/index.php(152): get_footer()
#4 /Applications/MAMP/htdocs/kerako/wp-includes/template-loader.php(98): include('/Applications/M...')
#5 /Applications/MAMP/htdocs/kerako/wp-blog-header.php(19): require_once('/Applications/M...')
#6 /Applications/MAMP/htdocs/kerako/index.php(17): require('/Applications/M...')
#7 {main}
  thrown dans /Applications/MAMP/htdocs/kerako/wp-content/themes/themeKerako/footer.php à la ligne 50

2020-01-17T09:05:59+00:00 CRITICAL Uncaught Error: Call to undefined function get_template_directory_rri() in /Applications/MAMP/htdocs/kerako/wp-content/themes/themeKerako/footer.php:50
Stack trace:
#0 /Applications/MAMP/htdocs/kerako/wp-includes/template.php(722): require_once()
#1 /Applications/MAMP/htdocs/kerako/wp-includes/template.php(671): load_template('/Applications/M...', true)
#2 /Applications/MAMP/htdocs/kerako/wp-includes/general-template.php(76): locate_template(Array, true)
#3 /Applications/MAMP/htdocs/kerako/wp-content/themes/themeKerako/page-contact.php(75): get_footer()
#4 /Applications/MAMP/htdocs/kerako/wp-includes/template-loader.php(98): include('/Applications/M...')
#5 /Applications/MAMP/htdocs/kerako/wp-blog-header.php(19): require_once('/Applications/M...')
#6 /Applications/MAMP/htdocs/kerako/index.php(17): require('/Applications/M...')
#7 {main}
  thrown dans /Applications/MAMP/htdocs/kerako/wp-content/themes/themeKerako/footer.php à la ligne 50

2020-01-17T09:07:05+00:00 CRITICAL Uncaught Error: Call to undefined function get_template_directory_rri() in /Applications/MAMP/htdocs/kerako/wp-content/themes/themeKerako/footer.php:50
Stack trace:
#0 /Applications/MAMP/htdocs/kerako/wp-includes/template.php(722): require_once()
#1 /Applications/MAMP/htdocs/kerako/wp-includes/template.php(671): load_template('/Applications/M...', true)
#2 /Applications/MAMP/htdocs/kerako/wp-includes/general-template.php(76): locate_template(Array, true)
#3 /Applications/MAMP/htdocs/kerako/wp-content/themes/themeKerako/page-contact.php(75): get_footer()
#4 /Applications/MAMP/htdocs/kerako/wp-includes/template-loader.php(98): include('/Applications/M...')
#5 /Applications/MAMP/htdocs/kerako/wp-blog-header.php(19): require_once('/Applications/M...')
#6 /Applications/MAMP/htdocs/kerako/index.php(17): require('/Applications/M...')
#7 {main}
  thrown dans /Applications/MAMP/htdocs/kerako/wp-content/themes/themeKerako/footer.php à la ligne 50

2020-01-17T09:07:07+00:00 CRITICAL Uncaught Error: Call to undefined function get_template_directory_rri() in /Applications/MAMP/htdocs/kerako/wp-content/themes/themeKerako/footer.php:50
Stack trace:
#0 /Applications/MAMP/htdocs/kerako/wp-includes/template.php(722): require_once()
#1 /Applications/MAMP/htdocs/kerako/wp-includes/template.php(671): load_template('/Applications/M...', true)
#2 /Applications/MAMP/htdocs/kerako/wp-includes/general-template.php(76): locate_template(Array, true)
#3 /Applications/MAMP/htdocs/kerako/wp-content/themes/themeKerako/index.php(152): get_footer()
#4 /Applications/MAMP/htdocs/kerako/wp-includes/template-loader.php(98): include('/Applications/M...')
#5 /Applications/MAMP/htdocs/kerako/wp-blog-header.php(19): require_once('/Applications/M...')
#6 /Applications/MAMP/htdocs/kerako/index.php(17): require('/Applications/M...')
#7 {main}
  thrown dans /Applications/MAMP/htdocs/kerako/wp-content/themes/themeKerako/footer.php à la ligne 50

2020-01-17T09:07:12+00:00 CRITICAL Uncaught Error: Call to undefined function get_template_directory_rri() in /Applications/MAMP/htdocs/kerako/wp-content/themes/themeKerako/footer.php:50
Stack trace:
#0 /Applications/MAMP/htdocs/kerako/wp-includes/template.php(722): require_once()
#1 /Applications/MAMP/htdocs/kerako/wp-includes/template.php(671): load_template('/Applications/M...', true)
#2 /Applications/MAMP/htdocs/kerako/wp-includes/general-template.php(76): locate_template(Array, true)
#3 /Applications/MAMP/htdocs/kerako/wp-content/themes/themeKerako/page-contact.php(75): get_footer()
#4 /Applications/MAMP/htdocs/kerako/wp-includes/template-loader.php(98): include('/Applications/M...')
#5 /Applications/MAMP/htdocs/kerako/wp-blog-header.php(19): require_once('/Applications/M...')
#6 /Applications/MAMP/htdocs/kerako/index.php(17): require('/Applications/M...')
#7 {main}
  thrown dans /Applications/MAMP/htdocs/kerako/wp-content/themes/themeKerako/footer.php à la ligne 50

2020-01-17T09:07:33+00:00 CRITICAL Uncaught Error: Call to undefined function get_template_directory_rri() in /Applications/MAMP/htdocs/kerako/wp-content/themes/themeKerako/footer.php:50
Stack trace:
#0 /Applications/MAMP/htdocs/kerako/wp-includes/template.php(722): require_once()
#1 /Applications/MAMP/htdocs/kerako/wp-includes/template.php(671): load_template('/Applications/M...', true)
#2 /Applications/MAMP/htdocs/kerako/wp-includes/general-template.php(76): locate_template(Array, true)
#3 /Applications/MAMP/htdocs/kerako/wp-content/themes/themeKerako/page-contact.php(75): get_footer()
#4 /Applications/MAMP/htdocs/kerako/wp-includes/template-loader.php(98): include('/Applications/M...')
#5 /Applications/MAMP/htdocs/kerako/wp-blog-header.php(19): require_once('/Applications/M...')
#6 /Applications/MAMP/htdocs/kerako/index.php(17): require('/Applications/M...')
#7 {main}
  thrown dans /Applications/MAMP/htdocs/kerako/wp-content/themes/themeKerako/footer.php à la ligne 50

2020-01-17T09:07:35+00:00 CRITICAL Uncaught Error: Call to undefined function get_template_directory_rri() in /Applications/MAMP/htdocs/kerako/wp-content/themes/themeKerako/footer.php:50
Stack trace:
#0 /Applications/MAMP/htdocs/kerako/wp-includes/template.php(722): require_once()
#1 /Applications/MAMP/htdocs/kerako/wp-includes/template.php(671): load_template('/Applications/M...', true)
#2 /Applications/MAMP/htdocs/kerako/wp-includes/general-template.php(76): locate_template(Array, true)
#3 /Applications/MAMP/htdocs/kerako/wp-content/themes/themeKerako/index.php(152): get_footer()
#4 /Applications/MAMP/htdocs/kerako/wp-includes/template-loader.php(98): include('/Applications/M...')
#5 /Applications/MAMP/htdocs/kerako/wp-blog-header.php(19): require_once('/Applications/M...')
#6 /Applications/MAMP/htdocs/kerako/index.php(17): require('/Applications/M...')
#7 {main}
  thrown dans /Applications/MAMP/htdocs/kerako/wp-content/themes/themeKerako/footer.php à la ligne 50

2020-01-17T09:08:06+00:00 CRITICAL Uncaught Error: Call to undefined function get_template_directory_rri() in /Applications/MAMP/htdocs/kerako/wp-content/themes/themeKerako/footer.php:50
Stack trace:
#0 /Applications/MAMP/htdocs/kerako/wp-includes/template.php(722): require_once()
#1 /Applications/MAMP/htdocs/kerako/wp-includes/template.php(671): load_template('/Applications/M...', true)
#2 /Applications/MAMP/htdocs/kerako/wp-includes/general-template.php(76): locate_template(Array, true)
#3 /Applications/MAMP/htdocs/kerako/wp-content/themes/themeKerako/page-contact.php(75): get_footer()
#4 /Applications/MAMP/htdocs/kerako/wp-includes/template-loader.php(98): include('/Applications/M...')
#5 /Applications/MAMP/htdocs/kerako/wp-blog-header.php(19): require_once('/Applications/M...')
#6 /Applications/MAMP/htdocs/kerako/index.php(17): require('/Applications/M...')
#7 {main}
  thrown dans /Applications/MAMP/htdocs/kerako/wp-content/themes/themeKerako/footer.php à la ligne 50

2020-01-17T09:08:07+00:00 CRITICAL Uncaught Error: Call to undefined function get_template_directory_rri() in /Applications/MAMP/htdocs/kerako/wp-content/themes/themeKerako/footer.php:50
Stack trace:
#0 /Applications/MAMP/htdocs/kerako/wp-includes/template.php(722): require_once()
#1 /Applications/MAMP/htdocs/kerako/wp-includes/template.php(671): load_template('/Applications/M...', true)
#2 /Applications/MAMP/htdocs/kerako/wp-includes/general-template.php(76): locate_template(Array, true)
#3 /Applications/MAMP/htdocs/kerako/wp-content/themes/themeKerako/page-contact.php(75): get_footer()
#4 /Applications/MAMP/htdocs/kerako/wp-includes/template-loader.php(98): include('/Applications/M...')
#5 /Applications/MAMP/htdocs/kerako/wp-blog-header.php(19): require_once('/Applications/M...')
#6 /Applications/MAMP/htdocs/kerako/index.php(17): require('/Applications/M...')
#7 {main}
  thrown dans /Applications/MAMP/htdocs/kerako/wp-content/themes/themeKerako/footer.php à la ligne 50

2020-01-17T09:08:09+00:00 CRITICAL Uncaught Error: Call to undefined function get_template_directory_rri() in /Applications/MAMP/htdocs/kerako/wp-content/themes/themeKerako/footer.php:50
Stack trace:
#0 /Applications/MAMP/htdocs/kerako/wp-includes/template.php(722): require_once()
#1 /Applications/MAMP/htdocs/kerako/wp-includes/template.php(671): load_template('/Applications/M...', true)
#2 /Applications/MAMP/htdocs/kerako/wp-includes/general-template.php(76): locate_template(Array, true)
#3 /Applications/MAMP/htdocs/kerako/wp-content/themes/themeKerako/index.php(152): get_footer()
#4 /Applications/MAMP/htdocs/kerako/wp-includes/template-loader.php(98): include('/Applications/M...')
#5 /Applications/MAMP/htdocs/kerako/wp-blog-header.php(19): require_once('/Applications/M...')
#6 /Applications/MAMP/htdocs/kerako/index.php(17): require('/Applications/M...')
#7 {main}
  thrown dans /Applications/MAMP/htdocs/kerako/wp-content/themes/themeKerako/footer.php à la ligne 50

2020-01-17T09:08:19+00:00 CRITICAL Uncaught Error: Call to undefined function get_template_directory_rri() in /Applications/MAMP/htdocs/kerako/wp-content/themes/themeKerako/footer.php:50
Stack trace:
#0 /Applications/MAMP/htdocs/kerako/wp-includes/template.php(722): require_once()
#1 /Applications/MAMP/htdocs/kerako/wp-includes/template.php(671): load_template('/Applications/M...', true)
#2 /Applications/MAMP/htdocs/kerako/wp-includes/general-template.php(76): locate_template(Array, true)
#3 /Applications/MAMP/htdocs/kerako/wp-content/themes/themeKerako/page-contact.php(75): get_footer()
#4 /Applications/MAMP/htdocs/kerako/wp-includes/template-loader.php(98): include('/Applications/M...')
#5 /Applications/MAMP/htdocs/kerako/wp-blog-header.php(19): require_once('/Applications/M...')
#6 /Applications/MAMP/htdocs/kerako/index.php(17): require('/Applications/M...')
#7 {main}
  thrown dans /Applications/MAMP/htdocs/kerako/wp-content/themes/themeKerako/footer.php à la ligne 50

2020-01-17T09:09:01+00:00 CRITICAL Uncaught Error: Call to undefined function get_template_directory_rri() in /Applications/MAMP/htdocs/kerako/wp-content/themes/themeKerako/footer.php:50
Stack trace:
#0 /Applications/MAMP/htdocs/kerako/wp-includes/template.php(722): require_once()
#1 /Applications/MAMP/htdocs/kerako/wp-includes/template.php(671): load_template('/Applications/M...', true)
#2 /Applications/MAMP/htdocs/kerako/wp-includes/general-template.php(76): locate_template(Array, true)
#3 /Applications/MAMP/htdocs/kerako/wp-content/themes/themeKerako/page-contact.php(45): get_footer()
#4 /Applications/MAMP/htdocs/kerako/wp-includes/template-loader.php(98): include('/Applications/M...')
#5 /Applications/MAMP/htdocs/kerako/wp-blog-header.php(19): require_once('/Applications/M...')
#6 /Applications/MAMP/htdocs/kerako/index.php(17): require('/Applications/M...')
#7 {main}
  thrown dans /Applications/MAMP/htdocs/kerako/wp-content/themes/themeKerako/footer.php à la ligne 50

2020-01-17T09:09:14+00:00 CRITICAL Uncaught Error: Call to undefined function get_template_directory_rri() in /Applications/MAMP/htdocs/kerako/wp-content/themes/themeKerako/footer.php:50
Stack trace:
#0 /Applications/MAMP/htdocs/kerako/wp-includes/template.php(722): require_once()
#1 /Applications/MAMP/htdocs/kerako/wp-includes/template.php(671): load_template('/Applications/M...', true)
#2 /Applications/MAMP/htdocs/kerako/wp-includes/general-template.php(76): locate_template(Array, true)
#3 /Applications/MAMP/htdocs/kerako/wp-content/themes/themeKerako/page-contact.php(45): get_footer()
#4 /Applications/MAMP/htdocs/kerako/wp-includes/template-loader.php(98): include('/Applications/M...')
#5 /Applications/MAMP/htdocs/kerako/wp-blog-header.php(19): require_once('/Applications/M...')
#6 /Applications/MAMP/htdocs/kerako/index.php(17): require('/Applications/M...')
#7 {main}
  thrown dans /Applications/MAMP/htdocs/kerako/wp-content/themes/themeKerako/footer.php à la ligne 50

