2020-01-19T12:44:43+00:00 CRITICAL Uncaught Error: Call to undefined function get_template_directory_rri() in /Applications/MAMP/htdocs/kerako/wp-content/themes/themeKerako/footer.php:50
Stack trace:
#0 /Applications/MAMP/htdocs/kerako/wp-includes/template.php(722): require_once()
#1 /Applications/MAMP/htdocs/kerako/wp-includes/template.php(671): load_template('/Applications/M...', true)
#2 /Applications/MAMP/htdocs/kerako/wp-includes/general-template.php(76): locate_template(Array, true)
#3 /Applications/MAMP/htdocs/kerako/wp-content/themes/themeKerako/index.php(152): get_footer()
#4 /Applications/MAMP/htdocs/kerako/wp-includes/template-loader.php(98): include('/Applications/M...')
#5 /Applications/MAMP/htdocs/kerako/wp-blog-header.php(19): require_once('/Applications/M...')
#6 /Applications/MAMP/htdocs/kerako/index.php(17): require('/Applications/M...')
#7 {main}
  thrown dans /Applications/MAMP/htdocs/kerako/wp-content/themes/themeKerako/footer.php à la ligne 50

2020-01-19T12:47:53+00:00 CRITICAL Uncaught Error: Call to undefined function get_template_directory_rri() in /Applications/MAMP/htdocs/kerako/wp-content/themes/themeKerako/footer.php:50
Stack trace:
#0 /Applications/MAMP/htdocs/kerako/wp-includes/template.php(722): require_once()
#1 /Applications/MAMP/htdocs/kerako/wp-includes/template.php(671): load_template('/Applications/M...', true)
#2 /Applications/MAMP/htdocs/kerako/wp-includes/general-template.php(76): locate_template(Array, true)
#3 /Applications/MAMP/htdocs/kerako/wp-content/themes/themeKerako/index.php(152): get_footer()
#4 /Applications/MAMP/htdocs/kerako/wp-includes/template-loader.php(98): include('/Applications/M...')
#5 /Applications/MAMP/htdocs/kerako/wp-blog-header.php(19): require_once('/Applications/M...')
#6 /Applications/MAMP/htdocs/kerako/index.php(17): require('/Applications/M...')
#7 {main}
  thrown dans /Applications/MAMP/htdocs/kerako/wp-content/themes/themeKerako/footer.php à la ligne 50

2020-01-19T12:47:53+00:00 CRITICAL Uncaught Error: Call to undefined function get_template_directory_rri() in /Applications/MAMP/htdocs/kerako/wp-content/themes/themeKerako/footer.php:50
Stack trace:
#0 /Applications/MAMP/htdocs/kerako/wp-includes/template.php(722): require_once()
#1 /Applications/MAMP/htdocs/kerako/wp-includes/template.php(671): load_template('/Applications/M...', true)
#2 /Applications/MAMP/htdocs/kerako/wp-includes/general-template.php(76): locate_template(Array, true)
#3 /Applications/MAMP/htdocs/kerako/wp-content/themes/themeKerako/index.php(152): get_footer()
#4 /Applications/MAMP/htdocs/kerako/wp-includes/template-loader.php(98): include('/Applications/M...')
#5 /Applications/MAMP/htdocs/kerako/wp-blog-header.php(19): require_once('/Applications/M...')
#6 /Applications/MAMP/htdocs/kerako/index.php(17): require('/Applications/M...')
#7 {main}
  thrown dans /Applications/MAMP/htdocs/kerako/wp-content/themes/themeKerako/footer.php à la ligne 50

2020-01-19T12:49:09+00:00 CRITICAL Uncaught Error: Call to undefined function get_template_directory_rri() in /Applications/MAMP/htdocs/kerako/wp-content/themes/themeKerako/footer.php:50
Stack trace:
#0 /Applications/MAMP/htdocs/kerako/wp-includes/template.php(722): require_once()
#1 /Applications/MAMP/htdocs/kerako/wp-includes/template.php(671): load_template('/Applications/M...', true)
#2 /Applications/MAMP/htdocs/kerako/wp-includes/general-template.php(76): locate_template(Array, true)
#3 /Applications/MAMP/htdocs/kerako/wp-content/themes/themeKerako/woocommerce.php(11): get_footer()
#4 /Applications/MAMP/htdocs/kerako/wp-includes/template-loader.php(98): include('/Applications/M...')
#5 /Applications/MAMP/htdocs/kerako/wp-blog-header.php(19): require_once('/Applications/M...')
#6 /Applications/MAMP/htdocs/kerako/index.php(17): require('/Applications/M...')
#7 {main}
  thrown dans /Applications/MAMP/htdocs/kerako/wp-content/themes/themeKerako/footer.php à la ligne 50

2020-01-19T12:49:14+00:00 CRITICAL Uncaught Error: Call to undefined function get_template_directory_rri() in /Applications/MAMP/htdocs/kerako/wp-content/themes/themeKerako/footer.php:50
Stack trace:
#0 /Applications/MAMP/htdocs/kerako/wp-includes/template.php(722): require_once()
#1 /Applications/MAMP/htdocs/kerako/wp-includes/template.php(671): load_template('/Applications/M...', true)
#2 /Applications/MAMP/htdocs/kerako/wp-includes/general-template.php(76): locate_template(Array, true)
#3 /Applications/MAMP/htdocs/kerako/wp-content/themes/themeKerako/index.php(152): get_footer()
#4 /Applications/MAMP/htdocs/kerako/wp-includes/template-loader.php(98): include('/Applications/M...')
#5 /Applications/MAMP/htdocs/kerako/wp-blog-header.php(19): require_once('/Applications/M...')
#6 /Applications/MAMP/htdocs/kerako/index.php(17): require('/Applications/M...')
#7 {main}
  thrown dans /Applications/MAMP/htdocs/kerako/wp-content/themes/themeKerako/footer.php à la ligne 50

2020-01-19T12:49:16+00:00 CRITICAL Uncaught Error: Call to undefined function get_template_directory_rri() in /Applications/MAMP/htdocs/kerako/wp-content/themes/themeKerako/footer.php:50
Stack trace:
#0 /Applications/MAMP/htdocs/kerako/wp-includes/template.php(722): require_once()
#1 /Applications/MAMP/htdocs/kerako/wp-includes/template.php(671): load_template('/Applications/M...', true)
#2 /Applications/MAMP/htdocs/kerako/wp-includes/general-template.php(76): locate_template(Array, true)
#3 /Applications/MAMP/htdocs/kerako/wp-content/themes/themeKerako/woocommerce.php(11): get_footer()
#4 /Applications/MAMP/htdocs/kerako/wp-includes/template-loader.php(98): include('/Applications/M...')
#5 /Applications/MAMP/htdocs/kerako/wp-blog-header.php(19): require_once('/Applications/M...')
#6 /Applications/MAMP/htdocs/kerako/index.php(17): require('/Applications/M...')
#7 {main}
  thrown dans /Applications/MAMP/htdocs/kerako/wp-content/themes/themeKerako/footer.php à la ligne 50

2020-01-19T12:49:23+00:00 CRITICAL Uncaught Error: Call to undefined function get_template_directory_rri() in /Applications/MAMP/htdocs/kerako/wp-content/themes/themeKerako/footer.php:50
Stack trace:
#0 /Applications/MAMP/htdocs/kerako/wp-includes/template.php(722): require_once()
#1 /Applications/MAMP/htdocs/kerako/wp-includes/template.php(671): load_template('/Applications/M...', true)
#2 /Applications/MAMP/htdocs/kerako/wp-includes/general-template.php(76): locate_template(Array, true)
#3 /Applications/MAMP/htdocs/kerako/wp-content/themes/themeKerako/woocommerce.php(11): get_footer()
#4 /Applications/MAMP/htdocs/kerako/wp-includes/template-loader.php(98): include('/Applications/M...')
#5 /Applications/MAMP/htdocs/kerako/wp-blog-header.php(19): require_once('/Applications/M...')
#6 /Applications/MAMP/htdocs/kerako/index.php(17): require('/Applications/M...')
#7 {main}
  thrown dans /Applications/MAMP/htdocs/kerako/wp-content/themes/themeKerako/footer.php à la ligne 50

2020-01-19T12:49:27+00:00 CRITICAL Uncaught Error: Call to undefined function get_template_directory_rri() in /Applications/MAMP/htdocs/kerako/wp-content/themes/themeKerako/footer.php:50
Stack trace:
#0 /Applications/MAMP/htdocs/kerako/wp-includes/template.php(722): require_once()
#1 /Applications/MAMP/htdocs/kerako/wp-includes/template.php(671): load_template('/Applications/M...', true)
#2 /Applications/MAMP/htdocs/kerako/wp-includes/general-template.php(76): locate_template(Array, true)
#3 /Applications/MAMP/htdocs/kerako/wp-content/themes/themeKerako/woocommerce.php(11): get_footer()
#4 /Applications/MAMP/htdocs/kerako/wp-includes/template-loader.php(98): include('/Applications/M...')
#5 /Applications/MAMP/htdocs/kerako/wp-blog-header.php(19): require_once('/Applications/M...')
#6 /Applications/MAMP/htdocs/kerako/index.php(17): require('/Applications/M...')
#7 {main}
  thrown dans /Applications/MAMP/htdocs/kerako/wp-content/themes/themeKerako/footer.php à la ligne 50

2020-01-19T12:49:46+00:00 CRITICAL Uncaught Error: Call to undefined function get_template_directory_rri() in /Applications/MAMP/htdocs/kerako/wp-content/themes/themeKerako/footer.php:50
Stack trace:
#0 /Applications/MAMP/htdocs/kerako/wp-includes/template.php(722): require_once()
#1 /Applications/MAMP/htdocs/kerako/wp-includes/template.php(671): load_template('/Applications/M...', true)
#2 /Applications/MAMP/htdocs/kerako/wp-includes/general-template.php(76): locate_template(Array, true)
#3 /Applications/MAMP/htdocs/kerako/wp-content/themes/themeKerako/woocommerce.php(11): get_footer()
#4 /Applications/MAMP/htdocs/kerako/wp-includes/template-loader.php(98): include('/Applications/M...')
#5 /Applications/MAMP/htdocs/kerako/wp-blog-header.php(19): require_once('/Applications/M...')
#6 /Applications/MAMP/htdocs/kerako/index.php(17): require('/Applications/M...')
#7 {main}
  thrown dans /Applications/MAMP/htdocs/kerako/wp-content/themes/themeKerako/footer.php à la ligne 50

2020-01-19T12:50:17+00:00 CRITICAL Uncaught Error: Call to undefined function get_template_directory_rri() in /Applications/MAMP/htdocs/kerako/wp-content/themes/themeKerako/footer.php:50
Stack trace:
#0 /Applications/MAMP/htdocs/kerako/wp-includes/template.php(722): require_once()
#1 /Applications/MAMP/htdocs/kerako/wp-includes/template.php(671): load_template('/Applications/M...', true)
#2 /Applications/MAMP/htdocs/kerako/wp-includes/general-template.php(76): locate_template(Array, true)
#3 /Applications/MAMP/htdocs/kerako/wp-content/themes/themeKerako/woocommerce.php(11): get_footer()
#4 /Applications/MAMP/htdocs/kerako/wp-includes/template-loader.php(98): include('/Applications/M...')
#5 /Applications/MAMP/htdocs/kerako/wp-blog-header.php(19): require_once('/Applications/M...')
#6 /Applications/MAMP/htdocs/kerako/index.php(17): require('/Applications/M...')
#7 {main}
  thrown dans /Applications/MAMP/htdocs/kerako/wp-content/themes/themeKerako/footer.php à la ligne 50

2020-01-19T12:50:25+00:00 CRITICAL Uncaught Error: Call to undefined function get_template_directory_rri() in /Applications/MAMP/htdocs/kerako/wp-content/themes/themeKerako/footer.php:50
Stack trace:
#0 /Applications/MAMP/htdocs/kerako/wp-includes/template.php(722): require_once()
#1 /Applications/MAMP/htdocs/kerako/wp-includes/template.php(671): load_template('/Applications/M...', true)
#2 /Applications/MAMP/htdocs/kerako/wp-includes/general-template.php(76): locate_template(Array, true)
#3 /Applications/MAMP/htdocs/kerako/wp-content/themes/themeKerako/page.php(31): get_footer()
#4 /Applications/MAMP/htdocs/kerako/wp-includes/template-loader.php(98): include('/Applications/M...')
#5 /Applications/MAMP/htdocs/kerako/wp-blog-header.php(19): require_once('/Applications/M...')
#6 /Applications/MAMP/htdocs/kerako/index.php(17): require('/Applications/M...')
#7 {main}
  thrown dans /Applications/MAMP/htdocs/kerako/wp-content/themes/themeKerako/footer.php à la ligne 50

2020-01-19T12:50:28+00:00 CRITICAL Uncaught Error: Call to undefined function get_template_directory_rri() in /Applications/MAMP/htdocs/kerako/wp-content/themes/themeKerako/footer.php:50
Stack trace:
#0 /Applications/MAMP/htdocs/kerako/wp-includes/template.php(722): require_once()
#1 /Applications/MAMP/htdocs/kerako/wp-includes/template.php(671): load_template('/Applications/M...', true)
#2 /Applications/MAMP/htdocs/kerako/wp-includes/general-template.php(76): locate_template(Array, true)
#3 /Applications/MAMP/htdocs/kerako/wp-content/themes/themeKerako/page.php(31): get_footer()
#4 /Applications/MAMP/htdocs/kerako/wp-includes/template-loader.php(98): include('/Applications/M...')
#5 /Applications/MAMP/htdocs/kerako/wp-blog-header.php(19): require_once('/Applications/M...')
#6 /Applications/MAMP/htdocs/kerako/index.php(17): require('/Applications/M...')
#7 {main}
  thrown dans /Applications/MAMP/htdocs/kerako/wp-content/themes/themeKerako/footer.php à la ligne 50

2020-01-19T12:51:00+00:00 CRITICAL Uncaught Error: Call to undefined function get_template_directory_rri() in /Applications/MAMP/htdocs/kerako/wp-content/themes/themeKerako/footer.php:50
Stack trace:
#0 /Applications/MAMP/htdocs/kerako/wp-includes/template.php(722): require_once()
#1 /Applications/MAMP/htdocs/kerako/wp-includes/template.php(671): load_template('/Applications/M...', true)
#2 /Applications/MAMP/htdocs/kerako/wp-includes/general-template.php(76): locate_template(Array, true)
#3 /Applications/MAMP/htdocs/kerako/wp-content/themes/themeKerako/woocommerce.php(11): get_footer()
#4 /Applications/MAMP/htdocs/kerako/wp-includes/template-loader.php(98): include('/Applications/M...')
#5 /Applications/MAMP/htdocs/kerako/wp-blog-header.php(19): require_once('/Applications/M...')
#6 /Applications/MAMP/htdocs/kerako/index.php(17): require('/Applications/M...')
#7 {main}
  thrown dans /Applications/MAMP/htdocs/kerako/wp-content/themes/themeKerako/footer.php à la ligne 50

2020-01-19T12:51:03+00:00 CRITICAL Uncaught Error: Call to undefined function get_template_directory_rri() in /Applications/MAMP/htdocs/kerako/wp-content/themes/themeKerako/footer.php:50
Stack trace:
#0 /Applications/MAMP/htdocs/kerako/wp-includes/template.php(722): require_once()
#1 /Applications/MAMP/htdocs/kerako/wp-includes/template.php(671): load_template('/Applications/M...', true)
#2 /Applications/MAMP/htdocs/kerako/wp-includes/general-template.php(76): locate_template(Array, true)
#3 /Applications/MAMP/htdocs/kerako/wp-content/themes/themeKerako/page.php(31): get_footer()
#4 /Applications/MAMP/htdocs/kerako/wp-includes/template-loader.php(98): include('/Applications/M...')
#5 /Applications/MAMP/htdocs/kerako/wp-blog-header.php(19): require_once('/Applications/M...')
#6 /Applications/MAMP/htdocs/kerako/index.php(17): require('/Applications/M...')
#7 {main}
  thrown dans /Applications/MAMP/htdocs/kerako/wp-content/themes/themeKerako/footer.php à la ligne 50

2020-01-19T12:52:00+00:00 CRITICAL Uncaught Error: Call to undefined function get_template_directory_rri() in /Applications/MAMP/htdocs/kerako/wp-content/themes/themeKerako/footer.php:50
Stack trace:
#0 /Applications/MAMP/htdocs/kerako/wp-includes/template.php(722): require_once()
#1 /Applications/MAMP/htdocs/kerako/wp-includes/template.php(671): load_template('/Applications/M...', true)
#2 /Applications/MAMP/htdocs/kerako/wp-includes/general-template.php(76): locate_template(Array, true)
#3 /Applications/MAMP/htdocs/kerako/wp-content/themes/themeKerako/page.php(31): get_footer()
#4 /Applications/MAMP/htdocs/kerako/wp-includes/template-loader.php(98): include('/Applications/M...')
#5 /Applications/MAMP/htdocs/kerako/wp-blog-header.php(19): require_once('/Applications/M...')
#6 /Applications/MAMP/htdocs/kerako/index.php(17): require('/Applications/M...')
#7 {main}
  thrown dans /Applications/MAMP/htdocs/kerako/wp-content/themes/themeKerako/footer.php à la ligne 50

2020-01-19T12:53:13+00:00 CRITICAL Uncaught Error: Call to undefined function get_template_directory_rri() in /Applications/MAMP/htdocs/kerako/wp-content/themes/themeKerako/footer.php:50
Stack trace:
#0 /Applications/MAMP/htdocs/kerako/wp-includes/template.php(722): require_once()
#1 /Applications/MAMP/htdocs/kerako/wp-includes/template.php(671): load_template('/Applications/M...', true)
#2 /Applications/MAMP/htdocs/kerako/wp-includes/general-template.php(76): locate_template(Array, true)
#3 /Applications/MAMP/htdocs/kerako/wp-content/themes/themeKerako/page.php(31): get_footer()
#4 /Applications/MAMP/htdocs/kerako/wp-includes/template-loader.php(98): include('/Applications/M...')
#5 /Applications/MAMP/htdocs/kerako/wp-blog-header.php(19): require_once('/Applications/M...')
#6 /Applications/MAMP/htdocs/kerako/index.php(17): require('/Applications/M...')
#7 {main}
  thrown dans /Applications/MAMP/htdocs/kerako/wp-content/themes/themeKerako/footer.php à la ligne 50

2020-01-19T12:53:40+00:00 CRITICAL Uncaught Error: Call to undefined function get_template_directory_rri() in /Applications/MAMP/htdocs/kerako/wp-content/themes/themeKerako/footer.php:50
Stack trace:
#0 /Applications/MAMP/htdocs/kerako/wp-includes/template.php(722): require_once()
#1 /Applications/MAMP/htdocs/kerako/wp-includes/template.php(671): load_template('/Applications/M...', true)
#2 /Applications/MAMP/htdocs/kerako/wp-includes/general-template.php(76): locate_template(Array, true)
#3 /Applications/MAMP/htdocs/kerako/wp-content/themes/themeKerako/page.php(31): get_footer()
#4 /Applications/MAMP/htdocs/kerako/wp-includes/template-loader.php(98): include('/Applications/M...')
#5 /Applications/MAMP/htdocs/kerako/wp-blog-header.php(19): require_once('/Applications/M...')
#6 /Applications/MAMP/htdocs/kerako/index.php(17): require('/Applications/M...')
#7 {main}
  thrown dans /Applications/MAMP/htdocs/kerako/wp-content/themes/themeKerako/footer.php à la ligne 50

2020-01-19T12:53:57+00:00 CRITICAL Uncaught Error: Call to undefined function get_template_directory_rri() in /Applications/MAMP/htdocs/kerako/wp-content/themes/themeKerako/footer.php:50
Stack trace:
#0 /Applications/MAMP/htdocs/kerako/wp-includes/template.php(722): require_once()
#1 /Applications/MAMP/htdocs/kerako/wp-includes/template.php(671): load_template('/Applications/M...', true)
#2 /Applications/MAMP/htdocs/kerako/wp-includes/general-template.php(76): locate_template(Array, true)
#3 /Applications/MAMP/htdocs/kerako/wp-content/themes/themeKerako/page.php(31): get_footer()
#4 /Applications/MAMP/htdocs/kerako/wp-includes/template-loader.php(98): include('/Applications/M...')
#5 /Applications/MAMP/htdocs/kerako/wp-blog-header.php(19): require_once('/Applications/M...')
#6 /Applications/MAMP/htdocs/kerako/index.php(17): require('/Applications/M...')
#7 {main}
  thrown dans /Applications/MAMP/htdocs/kerako/wp-content/themes/themeKerako/footer.php à la ligne 50

2020-01-19T12:54:01+00:00 CRITICAL Uncaught Error: Call to undefined function get_template_directory_rri() in /Applications/MAMP/htdocs/kerako/wp-content/themes/themeKerako/footer.php:50
Stack trace:
#0 /Applications/MAMP/htdocs/kerako/wp-includes/template.php(722): require_once()
#1 /Applications/MAMP/htdocs/kerako/wp-includes/template.php(671): load_template('/Applications/M...', true)
#2 /Applications/MAMP/htdocs/kerako/wp-includes/general-template.php(76): locate_template(Array, true)
#3 /Applications/MAMP/htdocs/kerako/wp-content/themes/themeKerako/page.php(31): get_footer()
#4 /Applications/MAMP/htdocs/kerako/wp-includes/template-loader.php(98): include('/Applications/M...')
#5 /Applications/MAMP/htdocs/kerako/wp-blog-header.php(19): require_once('/Applications/M...')
#6 /Applications/MAMP/htdocs/kerako/index.php(17): require('/Applications/M...')
#7 {main}
  thrown dans /Applications/MAMP/htdocs/kerako/wp-content/themes/themeKerako/footer.php à la ligne 50

2020-01-19T12:54:12+00:00 CRITICAL Uncaught Error: Call to undefined function get_template_directory_rri() in /Applications/MAMP/htdocs/kerako/wp-content/themes/themeKerako/footer.php:50
Stack trace:
#0 /Applications/MAMP/htdocs/kerako/wp-includes/template.php(722): require_once()
#1 /Applications/MAMP/htdocs/kerako/wp-includes/template.php(671): load_template('/Applications/M...', true)
#2 /Applications/MAMP/htdocs/kerako/wp-includes/general-template.php(76): locate_template(Array, true)
#3 /Applications/MAMP/htdocs/kerako/wp-content/themes/themeKerako/page.php(31): get_footer()
#4 /Applications/MAMP/htdocs/kerako/wp-includes/template-loader.php(98): include('/Applications/M...')
#5 /Applications/MAMP/htdocs/kerako/wp-blog-header.php(19): require_once('/Applications/M...')
#6 /Applications/MAMP/htdocs/kerako/index.php(17): require('/Applications/M...')
#7 {main}
  thrown dans /Applications/MAMP/htdocs/kerako/wp-content/themes/themeKerako/footer.php à la ligne 50

2020-01-19T12:54:14+00:00 CRITICAL Uncaught Error: Call to undefined function get_template_directory_rri() in /Applications/MAMP/htdocs/kerako/wp-content/themes/themeKerako/footer.php:50
Stack trace:
#0 /Applications/MAMP/htdocs/kerako/wp-includes/template.php(722): require_once()
#1 /Applications/MAMP/htdocs/kerako/wp-includes/template.php(671): load_template('/Applications/M...', true)
#2 /Applications/MAMP/htdocs/kerako/wp-includes/general-template.php(76): locate_template(Array, true)
#3 /Applications/MAMP/htdocs/kerako/wp-content/themes/themeKerako/page.php(31): get_footer()
#4 /Applications/MAMP/htdocs/kerako/wp-includes/template-loader.php(98): include('/Applications/M...')
#5 /Applications/MAMP/htdocs/kerako/wp-blog-header.php(19): require_once('/Applications/M...')
#6 /Applications/MAMP/htdocs/kerako/index.php(17): require('/Applications/M...')
#7 {main}
  thrown dans /Applications/MAMP/htdocs/kerako/wp-content/themes/themeKerako/footer.php à la ligne 50

2020-01-19T12:54:20+00:00 CRITICAL Uncaught Error: Call to undefined function get_template_directory_rri() in /Applications/MAMP/htdocs/kerako/wp-content/themes/themeKerako/footer.php:50
Stack trace:
#0 /Applications/MAMP/htdocs/kerako/wp-includes/template.php(722): require_once()
#1 /Applications/MAMP/htdocs/kerako/wp-includes/template.php(671): load_template('/Applications/M...', true)
#2 /Applications/MAMP/htdocs/kerako/wp-includes/general-template.php(76): locate_template(Array, true)
#3 /Applications/MAMP/htdocs/kerako/wp-content/themes/themeKerako/page.php(31): get_footer()
#4 /Applications/MAMP/htdocs/kerako/wp-includes/template-loader.php(98): include('/Applications/M...')
#5 /Applications/MAMP/htdocs/kerako/wp-blog-header.php(19): require_once('/Applications/M...')
#6 /Applications/MAMP/htdocs/kerako/index.php(17): require('/Applications/M...')
#7 {main}
  thrown dans /Applications/MAMP/htdocs/kerako/wp-content/themes/themeKerako/footer.php à la ligne 50

2020-01-19T12:54:26+00:00 CRITICAL Uncaught Error: Call to undefined function get_template_directory_rri() in /Applications/MAMP/htdocs/kerako/wp-content/themes/themeKerako/footer.php:50
Stack trace:
#0 /Applications/MAMP/htdocs/kerako/wp-includes/template.php(722): require_once()
#1 /Applications/MAMP/htdocs/kerako/wp-includes/template.php(671): load_template('/Applications/M...', true)
#2 /Applications/MAMP/htdocs/kerako/wp-includes/general-template.php(76): locate_template(Array, true)
#3 /Applications/MAMP/htdocs/kerako/wp-content/themes/themeKerako/page.php(31): get_footer()
#4 /Applications/MAMP/htdocs/kerako/wp-includes/template-loader.php(98): include('/Applications/M...')
#5 /Applications/MAMP/htdocs/kerako/wp-blog-header.php(19): require_once('/Applications/M...')
#6 /Applications/MAMP/htdocs/kerako/index.php(17): require('/Applications/M...')
#7 {main}
  thrown dans /Applications/MAMP/htdocs/kerako/wp-content/themes/themeKerako/footer.php à la ligne 50

2020-01-19T12:54:37+00:00 CRITICAL Uncaught Error: Call to undefined function get_template_directory_rri() in /Applications/MAMP/htdocs/kerako/wp-content/themes/themeKerako/footer.php:50
Stack trace:
#0 /Applications/MAMP/htdocs/kerako/wp-includes/template.php(722): require_once()
#1 /Applications/MAMP/htdocs/kerako/wp-includes/template.php(671): load_template('/Applications/M...', true)
#2 /Applications/MAMP/htdocs/kerako/wp-includes/general-template.php(76): locate_template(Array, true)
#3 /Applications/MAMP/htdocs/kerako/wp-content/themes/themeKerako/page.php(31): get_footer()
#4 /Applications/MAMP/htdocs/kerako/wp-includes/template-loader.php(98): include('/Applications/M...')
#5 /Applications/MAMP/htdocs/kerako/wp-blog-header.php(19): require_once('/Applications/M...')
#6 /Applications/MAMP/htdocs/kerako/index.php(17): require('/Applications/M...')
#7 {main}
  thrown dans /Applications/MAMP/htdocs/kerako/wp-content/themes/themeKerako/footer.php à la ligne 50

2020-01-19T15:52:52+00:00 CRITICAL Uncaught Error: Call to undefined function get_template_directory_rri() in /Applications/MAMP/htdocs/kerako/wp-content/themes/themeKerako/footer.php:50
Stack trace:
#0 /Applications/MAMP/htdocs/kerako/wp-includes/template.php(722): require_once()
#1 /Applications/MAMP/htdocs/kerako/wp-includes/template.php(671): load_template('/Applications/M...', true)
#2 /Applications/MAMP/htdocs/kerako/wp-includes/general-template.php(76): locate_template(Array, true)
#3 /Applications/MAMP/htdocs/kerako/wp-content/themes/themeKerako/index.php(152): get_footer()
#4 /Applications/MAMP/htdocs/kerako/wp-includes/template-loader.php(98): include('/Applications/M...')
#5 /Applications/MAMP/htdocs/kerako/wp-blog-header.php(19): require_once('/Applications/M...')
#6 /Applications/MAMP/htdocs/kerako/index.php(17): require('/Applications/M...')
#7 {main}
  thrown dans /Applications/MAMP/htdocs/kerako/wp-content/themes/themeKerako/footer.php à la ligne 50

2020-01-19T15:56:30+00:00 CRITICAL Uncaught Error: Call to undefined function get_template_directory_rri() in /Applications/MAMP/htdocs/kerako/wp-content/themes/themeKerako/footer.php:50
Stack trace:
#0 /Applications/MAMP/htdocs/kerako/wp-includes/template.php(722): require_once()
#1 /Applications/MAMP/htdocs/kerako/wp-includes/template.php(671): load_template('/Applications/M...', true)
#2 /Applications/MAMP/htdocs/kerako/wp-includes/general-template.php(76): locate_template(Array, true)
#3 /Applications/MAMP/htdocs/kerako/wp-content/themes/themeKerako/index.php(152): get_footer()
#4 /Applications/MAMP/htdocs/kerako/wp-includes/template-loader.php(98): include('/Applications/M...')
#5 /Applications/MAMP/htdocs/kerako/wp-blog-header.php(19): require_once('/Applications/M...')
#6 /Applications/MAMP/htdocs/kerako/index.php(17): require('/Applications/M...')
#7 {main}
  thrown dans /Applications/MAMP/htdocs/kerako/wp-content/themes/themeKerako/footer.php à la ligne 50

2020-01-19T15:56:30+00:00 CRITICAL Uncaught Error: Call to undefined function get_template_directory_rri() in /Applications/MAMP/htdocs/kerako/wp-content/themes/themeKerako/footer.php:50
Stack trace:
#0 /Applications/MAMP/htdocs/kerako/wp-includes/template.php(722): require_once()
#1 /Applications/MAMP/htdocs/kerako/wp-includes/template.php(671): load_template('/Applications/M...', true)
#2 /Applications/MAMP/htdocs/kerako/wp-includes/general-template.php(76): locate_template(Array, true)
#3 /Applications/MAMP/htdocs/kerako/wp-content/themes/themeKerako/index.php(152): get_footer()
#4 /Applications/MAMP/htdocs/kerako/wp-includes/template-loader.php(98): include('/Applications/M...')
#5 /Applications/MAMP/htdocs/kerako/wp-blog-header.php(19): require_once('/Applications/M...')
#6 /Applications/MAMP/htdocs/kerako/index.php(17): require('/Applications/M...')
#7 {main}
  thrown dans /Applications/MAMP/htdocs/kerako/wp-content/themes/themeKerako/footer.php à la ligne 50

2020-01-19T15:56:39+00:00 CRITICAL Uncaught Error: Call to undefined function get_template_directory_rri() in /Applications/MAMP/htdocs/kerako/wp-content/themes/themeKerako/footer.php:50
Stack trace:
#0 /Applications/MAMP/htdocs/kerako/wp-includes/template.php(722): require_once()
#1 /Applications/MAMP/htdocs/kerako/wp-includes/template.php(671): load_template('/Applications/M...', true)
#2 /Applications/MAMP/htdocs/kerako/wp-includes/general-template.php(76): locate_template(Array, true)
#3 /Applications/MAMP/htdocs/kerako/wp-content/themes/themeKerako/page-histoire.php(77): get_footer()
#4 /Applications/MAMP/htdocs/kerako/wp-includes/template-loader.php(98): include('/Applications/M...')
#5 /Applications/MAMP/htdocs/kerako/wp-blog-header.php(19): require_once('/Applications/M...')
#6 /Applications/MAMP/htdocs/kerako/index.php(17): require('/Applications/M...')
#7 {main}
  thrown dans /Applications/MAMP/htdocs/kerako/wp-content/themes/themeKerako/footer.php à la ligne 50

2020-01-19T15:56:51+00:00 CRITICAL Uncaught Error: Call to undefined function get_template_directory_rri() in /Applications/MAMP/htdocs/kerako/wp-content/themes/themeKerako/footer.php:50
Stack trace:
#0 /Applications/MAMP/htdocs/kerako/wp-includes/template.php(722): require_once()
#1 /Applications/MAMP/htdocs/kerako/wp-includes/template.php(671): load_template('/Applications/M...', true)
#2 /Applications/MAMP/htdocs/kerako/wp-includes/general-template.php(76): locate_template(Array, true)
#3 /Applications/MAMP/htdocs/kerako/wp-content/themes/themeKerako/index.php(152): get_footer()
#4 /Applications/MAMP/htdocs/kerako/wp-includes/template-loader.php(98): include('/Applications/M...')
#5 /Applications/MAMP/htdocs/kerako/wp-blog-header.php(19): require_once('/Applications/M...')
#6 /Applications/MAMP/htdocs/kerako/index.php(17): require('/Applications/M...')
#7 {main}
  thrown dans /Applications/MAMP/htdocs/kerako/wp-content/themes/themeKerako/footer.php à la ligne 50

2020-01-19T15:56:54+00:00 CRITICAL Uncaught Error: Call to undefined function get_template_directory_rri() in /Applications/MAMP/htdocs/kerako/wp-content/themes/themeKerako/footer.php:50
Stack trace:
#0 /Applications/MAMP/htdocs/kerako/wp-includes/template.php(722): require_once()
#1 /Applications/MAMP/htdocs/kerako/wp-includes/template.php(671): load_template('/Applications/M...', true)
#2 /Applications/MAMP/htdocs/kerako/wp-includes/general-template.php(76): locate_template(Array, true)
#3 /Applications/MAMP/htdocs/kerako/wp-content/themes/themeKerako/page-contact.php(40): get_footer()
#4 /Applications/MAMP/htdocs/kerako/wp-includes/template-loader.php(98): include('/Applications/M...')
#5 /Applications/MAMP/htdocs/kerako/wp-blog-header.php(19): require_once('/Applications/M...')
#6 /Applications/MAMP/htdocs/kerako/index.php(17): require('/Applications/M...')
#7 {main}
  thrown dans /Applications/MAMP/htdocs/kerako/wp-content/themes/themeKerako/footer.php à la ligne 50

2020-01-19T15:57:01+00:00 CRITICAL Uncaught Error: Call to undefined function get_template_directory_rri() in /Applications/MAMP/htdocs/kerako/wp-content/themes/themeKerako/footer.php:50
Stack trace:
#0 /Applications/MAMP/htdocs/kerako/wp-includes/template.php(722): require_once()
#1 /Applications/MAMP/htdocs/kerako/wp-includes/template.php(671): load_template('/Applications/M...', true)
#2 /Applications/MAMP/htdocs/kerako/wp-includes/general-template.php(76): locate_template(Array, true)
#3 /Applications/MAMP/htdocs/kerako/wp-content/themes/themeKerako/index.php(152): get_footer()
#4 /Applications/MAMP/htdocs/kerako/wp-includes/template-loader.php(98): include('/Applications/M...')
#5 /Applications/MAMP/htdocs/kerako/wp-blog-header.php(19): require_once('/Applications/M...')
#6 /Applications/MAMP/htdocs/kerako/index.php(17): require('/Applications/M...')
#7 {main}
  thrown dans /Applications/MAMP/htdocs/kerako/wp-content/themes/themeKerako/footer.php à la ligne 50

2020-01-19T15:57:10+00:00 CRITICAL Uncaught Error: Call to undefined function get_template_directory_rri() in /Applications/MAMP/htdocs/kerako/wp-content/themes/themeKerako/footer.php:50
Stack trace:
#0 /Applications/MAMP/htdocs/kerako/wp-includes/template.php(722): require_once()
#1 /Applications/MAMP/htdocs/kerako/wp-includes/template.php(671): load_template('/Applications/M...', true)
#2 /Applications/MAMP/htdocs/kerako/wp-includes/general-template.php(76): locate_template(Array, true)
#3 /Applications/MAMP/htdocs/kerako/wp-content/themes/themeKerako/woocommerce.php(11): get_footer()
#4 /Applications/MAMP/htdocs/kerako/wp-includes/template-loader.php(98): include('/Applications/M...')
#5 /Applications/MAMP/htdocs/kerako/wp-blog-header.php(19): require_once('/Applications/M...')
#6 /Applications/MAMP/htdocs/kerako/index.php(17): require('/Applications/M...')
#7 {main}
  thrown dans /Applications/MAMP/htdocs/kerako/wp-content/themes/themeKerako/footer.php à la ligne 50

2020-01-19T15:57:16+00:00 CRITICAL Uncaught Error: Call to undefined function get_template_directory_rri() in /Applications/MAMP/htdocs/kerako/wp-content/themes/themeKerako/footer.php:50
Stack trace:
#0 /Applications/MAMP/htdocs/kerako/wp-includes/template.php(722): require_once()
#1 /Applications/MAMP/htdocs/kerako/wp-includes/template.php(671): load_template('/Applications/M...', true)
#2 /Applications/MAMP/htdocs/kerako/wp-includes/general-template.php(76): locate_template(Array, true)
#3 /Applications/MAMP/htdocs/kerako/wp-content/themes/themeKerako/index.php(152): get_footer()
#4 /Applications/MAMP/htdocs/kerako/wp-includes/template-loader.php(98): include('/Applications/M...')
#5 /Applications/MAMP/htdocs/kerako/wp-blog-header.php(19): require_once('/Applications/M...')
#6 /Applications/MAMP/htdocs/kerako/index.php(17): require('/Applications/M...')
#7 {main}
  thrown dans /Applications/MAMP/htdocs/kerako/wp-content/themes/themeKerako/footer.php à la ligne 50

2020-01-19T15:57:32+00:00 CRITICAL Uncaught Error: Call to undefined function get_template_directory_rri() in /Applications/MAMP/htdocs/kerako/wp-content/themes/themeKerako/footer.php:50
Stack trace:
#0 /Applications/MAMP/htdocs/kerako/wp-includes/template.php(722): require_once()
#1 /Applications/MAMP/htdocs/kerako/wp-includes/template.php(671): load_template('/Applications/M...', true)
#2 /Applications/MAMP/htdocs/kerako/wp-includes/general-template.php(76): locate_template(Array, true)
#3 /Applications/MAMP/htdocs/kerako/wp-content/themes/themeKerako/woocommerce.php(11): get_footer()
#4 /Applications/MAMP/htdocs/kerako/wp-includes/template-loader.php(98): include('/Applications/M...')
#5 /Applications/MAMP/htdocs/kerako/wp-blog-header.php(19): require_once('/Applications/M...')
#6 /Applications/MAMP/htdocs/kerako/index.php(17): require('/Applications/M...')
#7 {main}
  thrown dans /Applications/MAMP/htdocs/kerako/wp-content/themes/themeKerako/footer.php à la ligne 50

2020-01-19T15:57:36+00:00 CRITICAL Uncaught Error: Call to undefined function get_template_directory_rri() in /Applications/MAMP/htdocs/kerako/wp-content/themes/themeKerako/footer.php:50
Stack trace:
#0 /Applications/MAMP/htdocs/kerako/wp-includes/template.php(722): require_once()
#1 /Applications/MAMP/htdocs/kerako/wp-includes/template.php(671): load_template('/Applications/M...', true)
#2 /Applications/MAMP/htdocs/kerako/wp-includes/general-template.php(76): locate_template(Array, true)
#3 /Applications/MAMP/htdocs/kerako/wp-content/themes/themeKerako/index.php(152): get_footer()
#4 /Applications/MAMP/htdocs/kerako/wp-includes/template-loader.php(98): include('/Applications/M...')
#5 /Applications/MAMP/htdocs/kerako/wp-blog-header.php(19): require_once('/Applications/M...')
#6 /Applications/MAMP/htdocs/kerako/index.php(17): require('/Applications/M...')
#7 {main}
  thrown dans /Applications/MAMP/htdocs/kerako/wp-content/themes/themeKerako/footer.php à la ligne 50

2020-01-19T15:57:52+00:00 CRITICAL Uncaught Error: Call to undefined function get_template_directory_rri() in /Applications/MAMP/htdocs/kerako/wp-content/themes/themeKerako/footer.php:50
Stack trace:
#0 /Applications/MAMP/htdocs/kerako/wp-includes/template.php(722): require_once()
#1 /Applications/MAMP/htdocs/kerako/wp-includes/template.php(671): load_template('/Applications/M...', true)
#2 /Applications/MAMP/htdocs/kerako/wp-includes/general-template.php(76): locate_template(Array, true)
#3 /Applications/MAMP/htdocs/kerako/wp-content/themes/themeKerako/woocommerce.php(11): get_footer()
#4 /Applications/MAMP/htdocs/kerako/wp-includes/template-loader.php(98): include('/Applications/M...')
#5 /Applications/MAMP/htdocs/kerako/wp-blog-header.php(19): require_once('/Applications/M...')
#6 /Applications/MAMP/htdocs/kerako/index.php(17): require('/Applications/M...')
#7 {main}
  thrown dans /Applications/MAMP/htdocs/kerako/wp-content/themes/themeKerako/footer.php à la ligne 50

2020-01-19T15:58:12+00:00 CRITICAL Uncaught Error: Call to undefined function get_template_directory_rri() in /Applications/MAMP/htdocs/kerako/wp-content/themes/themeKerako/footer.php:50
Stack trace:
#0 /Applications/MAMP/htdocs/kerako/wp-includes/template.php(722): require_once()
#1 /Applications/MAMP/htdocs/kerako/wp-includes/template.php(671): load_template('/Applications/M...', true)
#2 /Applications/MAMP/htdocs/kerako/wp-includes/general-template.php(76): locate_template(Array, true)
#3 /Applications/MAMP/htdocs/kerako/wp-content/themes/themeKerako/page.php(31): get_footer()
#4 /Applications/MAMP/htdocs/kerako/wp-includes/template-loader.php(98): include('/Applications/M...')
#5 /Applications/MAMP/htdocs/kerako/wp-blog-header.php(19): require_once('/Applications/M...')
#6 /Applications/MAMP/htdocs/kerako/index.php(17): require('/Applications/M...')
#7 {main}
  thrown dans /Applications/MAMP/htdocs/kerako/wp-content/themes/themeKerako/footer.php à la ligne 50

2020-01-19T15:58:54+00:00 CRITICAL Uncaught Error: Call to undefined function get_template_directory_rri() in /Applications/MAMP/htdocs/kerako/wp-content/themes/themeKerako/footer.php:50
Stack trace:
#0 /Applications/MAMP/htdocs/kerako/wp-includes/template.php(722): require_once()
#1 /Applications/MAMP/htdocs/kerako/wp-includes/template.php(671): load_template('/Applications/M...', true)
#2 /Applications/MAMP/htdocs/kerako/wp-includes/general-template.php(76): locate_template(Array, true)
#3 /Applications/MAMP/htdocs/kerako/wp-content/themes/themeKerako/page.php(31): get_footer()
#4 /Applications/MAMP/htdocs/kerako/wp-includes/template-loader.php(98): include('/Applications/M...')
#5 /Applications/MAMP/htdocs/kerako/wp-blog-header.php(19): require_once('/Applications/M...')
#6 /Applications/MAMP/htdocs/kerako/index.php(17): require('/Applications/M...')
#7 {main}
  thrown dans /Applications/MAMP/htdocs/kerako/wp-content/themes/themeKerako/footer.php à la ligne 50

2020-01-19T15:59:48+00:00 CRITICAL Uncaught Error: Call to undefined function get_template_directory_rri() in /Applications/MAMP/htdocs/kerako/wp-content/themes/themeKerako/footer.php:50
Stack trace:
#0 /Applications/MAMP/htdocs/kerako/wp-includes/template.php(722): require_once()
#1 /Applications/MAMP/htdocs/kerako/wp-includes/template.php(671): load_template('/Applications/M...', true)
#2 /Applications/MAMP/htdocs/kerako/wp-includes/general-template.php(76): locate_template(Array, true)
#3 /Applications/MAMP/htdocs/kerako/wp-content/themes/themeKerako/page.php(31): get_footer()
#4 /Applications/MAMP/htdocs/kerako/wp-includes/template-loader.php(98): include('/Applications/M...')
#5 /Applications/MAMP/htdocs/kerako/wp-blog-header.php(19): require_once('/Applications/M...')
#6 /Applications/MAMP/htdocs/kerako/index.php(17): require('/Applications/M...')
#7 {main}
  thrown dans /Applications/MAMP/htdocs/kerako/wp-content/themes/themeKerako/footer.php à la ligne 50

2020-01-19T15:59:52+00:00 CRITICAL Uncaught Error: Call to undefined function get_template_directory_rri() in /Applications/MAMP/htdocs/kerako/wp-content/themes/themeKerako/footer.php:50
Stack trace:
#0 /Applications/MAMP/htdocs/kerako/wp-includes/template.php(722): require_once()
#1 /Applications/MAMP/htdocs/kerako/wp-includes/template.php(671): load_template('/Applications/M...', true)
#2 /Applications/MAMP/htdocs/kerako/wp-includes/general-template.php(76): locate_template(Array, true)
#3 /Applications/MAMP/htdocs/kerako/wp-content/themes/themeKerako/page.php(31): get_footer()
#4 /Applications/MAMP/htdocs/kerako/wp-includes/template-loader.php(98): include('/Applications/M...')
#5 /Applications/MAMP/htdocs/kerako/wp-blog-header.php(19): require_once('/Applications/M...')
#6 /Applications/MAMP/htdocs/kerako/index.php(17): require('/Applications/M...')
#7 {main}
  thrown dans /Applications/MAMP/htdocs/kerako/wp-content/themes/themeKerako/footer.php à la ligne 50

2020-01-19T15:59:58+00:00 CRITICAL Uncaught Error: Call to undefined function get_template_directory_rri() in /Applications/MAMP/htdocs/kerako/wp-content/themes/themeKerako/footer.php:50
Stack trace:
#0 /Applications/MAMP/htdocs/kerako/wp-includes/template.php(722): require_once()
#1 /Applications/MAMP/htdocs/kerako/wp-includes/template.php(671): load_template('/Applications/M...', true)
#2 /Applications/MAMP/htdocs/kerako/wp-includes/general-template.php(76): locate_template(Array, true)
#3 /Applications/MAMP/htdocs/kerako/wp-content/themes/themeKerako/page.php(31): get_footer()
#4 /Applications/MAMP/htdocs/kerako/wp-includes/template-loader.php(98): include('/Applications/M...')
#5 /Applications/MAMP/htdocs/kerako/wp-blog-header.php(19): require_once('/Applications/M...')
#6 /Applications/MAMP/htdocs/kerako/index.php(17): require('/Applications/M...')
#7 {main}
  thrown dans /Applications/MAMP/htdocs/kerako/wp-content/themes/themeKerako/footer.php à la ligne 50

2020-01-19T16:00:02+00:00 CRITICAL Uncaught Error: Call to undefined function get_template_directory_rri() in /Applications/MAMP/htdocs/kerako/wp-content/themes/themeKerako/footer.php:50
Stack trace:
#0 /Applications/MAMP/htdocs/kerako/wp-includes/template.php(722): require_once()
#1 /Applications/MAMP/htdocs/kerako/wp-includes/template.php(671): load_template('/Applications/M...', true)
#2 /Applications/MAMP/htdocs/kerako/wp-includes/general-template.php(76): locate_template(Array, true)
#3 /Applications/MAMP/htdocs/kerako/wp-content/themes/themeKerako/page.php(31): get_footer()
#4 /Applications/MAMP/htdocs/kerako/wp-includes/template-loader.php(98): include('/Applications/M...')
#5 /Applications/MAMP/htdocs/kerako/wp-blog-header.php(19): require_once('/Applications/M...')
#6 /Applications/MAMP/htdocs/kerako/index.php(17): require('/Applications/M...')
#7 {main}
  thrown dans /Applications/MAMP/htdocs/kerako/wp-content/themes/themeKerako/footer.php à la ligne 50

2020-01-19T16:00:03+00:00 CRITICAL Uncaught Error: Call to undefined function get_template_directory_rri() in /Applications/MAMP/htdocs/kerako/wp-content/themes/themeKerako/footer.php:50
Stack trace:
#0 /Applications/MAMP/htdocs/kerako/wp-includes/template.php(722): require_once()
#1 /Applications/MAMP/htdocs/kerako/wp-includes/template.php(671): load_template('/Applications/M...', true)
#2 /Applications/MAMP/htdocs/kerako/wp-includes/general-template.php(76): locate_template(Array, true)
#3 /Applications/MAMP/htdocs/kerako/wp-content/themes/themeKerako/page.php(31): get_footer()
#4 /Applications/MAMP/htdocs/kerako/wp-includes/template-loader.php(98): include('/Applications/M...')
#5 /Applications/MAMP/htdocs/kerako/wp-blog-header.php(19): require_once('/Applications/M...')
#6 /Applications/MAMP/htdocs/kerako/index.php(17): require('/Applications/M...')
#7 {main}
  thrown dans /Applications/MAMP/htdocs/kerako/wp-content/themes/themeKerako/footer.php à la ligne 50

2020-01-19T16:00:07+00:00 CRITICAL Uncaught Error: Call to undefined function get_template_directory_rri() in /Applications/MAMP/htdocs/kerako/wp-content/themes/themeKerako/footer.php:50
Stack trace:
#0 /Applications/MAMP/htdocs/kerako/wp-includes/template.php(722): require_once()
#1 /Applications/MAMP/htdocs/kerako/wp-includes/template.php(671): load_template('/Applications/M...', true)
#2 /Applications/MAMP/htdocs/kerako/wp-includes/general-template.php(76): locate_template(Array, true)
#3 /Applications/MAMP/htdocs/kerako/wp-content/themes/themeKerako/page.php(31): get_footer()
#4 /Applications/MAMP/htdocs/kerako/wp-includes/template-loader.php(98): include('/Applications/M...')
#5 /Applications/MAMP/htdocs/kerako/wp-blog-header.php(19): require_once('/Applications/M...')
#6 /Applications/MAMP/htdocs/kerako/index.php(17): require('/Applications/M...')
#7 {main}
  thrown dans /Applications/MAMP/htdocs/kerako/wp-content/themes/themeKerako/footer.php à la ligne 50

2020-01-19T16:00:13+00:00 CRITICAL Uncaught Error: Call to undefined function get_template_directory_rri() in /Applications/MAMP/htdocs/kerako/wp-content/themes/themeKerako/footer.php:50
Stack trace:
#0 /Applications/MAMP/htdocs/kerako/wp-includes/template.php(722): require_once()
#1 /Applications/MAMP/htdocs/kerako/wp-includes/template.php(671): load_template('/Applications/M...', true)
#2 /Applications/MAMP/htdocs/kerako/wp-includes/general-template.php(76): locate_template(Array, true)
#3 /Applications/MAMP/htdocs/kerako/wp-content/themes/themeKerako/page.php(31): get_footer()
#4 /Applications/MAMP/htdocs/kerako/wp-includes/template-loader.php(98): include('/Applications/M...')
#5 /Applications/MAMP/htdocs/kerako/wp-blog-header.php(19): require_once('/Applications/M...')
#6 /Applications/MAMP/htdocs/kerako/index.php(17): require('/Applications/M...')
#7 {main}
  thrown dans /Applications/MAMP/htdocs/kerako/wp-content/themes/themeKerako/footer.php à la ligne 50

2020-01-19T16:00:17+00:00 CRITICAL Uncaught Error: Call to undefined function get_template_directory_rri() in /Applications/MAMP/htdocs/kerako/wp-content/themes/themeKerako/footer.php:50
Stack trace:
#0 /Applications/MAMP/htdocs/kerako/wp-includes/template.php(722): require_once()
#1 /Applications/MAMP/htdocs/kerako/wp-includes/template.php(671): load_template('/Applications/M...', true)
#2 /Applications/MAMP/htdocs/kerako/wp-includes/general-template.php(76): locate_template(Array, true)
#3 /Applications/MAMP/htdocs/kerako/wp-content/themes/themeKerako/page.php(31): get_footer()
#4 /Applications/MAMP/htdocs/kerako/wp-includes/template-loader.php(98): include('/Applications/M...')
#5 /Applications/MAMP/htdocs/kerako/wp-blog-header.php(19): require_once('/Applications/M...')
#6 /Applications/MAMP/htdocs/kerako/index.php(17): require('/Applications/M...')
#7 {main}
  thrown dans /Applications/MAMP/htdocs/kerako/wp-content/themes/themeKerako/footer.php à la ligne 50

2020-01-19T16:01:34+00:00 CRITICAL Uncaught Error: Call to undefined function get_template_directory_rri() in /Applications/MAMP/htdocs/kerako/wp-content/themes/themeKerako/footer.php:50
Stack trace:
#0 /Applications/MAMP/htdocs/kerako/wp-includes/template.php(722): require_once()
#1 /Applications/MAMP/htdocs/kerako/wp-includes/template.php(671): load_template('/Applications/M...', true)
#2 /Applications/MAMP/htdocs/kerako/wp-includes/general-template.php(76): locate_template(Array, true)
#3 /Applications/MAMP/htdocs/kerako/wp-content/themes/themeKerako/search.php(27): get_footer()
#4 /Applications/MAMP/htdocs/kerako/wp-includes/template-loader.php(98): include('/Applications/M...')
#5 /Applications/MAMP/htdocs/kerako/wp-blog-header.php(19): require_once('/Applications/M...')
#6 /Applications/MAMP/htdocs/kerako/index.php(17): require('/Applications/M...')
#7 {main}
  thrown dans /Applications/MAMP/htdocs/kerako/wp-content/themes/themeKerako/footer.php à la ligne 50

2020-01-19T16:01:41+00:00 CRITICAL Uncaught Error: Call to undefined function get_template_directory_rri() in /Applications/MAMP/htdocs/kerako/wp-content/themes/themeKerako/footer.php:50
Stack trace:
#0 /Applications/MAMP/htdocs/kerako/wp-includes/template.php(722): require_once()
#1 /Applications/MAMP/htdocs/kerako/wp-includes/template.php(671): load_template('/Applications/M...', true)
#2 /Applications/MAMP/htdocs/kerako/wp-includes/general-template.php(76): locate_template(Array, true)
#3 /Applications/MAMP/htdocs/kerako/wp-content/themes/themeKerako/search.php(27): get_footer()
#4 /Applications/MAMP/htdocs/kerako/wp-includes/template-loader.php(98): include('/Applications/M...')
#5 /Applications/MAMP/htdocs/kerako/wp-blog-header.php(19): require_once('/Applications/M...')
#6 /Applications/MAMP/htdocs/kerako/index.php(17): require('/Applications/M...')
#7 {main}
  thrown dans /Applications/MAMP/htdocs/kerako/wp-content/themes/themeKerako/footer.php à la ligne 50

2020-01-19T16:01:50+00:00 CRITICAL Uncaught Error: Call to undefined function get_template_directory_rri() in /Applications/MAMP/htdocs/kerako/wp-content/themes/themeKerako/footer.php:50
Stack trace:
#0 /Applications/MAMP/htdocs/kerako/wp-includes/template.php(722): require_once()
#1 /Applications/MAMP/htdocs/kerako/wp-includes/template.php(671): load_template('/Applications/M...', true)
#2 /Applications/MAMP/htdocs/kerako/wp-includes/general-template.php(76): locate_template(Array, true)
#3 /Applications/MAMP/htdocs/kerako/wp-content/themes/themeKerako/search.php(27): get_footer()
#4 /Applications/MAMP/htdocs/kerako/wp-includes/template-loader.php(98): include('/Applications/M...')
#5 /Applications/MAMP/htdocs/kerako/wp-blog-header.php(19): require_once('/Applications/M...')
#6 /Applications/MAMP/htdocs/kerako/index.php(17): require('/Applications/M...')
#7 {main}
  thrown dans /Applications/MAMP/htdocs/kerako/wp-content/themes/themeKerako/footer.php à la ligne 50

2020-01-19T16:01:55+00:00 CRITICAL Uncaught Error: Call to undefined function get_template_directory_rri() in /Applications/MAMP/htdocs/kerako/wp-content/themes/themeKerako/footer.php:50
Stack trace:
#0 /Applications/MAMP/htdocs/kerako/wp-includes/template.php(722): require_once()
#1 /Applications/MAMP/htdocs/kerako/wp-includes/template.php(671): load_template('/Applications/M...', true)
#2 /Applications/MAMP/htdocs/kerako/wp-includes/general-template.php(76): locate_template(Array, true)
#3 /Applications/MAMP/htdocs/kerako/wp-content/themes/themeKerako/index.php(152): get_footer()
#4 /Applications/MAMP/htdocs/kerako/wp-includes/template-loader.php(98): include('/Applications/M...')
#5 /Applications/MAMP/htdocs/kerako/wp-blog-header.php(19): require_once('/Applications/M...')
#6 /Applications/MAMP/htdocs/kerako/index.php(17): require('/Applications/M...')
#7 {main}
  thrown dans /Applications/MAMP/htdocs/kerako/wp-content/themes/themeKerako/footer.php à la ligne 50

2020-01-19T20:50:23+00:00 CRITICAL Uncaught Error: Call to undefined function get_template_directory_rri() in /Applications/MAMP/htdocs/kerako/wp-content/themes/themeKerako/footer.php:50
Stack trace:
#0 /Applications/MAMP/htdocs/kerako/wp-includes/template.php(722): require_once()
#1 /Applications/MAMP/htdocs/kerako/wp-includes/template.php(671): load_template('/Applications/M...', true)
#2 /Applications/MAMP/htdocs/kerako/wp-includes/general-template.php(76): locate_template(Array, true)
#3 /Applications/MAMP/htdocs/kerako/wp-content/themes/themeKerako/page-histoire.php(77): get_footer()
#4 /Applications/MAMP/htdocs/kerako/wp-includes/template-loader.php(98): include('/Applications/M...')
#5 /Applications/MAMP/htdocs/kerako/wp-blog-header.php(19): require_once('/Applications/M...')
#6 /Applications/MAMP/htdocs/kerako/index.php(17): require('/Applications/M...')
#7 {main}
  thrown dans /Applications/MAMP/htdocs/kerako/wp-content/themes/themeKerako/footer.php à la ligne 50

2020-01-19T20:50:35+00:00 CRITICAL Uncaught Error: Call to undefined function get_template_directory_rri() in /Applications/MAMP/htdocs/kerako/wp-content/themes/themeKerako/footer.php:50
Stack trace:
#0 /Applications/MAMP/htdocs/kerako/wp-includes/template.php(722): require_once()
#1 /Applications/MAMP/htdocs/kerako/wp-includes/template.php(671): load_template('/Applications/M...', true)
#2 /Applications/MAMP/htdocs/kerako/wp-includes/general-template.php(76): locate_template(Array, true)
#3 /Applications/MAMP/htdocs/kerako/wp-content/themes/themeKerako/page-histoire.php(77): get_footer()
#4 /Applications/MAMP/htdocs/kerako/wp-includes/template-loader.php(98): include('/Applications/M...')
#5 /Applications/MAMP/htdocs/kerako/wp-blog-header.php(19): require_once('/Applications/M...')
#6 /Applications/MAMP/htdocs/kerako/index.php(17): require('/Applications/M...')
#7 {main}
  thrown dans /Applications/MAMP/htdocs/kerako/wp-content/themes/themeKerako/footer.php à la ligne 50

2020-01-19T20:50:37+00:00 CRITICAL Uncaught Error: Call to undefined function get_template_directory_rri() in /Applications/MAMP/htdocs/kerako/wp-content/themes/themeKerako/footer.php:50
Stack trace:
#0 /Applications/MAMP/htdocs/kerako/wp-includes/template.php(722): require_once()
#1 /Applications/MAMP/htdocs/kerako/wp-includes/template.php(671): load_template('/Applications/M...', true)
#2 /Applications/MAMP/htdocs/kerako/wp-includes/general-template.php(76): locate_template(Array, true)
#3 /Applications/MAMP/htdocs/kerako/wp-content/themes/themeKerako/index.php(152): get_footer()
#4 /Applications/MAMP/htdocs/kerako/wp-includes/template-loader.php(98): include('/Applications/M...')
#5 /Applications/MAMP/htdocs/kerako/wp-blog-header.php(19): require_once('/Applications/M...')
#6 /Applications/MAMP/htdocs/kerako/index.php(17): require('/Applications/M...')
#7 {main}
  thrown dans /Applications/MAMP/htdocs/kerako/wp-content/themes/themeKerako/footer.php à la ligne 50

2020-01-19T20:50:40+00:00 CRITICAL Uncaught Error: Call to undefined function get_template_directory_rri() in /Applications/MAMP/htdocs/kerako/wp-content/themes/themeKerako/footer.php:50
Stack trace:
#0 /Applications/MAMP/htdocs/kerako/wp-includes/template.php(722): require_once()
#1 /Applications/MAMP/htdocs/kerako/wp-includes/template.php(671): load_template('/Applications/M...', true)
#2 /Applications/MAMP/htdocs/kerako/wp-includes/general-template.php(76): locate_template(Array, true)
#3 /Applications/MAMP/htdocs/kerako/wp-content/themes/themeKerako/page-histoire.php(77): get_footer()
#4 /Applications/MAMP/htdocs/kerako/wp-includes/template-loader.php(98): include('/Applications/M...')
#5 /Applications/MAMP/htdocs/kerako/wp-blog-header.php(19): require_once('/Applications/M...')
#6 /Applications/MAMP/htdocs/kerako/index.php(17): require('/Applications/M...')
#7 {main}
  thrown dans /Applications/MAMP/htdocs/kerako/wp-content/themes/themeKerako/footer.php à la ligne 50

2020-01-19T20:50:44+00:00 CRITICAL Uncaught Error: Call to undefined function get_template_directory_rri() in /Applications/MAMP/htdocs/kerako/wp-content/themes/themeKerako/footer.php:50
Stack trace:
#0 /Applications/MAMP/htdocs/kerako/wp-includes/template.php(722): require_once()
#1 /Applications/MAMP/htdocs/kerako/wp-includes/template.php(671): load_template('/Applications/M...', true)
#2 /Applications/MAMP/htdocs/kerako/wp-includes/general-template.php(76): locate_template(Array, true)
#3 /Applications/MAMP/htdocs/kerako/wp-content/themes/themeKerako/index.php(152): get_footer()
#4 /Applications/MAMP/htdocs/kerako/wp-includes/template-loader.php(98): include('/Applications/M...')
#5 /Applications/MAMP/htdocs/kerako/wp-blog-header.php(19): require_once('/Applications/M...')
#6 /Applications/MAMP/htdocs/kerako/index.php(17): require('/Applications/M...')
#7 {main}
  thrown dans /Applications/MAMP/htdocs/kerako/wp-content/themes/themeKerako/footer.php à la ligne 50

2020-01-19T20:50:48+00:00 CRITICAL Uncaught Error: Call to undefined function get_template_directory_rri() in /Applications/MAMP/htdocs/kerako/wp-content/themes/themeKerako/footer.php:50
Stack trace:
#0 /Applications/MAMP/htdocs/kerako/wp-includes/template.php(722): require_once()
#1 /Applications/MAMP/htdocs/kerako/wp-includes/template.php(671): load_template('/Applications/M...', true)
#2 /Applications/MAMP/htdocs/kerako/wp-includes/general-template.php(76): locate_template(Array, true)
#3 /Applications/MAMP/htdocs/kerako/wp-content/themes/themeKerako/page-contact.php(40): get_footer()
#4 /Applications/MAMP/htdocs/kerako/wp-includes/template-loader.php(98): include('/Applications/M...')
#5 /Applications/MAMP/htdocs/kerako/wp-blog-header.php(19): require_once('/Applications/M...')
#6 /Applications/MAMP/htdocs/kerako/index.php(17): require('/Applications/M...')
#7 {main}
  thrown dans /Applications/MAMP/htdocs/kerako/wp-content/themes/themeKerako/footer.php à la ligne 50

2020-01-19T20:51:46+00:00 CRITICAL Uncaught Error: Call to undefined function get_template_directory_rri() in /Applications/MAMP/htdocs/kerako/wp-content/themes/themeKerako/footer.php:50
Stack trace:
#0 /Applications/MAMP/htdocs/kerako/wp-includes/template.php(722): require_once()
#1 /Applications/MAMP/htdocs/kerako/wp-includes/template.php(671): load_template('/Applications/M...', true)
#2 /Applications/MAMP/htdocs/kerako/wp-includes/general-template.php(76): locate_template(Array, true)
#3 /Applications/MAMP/htdocs/kerako/wp-content/themes/themeKerako/page-contact.php(40): get_footer()
#4 /Applications/MAMP/htdocs/kerako/wp-includes/template-loader.php(98): include('/Applications/M...')
#5 /Applications/MAMP/htdocs/kerako/wp-blog-header.php(19): require_once('/Applications/M...')
#6 /Applications/MAMP/htdocs/kerako/index.php(17): require('/Applications/M...')
#7 {main}
  thrown dans /Applications/MAMP/htdocs/kerako/wp-content/themes/themeKerako/footer.php à la ligne 50

2020-01-19T20:52:00+00:00 CRITICAL Uncaught Error: Call to undefined function get_template_directory_rri() in /Applications/MAMP/htdocs/kerako/wp-content/themes/themeKerako/footer.php:50
Stack trace:
#0 /Applications/MAMP/htdocs/kerako/wp-includes/template.php(722): require_once()
#1 /Applications/MAMP/htdocs/kerako/wp-includes/template.php(671): load_template('/Applications/M...', true)
#2 /Applications/MAMP/htdocs/kerako/wp-includes/general-template.php(76): locate_template(Array, true)
#3 /Applications/MAMP/htdocs/kerako/wp-content/themes/themeKerako/index.php(152): get_footer()
#4 /Applications/MAMP/htdocs/kerako/wp-includes/template-loader.php(98): include('/Applications/M...')
#5 /Applications/MAMP/htdocs/kerako/wp-blog-header.php(19): require_once('/Applications/M...')
#6 /Applications/MAMP/htdocs/kerako/index.php(17): require('/Applications/M...')
#7 {main}
  thrown dans /Applications/MAMP/htdocs/kerako/wp-content/themes/themeKerako/footer.php à la ligne 50

2020-01-19T20:52:34+00:00 CRITICAL Uncaught Error: Call to undefined function get_template_directory_rri() in /Applications/MAMP/htdocs/kerako/wp-content/themes/themeKerako/footer.php:50
Stack trace:
#0 /Applications/MAMP/htdocs/kerako/wp-includes/template.php(722): require_once()
#1 /Applications/MAMP/htdocs/kerako/wp-includes/template.php(671): load_template('/Applications/M...', true)
#2 /Applications/MAMP/htdocs/kerako/wp-includes/general-template.php(76): locate_template(Array, true)
#3 /Applications/MAMP/htdocs/kerako/wp-content/themes/themeKerako/index.php(152): get_footer()
#4 /Applications/MAMP/htdocs/kerako/wp-includes/template-loader.php(98): include('/Applications/M...')
#5 /Applications/MAMP/htdocs/kerako/wp-blog-header.php(19): require_once('/Applications/M...')
#6 /Applications/MAMP/htdocs/kerako/index.php(17): require('/Applications/M...')
#7 {main}
  thrown dans /Applications/MAMP/htdocs/kerako/wp-content/themes/themeKerako/footer.php à la ligne 50

2020-01-19T20:52:37+00:00 CRITICAL Uncaught Error: Call to undefined function get_template_directory_rri() in /Applications/MAMP/htdocs/kerako/wp-content/themes/themeKerako/footer.php:50
Stack trace:
#0 /Applications/MAMP/htdocs/kerako/wp-includes/template.php(722): require_once()
#1 /Applications/MAMP/htdocs/kerako/wp-includes/template.php(671): load_template('/Applications/M...', true)
#2 /Applications/MAMP/htdocs/kerako/wp-includes/general-template.php(76): locate_template(Array, true)
#3 /Applications/MAMP/htdocs/kerako/wp-content/themes/themeKerako/woocommerce.php(11): get_footer()
#4 /Applications/MAMP/htdocs/kerako/wp-includes/template-loader.php(98): include('/Applications/M...')
#5 /Applications/MAMP/htdocs/kerako/wp-blog-header.php(19): require_once('/Applications/M...')
#6 /Applications/MAMP/htdocs/kerako/index.php(17): require('/Applications/M...')
#7 {main}
  thrown dans /Applications/MAMP/htdocs/kerako/wp-content/themes/themeKerako/footer.php à la ligne 50

2020-01-19T20:52:40+00:00 CRITICAL Uncaught Error: Call to undefined function get_template_directory_rri() in /Applications/MAMP/htdocs/kerako/wp-content/themes/themeKerako/footer.php:50
Stack trace:
#0 /Applications/MAMP/htdocs/kerako/wp-includes/template.php(722): require_once()
#1 /Applications/MAMP/htdocs/kerako/wp-includes/template.php(671): load_template('/Applications/M...', true)
#2 /Applications/MAMP/htdocs/kerako/wp-includes/general-template.php(76): locate_template(Array, true)
#3 /Applications/MAMP/htdocs/kerako/wp-content/themes/themeKerako/index.php(152): get_footer()
#4 /Applications/MAMP/htdocs/kerako/wp-includes/template-loader.php(98): include('/Applications/M...')
#5 /Applications/MAMP/htdocs/kerako/wp-blog-header.php(19): require_once('/Applications/M...')
#6 /Applications/MAMP/htdocs/kerako/index.php(17): require('/Applications/M...')
#7 {main}
  thrown dans /Applications/MAMP/htdocs/kerako/wp-content/themes/themeKerako/footer.php à la ligne 50

2020-01-19T20:52:46+00:00 CRITICAL Uncaught Error: Call to undefined function get_template_directory_rri() in /Applications/MAMP/htdocs/kerako/wp-content/themes/themeKerako/footer.php:50
Stack trace:
#0 /Applications/MAMP/htdocs/kerako/wp-includes/template.php(722): require_once()
#1 /Applications/MAMP/htdocs/kerako/wp-includes/template.php(671): load_template('/Applications/M...', true)
#2 /Applications/MAMP/htdocs/kerako/wp-includes/general-template.php(76): locate_template(Array, true)
#3 /Applications/MAMP/htdocs/kerako/wp-content/themes/themeKerako/woocommerce.php(11): get_footer()
#4 /Applications/MAMP/htdocs/kerako/wp-includes/template-loader.php(98): include('/Applications/M...')
#5 /Applications/MAMP/htdocs/kerako/wp-blog-header.php(19): require_once('/Applications/M...')
#6 /Applications/MAMP/htdocs/kerako/index.php(17): require('/Applications/M...')
#7 {main}
  thrown dans /Applications/MAMP/htdocs/kerako/wp-content/themes/themeKerako/footer.php à la ligne 50

2020-01-19T20:52:52+00:00 CRITICAL Uncaught Error: Call to undefined function get_template_directory_rri() in /Applications/MAMP/htdocs/kerako/wp-content/themes/themeKerako/footer.php:50
Stack trace:
#0 /Applications/MAMP/htdocs/kerako/wp-includes/template.php(722): require_once()
#1 /Applications/MAMP/htdocs/kerako/wp-includes/template.php(671): load_template('/Applications/M...', true)
#2 /Applications/MAMP/htdocs/kerako/wp-includes/general-template.php(76): locate_template(Array, true)
#3 /Applications/MAMP/htdocs/kerako/wp-content/themes/themeKerako/index.php(152): get_footer()
#4 /Applications/MAMP/htdocs/kerako/wp-includes/template-loader.php(98): include('/Applications/M...')
#5 /Applications/MAMP/htdocs/kerako/wp-blog-header.php(19): require_once('/Applications/M...')
#6 /Applications/MAMP/htdocs/kerako/index.php(17): require('/Applications/M...')
#7 {main}
  thrown dans /Applications/MAMP/htdocs/kerako/wp-content/themes/themeKerako/footer.php à la ligne 50

2020-01-19T20:53:19+00:00 CRITICAL Uncaught Error: Call to undefined function get_template_directory_rri() in /Applications/MAMP/htdocs/kerako/wp-content/themes/themeKerako/footer.php:50
Stack trace:
#0 /Applications/MAMP/htdocs/kerako/wp-includes/template.php(722): require_once()
#1 /Applications/MAMP/htdocs/kerako/wp-includes/template.php(671): load_template('/Applications/M...', true)
#2 /Applications/MAMP/htdocs/kerako/wp-includes/general-template.php(76): locate_template(Array, true)
#3 /Applications/MAMP/htdocs/kerako/wp-content/themes/themeKerako/woocommerce.php(11): get_footer()
#4 /Applications/MAMP/htdocs/kerako/wp-includes/template-loader.php(98): include('/Applications/M...')
#5 /Applications/MAMP/htdocs/kerako/wp-blog-header.php(19): require_once('/Applications/M...')
#6 /Applications/MAMP/htdocs/kerako/index.php(17): require('/Applications/M...')
#7 {main}
  thrown dans /Applications/MAMP/htdocs/kerako/wp-content/themes/themeKerako/footer.php à la ligne 50

2020-01-19T20:53:31+00:00 CRITICAL Uncaught Error: Call to undefined function get_template_directory_rri() in /Applications/MAMP/htdocs/kerako/wp-content/themes/themeKerako/footer.php:50
Stack trace:
#0 /Applications/MAMP/htdocs/kerako/wp-includes/template.php(722): require_once()
#1 /Applications/MAMP/htdocs/kerako/wp-includes/template.php(671): load_template('/Applications/M...', true)
#2 /Applications/MAMP/htdocs/kerako/wp-includes/general-template.php(76): locate_template(Array, true)
#3 /Applications/MAMP/htdocs/kerako/wp-content/themes/themeKerako/woocommerce.php(11): get_footer()
#4 /Applications/MAMP/htdocs/kerako/wp-includes/template-loader.php(98): include('/Applications/M...')
#5 /Applications/MAMP/htdocs/kerako/wp-blog-header.php(19): require_once('/Applications/M...')
#6 /Applications/MAMP/htdocs/kerako/index.php(17): require('/Applications/M...')
#7 {main}
  thrown dans /Applications/MAMP/htdocs/kerako/wp-content/themes/themeKerako/footer.php à la ligne 50

2020-01-19T20:53:38+00:00 CRITICAL Uncaught Error: Call to undefined function get_template_directory_rri() in /Applications/MAMP/htdocs/kerako/wp-content/themes/themeKerako/footer.php:50
Stack trace:
#0 /Applications/MAMP/htdocs/kerako/wp-includes/template.php(722): require_once()
#1 /Applications/MAMP/htdocs/kerako/wp-includes/template.php(671): load_template('/Applications/M...', true)
#2 /Applications/MAMP/htdocs/kerako/wp-includes/general-template.php(76): locate_template(Array, true)
#3 /Applications/MAMP/htdocs/kerako/wp-content/themes/themeKerako/woocommerce.php(11): get_footer()
#4 /Applications/MAMP/htdocs/kerako/wp-includes/template-loader.php(98): include('/Applications/M...')
#5 /Applications/MAMP/htdocs/kerako/wp-blog-header.php(19): require_once('/Applications/M...')
#6 /Applications/MAMP/htdocs/kerako/index.php(17): require('/Applications/M...')
#7 {main}
  thrown dans /Applications/MAMP/htdocs/kerako/wp-content/themes/themeKerako/footer.php à la ligne 50

2020-01-19T20:53:41+00:00 CRITICAL Uncaught Error: Call to undefined function get_template_directory_rri() in /Applications/MAMP/htdocs/kerako/wp-content/themes/themeKerako/footer.php:50
Stack trace:
#0 /Applications/MAMP/htdocs/kerako/wp-includes/template.php(722): require_once()
#1 /Applications/MAMP/htdocs/kerako/wp-includes/template.php(671): load_template('/Applications/M...', true)
#2 /Applications/MAMP/htdocs/kerako/wp-includes/general-template.php(76): locate_template(Array, true)
#3 /Applications/MAMP/htdocs/kerako/wp-content/themes/themeKerako/woocommerce.php(11): get_footer()
#4 /Applications/MAMP/htdocs/kerako/wp-includes/template-loader.php(98): include('/Applications/M...')
#5 /Applications/MAMP/htdocs/kerako/wp-blog-header.php(19): require_once('/Applications/M...')
#6 /Applications/MAMP/htdocs/kerako/index.php(17): require('/Applications/M...')
#7 {main}
  thrown dans /Applications/MAMP/htdocs/kerako/wp-content/themes/themeKerako/footer.php à la ligne 50

2020-01-19T20:53:44+00:00 CRITICAL Uncaught Error: Call to undefined function get_template_directory_rri() in /Applications/MAMP/htdocs/kerako/wp-content/themes/themeKerako/footer.php:50
Stack trace:
#0 /Applications/MAMP/htdocs/kerako/wp-includes/template.php(722): require_once()
#1 /Applications/MAMP/htdocs/kerako/wp-includes/template.php(671): load_template('/Applications/M...', true)
#2 /Applications/MAMP/htdocs/kerako/wp-includes/general-template.php(76): locate_template(Array, true)
#3 /Applications/MAMP/htdocs/kerako/wp-content/themes/themeKerako/woocommerce.php(11): get_footer()
#4 /Applications/MAMP/htdocs/kerako/wp-includes/template-loader.php(98): include('/Applications/M...')
#5 /Applications/MAMP/htdocs/kerako/wp-blog-header.php(19): require_once('/Applications/M...')
#6 /Applications/MAMP/htdocs/kerako/index.php(17): require('/Applications/M...')
#7 {main}
  thrown dans /Applications/MAMP/htdocs/kerako/wp-content/themes/themeKerako/footer.php à la ligne 50

2020-01-19T20:54:20+00:00 CRITICAL Uncaught Error: Call to undefined function get_template_directory_rri() in /Applications/MAMP/htdocs/kerako/wp-content/themes/themeKerako/footer.php:50
Stack trace:
#0 /Applications/MAMP/htdocs/kerako/wp-includes/template.php(722): require_once()
#1 /Applications/MAMP/htdocs/kerako/wp-includes/template.php(671): load_template('/Applications/M...', true)
#2 /Applications/MAMP/htdocs/kerako/wp-includes/general-template.php(76): locate_template(Array, true)
#3 /Applications/MAMP/htdocs/kerako/wp-content/themes/themeKerako/page.php(31): get_footer()
#4 /Applications/MAMP/htdocs/kerako/wp-includes/template-loader.php(98): include('/Applications/M...')
#5 /Applications/MAMP/htdocs/kerako/wp-blog-header.php(19): require_once('/Applications/M...')
#6 /Applications/MAMP/htdocs/kerako/index.php(17): require('/Applications/M...')
#7 {main}
  thrown dans /Applications/MAMP/htdocs/kerako/wp-content/themes/themeKerako/footer.php à la ligne 50

2020-01-19T20:54:27+00:00 CRITICAL Uncaught Error: Call to undefined function get_template_directory_rri() in /Applications/MAMP/htdocs/kerako/wp-content/themes/themeKerako/footer.php:50
Stack trace:
#0 /Applications/MAMP/htdocs/kerako/wp-includes/template.php(722): require_once()
#1 /Applications/MAMP/htdocs/kerako/wp-includes/template.php(671): load_template('/Applications/M...', true)
#2 /Applications/MAMP/htdocs/kerako/wp-includes/general-template.php(76): locate_template(Array, true)
#3 /Applications/MAMP/htdocs/kerako/wp-content/themes/themeKerako/page.php(31): get_footer()
#4 /Applications/MAMP/htdocs/kerako/wp-includes/template-loader.php(98): include('/Applications/M...')
#5 /Applications/MAMP/htdocs/kerako/wp-blog-header.php(19): require_once('/Applications/M...')
#6 /Applications/MAMP/htdocs/kerako/index.php(17): require('/Applications/M...')
#7 {main}
  thrown dans /Applications/MAMP/htdocs/kerako/wp-content/themes/themeKerako/footer.php à la ligne 50

2020-01-19T20:54:32+00:00 CRITICAL Uncaught Error: Call to undefined function get_template_directory_rri() in /Applications/MAMP/htdocs/kerako/wp-content/themes/themeKerako/footer.php:50
Stack trace:
#0 /Applications/MAMP/htdocs/kerako/wp-includes/template.php(722): require_once()
#1 /Applications/MAMP/htdocs/kerako/wp-includes/template.php(671): load_template('/Applications/M...', true)
#2 /Applications/MAMP/htdocs/kerako/wp-includes/general-template.php(76): locate_template(Array, true)
#3 /Applications/MAMP/htdocs/kerako/wp-content/themes/themeKerako/page.php(31): get_footer()
#4 /Applications/MAMP/htdocs/kerako/wp-includes/template-loader.php(98): include('/Applications/M...')
#5 /Applications/MAMP/htdocs/kerako/wp-blog-header.php(19): require_once('/Applications/M...')
#6 /Applications/MAMP/htdocs/kerako/index.php(17): require('/Applications/M...')
#7 {main}
  thrown dans /Applications/MAMP/htdocs/kerako/wp-content/themes/themeKerako/footer.php à la ligne 50

2020-01-19T20:55:08+00:00 CRITICAL Uncaught Error: Call to undefined function get_template_directory_rri() in /Applications/MAMP/htdocs/kerako/wp-content/themes/themeKerako/footer.php:50
Stack trace:
#0 /Applications/MAMP/htdocs/kerako/wp-includes/template.php(722): require_once()
#1 /Applications/MAMP/htdocs/kerako/wp-includes/template.php(671): load_template('/Applications/M...', true)
#2 /Applications/MAMP/htdocs/kerako/wp-includes/general-template.php(76): locate_template(Array, true)
#3 /Applications/MAMP/htdocs/kerako/wp-content/themes/themeKerako/page.php(31): get_footer()
#4 /Applications/MAMP/htdocs/kerako/wp-includes/template-loader.php(98): include('/Applications/M...')
#5 /Applications/MAMP/htdocs/kerako/wp-blog-header.php(19): require_once('/Applications/M...')
#6 /Applications/MAMP/htdocs/kerako/index.php(17): require('/Applications/M...')
#7 {main}
  thrown dans /Applications/MAMP/htdocs/kerako/wp-content/themes/themeKerako/footer.php à la ligne 50

2020-01-19T20:55:44+00:00 CRITICAL Uncaught Error: Call to undefined function get_template_directory_rri() in /Applications/MAMP/htdocs/kerako/wp-content/themes/themeKerako/footer.php:50
Stack trace:
#0 /Applications/MAMP/htdocs/kerako/wp-includes/template.php(722): require_once()
#1 /Applications/MAMP/htdocs/kerako/wp-includes/template.php(671): load_template('/Applications/M...', true)
#2 /Applications/MAMP/htdocs/kerako/wp-includes/general-template.php(76): locate_template(Array, true)
#3 /Applications/MAMP/htdocs/kerako/wp-content/themes/themeKerako/woocommerce.php(11): get_footer()
#4 /Applications/MAMP/htdocs/kerako/wp-includes/template-loader.php(98): include('/Applications/M...')
#5 /Applications/MAMP/htdocs/kerako/wp-blog-header.php(19): require_once('/Applications/M...')
#6 /Applications/MAMP/htdocs/kerako/index.php(17): require('/Applications/M...')
#7 {main}
  thrown dans /Applications/MAMP/htdocs/kerako/wp-content/themes/themeKerako/footer.php à la ligne 50

2020-01-19T20:56:39+00:00 CRITICAL Uncaught Error: Call to undefined function get_template_directory_rri() in /Applications/MAMP/htdocs/kerako/wp-content/themes/themeKerako/footer.php:50
Stack trace:
#0 /Applications/MAMP/htdocs/kerako/wp-includes/template.php(722): require_once()
#1 /Applications/MAMP/htdocs/kerako/wp-includes/template.php(671): load_template('/Applications/M...', true)
#2 /Applications/MAMP/htdocs/kerako/wp-includes/general-template.php(76): locate_template(Array, true)
#3 /Applications/MAMP/htdocs/kerako/wp-content/themes/themeKerako/page.php(31): get_footer()
#4 /Applications/MAMP/htdocs/kerako/wp-includes/template-loader.php(98): include('/Applications/M...')
#5 /Applications/MAMP/htdocs/kerako/wp-blog-header.php(19): require_once('/Applications/M...')
#6 /Applications/MAMP/htdocs/kerako/index.php(17): require('/Applications/M...')
#7 {main}
  thrown dans /Applications/MAMP/htdocs/kerako/wp-content/themes/themeKerako/footer.php à la ligne 50

2020-01-19T20:56:55+00:00 CRITICAL Uncaught Error: Call to undefined function get_template_directory_rri() in /Applications/MAMP/htdocs/kerako/wp-content/themes/themeKerako/footer.php:50
Stack trace:
#0 /Applications/MAMP/htdocs/kerako/wp-includes/template.php(722): require_once()
#1 /Applications/MAMP/htdocs/kerako/wp-includes/template.php(671): load_template('/Applications/M...', true)
#2 /Applications/MAMP/htdocs/kerako/wp-includes/general-template.php(76): locate_template(Array, true)
#3 /Applications/MAMP/htdocs/kerako/wp-content/themes/themeKerako/page.php(31): get_footer()
#4 /Applications/MAMP/htdocs/kerako/wp-includes/template-loader.php(98): include('/Applications/M...')
#5 /Applications/MAMP/htdocs/kerako/wp-blog-header.php(19): require_once('/Applications/M...')
#6 /Applications/MAMP/htdocs/kerako/index.php(17): require('/Applications/M...')
#7 {main}
  thrown dans /Applications/MAMP/htdocs/kerako/wp-content/themes/themeKerako/footer.php à la ligne 50

2020-01-19T20:56:58+00:00 CRITICAL Uncaught Error: Call to undefined function get_template_directory_rri() in /Applications/MAMP/htdocs/kerako/wp-content/themes/themeKerako/footer.php:50
Stack trace:
#0 /Applications/MAMP/htdocs/kerako/wp-includes/template.php(722): require_once()
#1 /Applications/MAMP/htdocs/kerako/wp-includes/template.php(671): load_template('/Applications/M...', true)
#2 /Applications/MAMP/htdocs/kerako/wp-includes/general-template.php(76): locate_template(Array, true)
#3 /Applications/MAMP/htdocs/kerako/wp-content/themes/themeKerako/page.php(31): get_footer()
#4 /Applications/MAMP/htdocs/kerako/wp-includes/template-loader.php(98): include('/Applications/M...')
#5 /Applications/MAMP/htdocs/kerako/wp-blog-header.php(19): require_once('/Applications/M...')
#6 /Applications/MAMP/htdocs/kerako/index.php(17): require('/Applications/M...')
#7 {main}
  thrown dans /Applications/MAMP/htdocs/kerako/wp-content/themes/themeKerako/footer.php à la ligne 50

2020-01-19T20:57:02+00:00 CRITICAL Uncaught Error: Call to undefined function get_template_directory_rri() in /Applications/MAMP/htdocs/kerako/wp-content/themes/themeKerako/footer.php:50
Stack trace:
#0 /Applications/MAMP/htdocs/kerako/wp-includes/template.php(722): require_once()
#1 /Applications/MAMP/htdocs/kerako/wp-includes/template.php(671): load_template('/Applications/M...', true)
#2 /Applications/MAMP/htdocs/kerako/wp-includes/general-template.php(76): locate_template(Array, true)
#3 /Applications/MAMP/htdocs/kerako/wp-content/themes/themeKerako/page.php(31): get_footer()
#4 /Applications/MAMP/htdocs/kerako/wp-includes/template-loader.php(98): include('/Applications/M...')
#5 /Applications/MAMP/htdocs/kerako/wp-blog-header.php(19): require_once('/Applications/M...')
#6 /Applications/MAMP/htdocs/kerako/index.php(17): require('/Applications/M...')
#7 {main}
  thrown dans /Applications/MAMP/htdocs/kerako/wp-content/themes/themeKerako/footer.php à la ligne 50

2020-01-19T20:57:07+00:00 CRITICAL Uncaught Error: Call to undefined function get_template_directory_rri() in /Applications/MAMP/htdocs/kerako/wp-content/themes/themeKerako/footer.php:50
Stack trace:
#0 /Applications/MAMP/htdocs/kerako/wp-includes/template.php(722): require_once()
#1 /Applications/MAMP/htdocs/kerako/wp-includes/template.php(671): load_template('/Applications/M...', true)
#2 /Applications/MAMP/htdocs/kerako/wp-includes/general-template.php(76): locate_template(Array, true)
#3 /Applications/MAMP/htdocs/kerako/wp-content/themes/themeKerako/page.php(31): get_footer()
#4 /Applications/MAMP/htdocs/kerako/wp-includes/template-loader.php(98): include('/Applications/M...')
#5 /Applications/MAMP/htdocs/kerako/wp-blog-header.php(19): require_once('/Applications/M...')
#6 /Applications/MAMP/htdocs/kerako/index.php(17): require('/Applications/M...')
#7 {main}
  thrown dans /Applications/MAMP/htdocs/kerako/wp-content/themes/themeKerako/footer.php à la ligne 50

2020-01-19T20:57:12+00:00 CRITICAL Uncaught Error: Call to undefined function get_template_directory_rri() in /Applications/MAMP/htdocs/kerako/wp-content/themes/themeKerako/footer.php:50
Stack trace:
#0 /Applications/MAMP/htdocs/kerako/wp-includes/template.php(722): require_once()
#1 /Applications/MAMP/htdocs/kerako/wp-includes/template.php(671): load_template('/Applications/M...', true)
#2 /Applications/MAMP/htdocs/kerako/wp-includes/general-template.php(76): locate_template(Array, true)
#3 /Applications/MAMP/htdocs/kerako/wp-content/themes/themeKerako/page.php(31): get_footer()
#4 /Applications/MAMP/htdocs/kerako/wp-includes/template-loader.php(98): include('/Applications/M...')
#5 /Applications/MAMP/htdocs/kerako/wp-blog-header.php(19): require_once('/Applications/M...')
#6 /Applications/MAMP/htdocs/kerako/index.php(17): require('/Applications/M...')
#7 {main}
  thrown dans /Applications/MAMP/htdocs/kerako/wp-content/themes/themeKerako/footer.php à la ligne 50

2020-01-19T20:57:24+00:00 CRITICAL Uncaught Error: Call to undefined function get_template_directory_rri() in /Applications/MAMP/htdocs/kerako/wp-content/themes/themeKerako/footer.php:50
Stack trace:
#0 /Applications/MAMP/htdocs/kerako/wp-includes/template.php(722): require_once()
#1 /Applications/MAMP/htdocs/kerako/wp-includes/template.php(671): load_template('/Applications/M...', true)
#2 /Applications/MAMP/htdocs/kerako/wp-includes/general-template.php(76): locate_template(Array, true)
#3 /Applications/MAMP/htdocs/kerako/wp-content/themes/themeKerako/page.php(31): get_footer()
#4 /Applications/MAMP/htdocs/kerako/wp-includes/template-loader.php(98): include('/Applications/M...')
#5 /Applications/MAMP/htdocs/kerako/wp-blog-header.php(19): require_once('/Applications/M...')
#6 /Applications/MAMP/htdocs/kerako/index.php(17): require('/Applications/M...')
#7 {main}
  thrown dans /Applications/MAMP/htdocs/kerako/wp-content/themes/themeKerako/footer.php à la ligne 50

2020-01-19T20:57:29+00:00 CRITICAL Uncaught Error: Call to undefined function get_template_directory_rri() in /Applications/MAMP/htdocs/kerako/wp-content/themes/themeKerako/footer.php:50
Stack trace:
#0 /Applications/MAMP/htdocs/kerako/wp-includes/template.php(722): require_once()
#1 /Applications/MAMP/htdocs/kerako/wp-includes/template.php(671): load_template('/Applications/M...', true)
#2 /Applications/MAMP/htdocs/kerako/wp-includes/general-template.php(76): locate_template(Array, true)
#3 /Applications/MAMP/htdocs/kerako/wp-content/themes/themeKerako/page.php(31): get_footer()
#4 /Applications/MAMP/htdocs/kerako/wp-includes/template-loader.php(98): include('/Applications/M...')
#5 /Applications/MAMP/htdocs/kerako/wp-blog-header.php(19): require_once('/Applications/M...')
#6 /Applications/MAMP/htdocs/kerako/index.php(17): require('/Applications/M...')
#7 {main}
  thrown dans /Applications/MAMP/htdocs/kerako/wp-content/themes/themeKerako/footer.php à la ligne 50

2020-01-19T20:57:45+00:00 CRITICAL Uncaught Error: Call to undefined function get_template_directory_rri() in /Applications/MAMP/htdocs/kerako/wp-content/themes/themeKerako/footer.php:50
Stack trace:
#0 /Applications/MAMP/htdocs/kerako/wp-includes/template.php(722): require_once()
#1 /Applications/MAMP/htdocs/kerako/wp-includes/template.php(671): load_template('/Applications/M...', true)
#2 /Applications/MAMP/htdocs/kerako/wp-includes/general-template.php(76): locate_template(Array, true)
#3 /Applications/MAMP/htdocs/kerako/wp-content/themes/themeKerako/page.php(31): get_footer()
#4 /Applications/MAMP/htdocs/kerako/wp-includes/template-loader.php(98): include('/Applications/M...')
#5 /Applications/MAMP/htdocs/kerako/wp-blog-header.php(19): require_once('/Applications/M...')
#6 /Applications/MAMP/htdocs/kerako/index.php(17): require('/Applications/M...')
#7 {main}
  thrown dans /Applications/MAMP/htdocs/kerako/wp-content/themes/themeKerako/footer.php à la ligne 50

